<?xml version="1.0" encoding="UTF-8"?>
<coverage generated="1751422629022" clover="3.2.0">
  <project timestamp="1751422629022" name="All files">
    <metrics statements="59" coveredstatements="36" conditionals="52" coveredconditionals="28" methods="6" coveredmethods="4" elements="117" coveredelements="68" complexity="0" loc="59" ncloc="59" packages="1" files="1" classes="1"/>
    <file name="usuario.services.js" path="/home/matius/Escritorio/A-C-Soluciones/Backend/src/services/usuario.services.js">
      <metrics statements="59" coveredstatements="36" conditionals="52" coveredconditionals="28" methods="6" coveredmethods="4"/>
      <line num="11" count="4" type="stmt"/>
      <line num="13" count="4" type="cond" truecount="3" falsecount="1"/>
      <line num="14" count="0" type="stmt"/>
      <line num="17" count="4" type="stmt"/>
      <line num="32" count="4" type="cond" truecount="3" falsecount="0"/>
      <line num="33" count="4" type="cond" truecount="2" falsecount="0"/>
      <line num="34" count="1" type="stmt"/>
      <line num="38" count="3" type="cond" truecount="2" falsecount="3"/>
      <line num="39" count="0" type="stmt"/>
      <line num="43" count="3" type="cond" truecount="2" falsecount="0"/>
      <line num="44" count="1" type="stmt"/>
      <line num="47" count="2" type="stmt"/>
      <line num="48" count="2" type="cond" truecount="2" falsecount="0"/>
      <line num="49" count="1" type="stmt"/>
      <line num="55" count="1" type="stmt"/>
      <line num="67" count="1" type="stmt"/>
      <line num="78" count="3" type="stmt"/>
      <line num="83" count="3" type="stmt"/>
      <line num="88" count="3" type="stmt"/>
      <line num="89" count="3" type="stmt"/>
      <line num="92" count="2" type="cond" truecount="5" falsecount="0"/>
      <line num="93" count="1" type="stmt"/>
      <line num="96" count="1" type="stmt"/>
      <line num="98" count="2" type="stmt"/>
      <line num="103" count="2" type="stmt"/>
      <line num="109" count="2" type="cond" truecount="1" falsecount="1"/>
      <line num="110" count="0" type="stmt"/>
      <line num="113" count="2" type="stmt"/>
      <line num="115" count="2" type="stmt"/>
      <line num="116" count="2" type="cond" truecount="2" falsecount="0"/>
      <line num="118" count="1" type="stmt"/>
      <line num="119" count="1" type="stmt"/>
      <line num="121" count="1" type="stmt"/>
      <line num="126" count="1" type="stmt"/>
      <line num="127" count="1" type="stmt"/>
      <line num="129" count="1" type="stmt"/>
      <line num="131" count="1" type="stmt"/>
      <line num="159" count="0" type="stmt"/>
      <line num="160" count="0" type="stmt"/>
      <line num="161" count="0" type="cond" truecount="0" falsecount="2"/>
      <line num="163" count="0" type="cond" truecount="0" falsecount="2"/>
      <line num="168" count="0" type="stmt"/>
      <line num="171" count="0" type="stmt"/>
      <line num="172" count="0" type="stmt"/>
      <line num="182" count="0" type="cond" truecount="0" falsecount="2"/>
      <line num="183" count="0" type="stmt"/>
      <line num="185" count="0" type="stmt"/>
      <line num="187" count="0" type="stmt"/>
      <line num="188" count="0" type="cond" truecount="0" falsecount="2"/>
      <line num="190" count="0" type="stmt"/>
      <line num="191" count="0" type="stmt"/>
      <line num="193" count="0" type="cond" truecount="0" falsecount="2"/>
      <line num="195" count="0" type="cond" truecount="0" falsecount="2"/>
      <line num="196" count="0" type="stmt"/>
      <line num="199" count="0" type="cond" truecount="0" falsecount="2"/>
      <line num="200" count="0" type="stmt"/>
      <line num="203" count="0" type="stmt"/>
      <line num="209" count="2" type="stmt"/>
      <line num="214" count="2" type="cond" truecount="4" falsecount="0"/>
    </file>
  </project>
</coverage>
