{"C:\\Users\\USUARIO\\Desktop\\A-C-Soluciones\\Backend\\src\\controllers\\Historial_services.controller.js": {"path":"C:\\Users\\USUARIO\\Desktop\\A-C-Soluciones\\Backend\\src\\controllers\\Historial_services.controller.js","statementMap":{"0":{"start":{"line":5,"column":4},"end":{"line":5,"column":67}},"1":{"start":{"line":8,"column":26},"end":{"line":16,"column":3}},"2":{"start":{"line":9,"column":4},"end":{"line":15,"column":5}},"3":{"start":{"line":10,"column":24},"end":{"line":10,"column":44}},"4":{"start":{"line":11,"column":24},"end":{"line":11,"column":92}},"5":{"start":{"line":12,"column":6},"end":{"line":12,"column":51}},"6":{"start":{"line":14,"column":6},"end":{"line":14,"column":71}}},"fnMap":{"0":{"name":"(anonymous_0)","decl":{"start":{"line":4,"column":2},"end":{"line":4,"column":3}},"loc":{"start":{"line":4,"column":16},"end":{"line":6,"column":3}},"line":4},"1":{"name":"(anonymous_1)","decl":{"start":{"line":8,"column":26},"end":{"line":8,"column":27}},"loc":{"start":{"line":8,"column":46},"end":{"line":16,"column":3}},"line":8}},"branchMap":{},"s":{"0":4,"1":4,"2":4,"3":4,"4":4,"5":3,"6":1},"f":{"0":4,"1":4},"b":{},"_coverageSchema":"1a1c01bbd47fc00a2c39e90264f33305004495a9","hash":"e5767c96746e85562828831c9ddd558e22abc677"}
,"C:\\Users\\USUARIO\\Desktop\\A-C-Soluciones\\Backend\\src\\controllers\\administrador.controller.js": {"path":"C:\\Users\\USUARIO\\Desktop\\A-C-Soluciones\\Backend\\src\\controllers\\administrador.controller.js","statementMap":{"0":{"start":{"line":7,"column":4},"end":{"line":7,"column":43}},"1":{"start":{"line":9,"column":15},"end":{"line":41,"column":3}},"2":{"start":{"line":10,"column":4},"end":{"line":40,"column":5}},"3":{"start":{"line":11,"column":52},"end":{"line":11,"column":60}},"4":{"start":{"line":12,"column":29},"end":{"line":13,"column":73}},"5":{"start":{"line":14,"column":6},"end":{"line":18,"column":7}},"6":{"start":{"line":15,"column":8},"end":{"line":17,"column":11}},"7":{"start":{"line":19,"column":25},"end":{"line":19,"column":69}},"8":{"start":{"line":20,"column":6},"end":{"line":23,"column":9}},"9":{"start":{"line":25,"column":6},"end":{"line":25,"column":51}},"10":{"start":{"line":26,"column":6},"end":{"line":35,"column":7}},"11":{"start":{"line":27,"column":28},"end":{"line":27,"column":30}},"12":{"start":{"line":28,"column":8},"end":{"line":32,"column":9}},"13":{"start":{"line":29,"column":10},"end":{"line":31,"column":11}},"14":{"start":{"line":30,"column":12},"end":{"line":30,"column":48}},"15":{"start":{"line":34,"column":8},"end":{"line":34,"column":61}},"16":{"start":{"line":36,"column":6},"end":{"line":39,"column":9}},"17":{"start":{"line":42,"column":22},"end":{"line":60,"column":3}},"18":{"start":{"line":43,"column":4},"end":{"line":59,"column":5}},"19":{"start":{"line":44,"column":20},"end":{"line":44,"column":76}},"20":{"start":{"line":46,"column":6},"end":{"line":50,"column":7}},"21":{"start":{"line":47,"column":8},"end":{"line":49,"column":11}},"22":{"start":{"line":51,"column":31},"end":{"line":51,"column":73}},"23":{"start":{"line":52,"column":6},"end":{"line":52,"column":52}},"24":{"start":{"line":54,"column":6},"end":{"line":54,"column":58}},"25":{"start":{"line":55,"column":6},"end":{"line":58,"column":9}},"26":{"start":{"line":61,"column":26},"end":{"line":72,"column":3}},"27":{"start":{"line":62,"column":4},"end":{"line":71,"column":5}},"28":{"start":{"line":63,"column":20},"end":{"line":63,"column":91}},"29":{"start":{"line":64,"column":6},"end":{"line":66,"column":7}},"30":{"start":{"line":65,"column":8},"end":{"line":65,"column":80}},"31":{"start":{"line":67,"column":6},"end":{"line":67,"column":45}},"32":{"start":{"line":69,"column":6},"end":{"line":69,"column":27}},"33":{"start":{"line":70,"column":6},"end":{"line":70,"column":84}},"34":{"start":{"line":73,"column":26},"end":{"line":88,"column":3}},"35":{"start":{"line":74,"column":4},"end":{"line":87,"column":5}},"36":{"start":{"line":75,"column":20},"end":{"line":75,"column":96}},"37":{"start":{"line":76,"column":6},"end":{"line":78,"column":7}},"38":{"start":{"line":77,"column":8},"end":{"line":77,"column":80}},"39":{"start":{"line":79,"column":31},"end":{"line":79,"column":73}},"40":{"start":{"line":80,"column":6},"end":{"line":80,"column":52}},"41":{"start":{"line":82,"column":6},"end":{"line":82,"column":62}},"42":{"start":{"line":83,"column":6},"end":{"line":86,"column":9}},"43":{"start":{"line":89,"column":18},"end":{"line":105,"column":3}},"44":{"start":{"line":90,"column":4},"end":{"line":104,"column":5}},"45":{"start":{"line":91,"column":21},"end":{"line":91,"column":60}},"46":{"start":{"line":92,"column":32},"end":{"line":96,"column":8}},"47":{"start":{"line":93,"column":26},"end":{"line":93,"column":37}},"48":{"start":{"line":94,"column":8},"end":{"line":94,"column":37}},"49":{"start":{"line":95,"column":8},"end":{"line":95,"column":25}},"50":{"start":{"line":97,"column":6},"end":{"line":97,"column":53}},"51":{"start":{"line":99,"column":6},"end":{"line":99,"column":54}},"52":{"start":{"line":100,"column":6},"end":{"line":103,"column":9}},"53":{"start":{"line":106,"column":20},"end":{"line":137,"column":3}},"54":{"start":{"line":107,"column":4},"end":{"line":136,"column":5}},"55":{"start":{"line":108,"column":31},"end":{"line":111,"column":7}},"56":{"start":{"line":112,"column":6},"end":{"line":114,"column":7}},"57":{"start":{"line":113,"column":8},"end":{"line":113,"column":80}},"58":{"start":{"line":115,"column":31},"end":{"line":115,"column":84}},"59":{"start":{"line":116,"column":6},"end":{"line":119,"column":9}},"60":{"start":{"line":121,"column":6},"end":{"line":121,"column":56}},"61":{"start":{"line":122,"column":6},"end":{"line":131,"column":7}},"62":{"start":{"line":123,"column":28},"end":{"line":123,"column":30}},"63":{"start":{"line":124,"column":8},"end":{"line":128,"column":9}},"64":{"start":{"line":125,"column":10},"end":{"line":127,"column":11}},"65":{"start":{"line":126,"column":12},"end":{"line":126,"column":48}},"66":{"start":{"line":130,"column":8},"end":{"line":130,"column":61}},"67":{"start":{"line":132,"column":6},"end":{"line":135,"column":9}},"68":{"start":{"line":138,"column":18},"end":{"line":155,"column":3}},"69":{"start":{"line":139,"column":4},"end":{"line":154,"column":5}},"70":{"start":{"line":140,"column":29},"end":{"line":140,"column":81}},"71":{"start":{"line":142,"column":6},"end":{"line":144,"column":7}},"72":{"start":{"line":143,"column":8},"end":{"line":143,"column":80}},"73":{"start":{"line":145,"column":6},"end":{"line":147,"column":9}},"74":{"start":{"line":149,"column":6},"end":{"line":149,"column":54}},"75":{"start":{"line":150,"column":6},"end":{"line":153,"column":9}},"76":{"start":{"line":156,"column":20},"end":{"line":182,"column":3}},"77":{"start":{"line":157,"column":4},"end":{"line":181,"column":5}},"78":{"start":{"line":158,"column":50},"end":{"line":158,"column":58}},"79":{"start":{"line":160,"column":20},"end":{"line":163,"column":7}},"80":{"start":{"line":164,"column":20},"end":{"line":164,"column":44}},"81":{"start":{"line":165,"column":6},"end":{"line":174,"column":9}},"82":{"start":{"line":176,"column":6},"end":{"line":176,"column":56}},"83":{"start":{"line":177,"column":6},"end":{"line":180,"column":9}}},"fnMap":{"0":{"name":"(anonymous_0)","decl":{"start":{"line":6,"column":2},"end":{"line":6,"column":3}},"loc":{"start":{"line":6,"column":16},"end":{"line":8,"column":3}},"line":6},"1":{"name":"(anonymous_1)","decl":{"start":{"line":9,"column":15},"end":{"line":9,"column":16}},"loc":{"start":{"line":9,"column":35},"end":{"line":41,"column":3}},"line":9},"2":{"name":"(anonymous_2)","decl":{"start":{"line":42,"column":22},"end":{"line":42,"column":23}},"loc":{"start":{"line":42,"column":42},"end":{"line":60,"column":3}},"line":42},"3":{"name":"(anonymous_3)","decl":{"start":{"line":61,"column":26},"end":{"line":61,"column":27}},"loc":{"start":{"line":61,"column":46},"end":{"line":72,"column":3}},"line":61},"4":{"name":"(anonymous_4)","decl":{"start":{"line":73,"column":26},"end":{"line":73,"column":27}},"loc":{"start":{"line":73,"column":46},"end":{"line":88,"column":3}},"line":73},"5":{"name":"(anonymous_5)","decl":{"start":{"line":89,"column":18},"end":{"line":89,"column":19}},"loc":{"start":{"line":89,"column":38},"end":{"line":105,"column":3}},"line":89},"6":{"name":"(anonymous_6)","decl":{"start":{"line":92,"column":43},"end":{"line":92,"column":44}},"loc":{"start":{"line":92,"column":52},"end":{"line":96,"column":7}},"line":92},"7":{"name":"(anonymous_7)","decl":{"start":{"line":106,"column":20},"end":{"line":106,"column":21}},"loc":{"start":{"line":106,"column":40},"end":{"line":137,"column":3}},"line":106},"8":{"name":"(anonymous_8)","decl":{"start":{"line":138,"column":18},"end":{"line":138,"column":19}},"loc":{"start":{"line":138,"column":38},"end":{"line":155,"column":3}},"line":138},"9":{"name":"(anonymous_9)","decl":{"start":{"line":156,"column":20},"end":{"line":156,"column":21}},"loc":{"start":{"line":156,"column":40},"end":{"line":182,"column":3}},"line":156}},"branchMap":{"0":{"loc":{"start":{"line":12,"column":29},"end":{"line":13,"column":73}},"type":"binary-expr","locations":[{"start":{"line":12,"column":29},"end":{"line":12,"column":89}},{"start":{"line":13,"column":8},"end":{"line":13,"column":73}}],"line":12},"1":{"loc":{"start":{"line":14,"column":6},"end":{"line":18,"column":7}},"type":"if","locations":[{"start":{"line":14,"column":6},"end":{"line":18,"column":7}},{"start":{},"end":{}}],"line":14},"2":{"loc":{"start":{"line":26,"column":6},"end":{"line":35,"column":7}},"type":"if","locations":[{"start":{"line":26,"column":6},"end":{"line":35,"column":7}},{"start":{},"end":{}}],"line":26},"3":{"loc":{"start":{"line":29,"column":10},"end":{"line":31,"column":11}},"type":"if","locations":[{"start":{"line":29,"column":10},"end":{"line":31,"column":11}},{"start":{},"end":{}}],"line":29},"4":{"loc":{"start":{"line":46,"column":6},"end":{"line":50,"column":7}},"type":"if","locations":[{"start":{"line":46,"column":6},"end":{"line":50,"column":7}},{"start":{},"end":{}}],"line":46},"5":{"loc":{"start":{"line":64,"column":6},"end":{"line":66,"column":7}},"type":"if","locations":[{"start":{"line":64,"column":6},"end":{"line":66,"column":7}},{"start":{},"end":{}}],"line":64},"6":{"loc":{"start":{"line":76,"column":6},"end":{"line":78,"column":7}},"type":"if","locations":[{"start":{"line":76,"column":6},"end":{"line":78,"column":7}},{"start":{},"end":{}}],"line":76},"7":{"loc":{"start":{"line":112,"column":6},"end":{"line":114,"column":7}},"type":"if","locations":[{"start":{"line":112,"column":6},"end":{"line":114,"column":7}},{"start":{},"end":{}}],"line":112},"8":{"loc":{"start":{"line":122,"column":6},"end":{"line":131,"column":7}},"type":"if","locations":[{"start":{"line":122,"column":6},"end":{"line":131,"column":7}},{"start":{},"end":{}}],"line":122},"9":{"loc":{"start":{"line":125,"column":10},"end":{"line":127,"column":11}},"type":"if","locations":[{"start":{"line":125,"column":10},"end":{"line":127,"column":11}},{"start":{},"end":{}}],"line":125},"10":{"loc":{"start":{"line":142,"column":6},"end":{"line":144,"column":7}},"type":"if","locations":[{"start":{"line":142,"column":6},"end":{"line":144,"column":7}},{"start":{},"end":{}}],"line":142}},"s":{"0":24,"1":24,"2":4,"3":4,"4":4,"5":2,"6":1,"7":1,"8":1,"9":2,"10":2,"11":1,"12":1,"13":1,"14":1,"15":1,"16":1,"17":24,"18":3,"19":3,"20":2,"21":1,"22":1,"23":1,"24":1,"25":1,"26":24,"27":3,"28":3,"29":2,"30":1,"31":1,"32":1,"33":1,"34":24,"35":3,"36":3,"37":2,"38":1,"39":1,"40":1,"41":1,"42":1,"43":24,"44":2,"45":2,"46":1,"47":2,"48":2,"49":2,"50":1,"51":1,"52":1,"53":24,"54":4,"55":4,"56":2,"57":1,"58":1,"59":1,"60":2,"61":2,"62":1,"63":1,"64":1,"65":1,"66":1,"67":1,"68":24,"69":3,"70":3,"71":2,"72":1,"73":1,"74":1,"75":1,"76":24,"77":2,"78":2,"79":2,"80":1,"81":1,"82":1,"83":1},"f":{"0":24,"1":4,"2":3,"3":3,"4":3,"5":2,"6":2,"7":4,"8":3,"9":2},"b":{"0":[4,1],"1":[1,1],"2":[1,1],"3":[1,0],"4":[1,1],"5":[1,1],"6":[1,1],"7":[1,1],"8":[1,1],"9":[1,0],"10":[1,1]},"_coverageSchema":"1a1c01bbd47fc00a2c39e90264f33305004495a9","hash":"3dc057e430b7570c842fe900e2aae5e638136e20"}
,"C:\\Users\\USUARIO\\Desktop\\A-C-Soluciones\\Backend\\src\\controllers\\chatbot.controller.js": {"path":"C:\\Users\\USUARIO\\Desktop\\A-C-Soluciones\\Backend\\src\\controllers\\chatbot.controller.js","statementMap":{"0":{"start":{"line":6,"column":28},"end":{"line":32,"column":1}},"1":{"start":{"line":7,"column":2},"end":{"line":31,"column":3}},"2":{"start":{"line":8,"column":33},"end":{"line":8,"column":41}},"3":{"start":{"line":10,"column":4},"end":{"line":12,"column":5}},"4":{"start":{"line":11,"column":6},"end":{"line":11,"column":56}},"5":{"start":{"line":14,"column":23},"end":{"line":14,"column":44}},"6":{"start":{"line":16,"column":22},"end":{"line":16,"column":63}},"7":{"start":{"line":19,"column":4},"end":{"line":21,"column":5}},"8":{"start":{"line":20,"column":6},"end":{"line":20,"column":55}},"9":{"start":{"line":23,"column":4},"end":{"line":26,"column":7}},"10":{"start":{"line":29,"column":4},"end":{"line":29,"column":43}},"11":{"start":{"line":30,"column":4},"end":{"line":30,"column":53}},"12":{"start":{"line":34,"column":25},"end":{"line":48,"column":1}},"13":{"start":{"line":35,"column":2},"end":{"line":47,"column":3}},"14":{"start":{"line":36,"column":35},"end":{"line":36,"column":43}},"15":{"start":{"line":38,"column":4},"end":{"line":40,"column":5}},"16":{"start":{"line":39,"column":6},"end":{"line":39,"column":64}},"17":{"start":{"line":42,"column":24},"end":{"line":42,"column":79}},"18":{"start":{"line":43,"column":4},"end":{"line":43,"column":77}},"19":{"start":{"line":45,"column":4},"end":{"line":45,"column":50}},"20":{"start":{"line":46,"column":4},"end":{"line":46,"column":53}},"21":{"start":{"line":50,"column":29},"end":{"line":53,"column":1}},"22":{"start":{"line":51,"column":21},"end":{"line":51,"column":64}},"23":{"start":{"line":52,"column":2},"end":{"line":52,"column":23}},"24":{"start":{"line":56,"column":32},"end":{"line":65,"column":1}},"25":{"start":{"line":57,"column":2},"end":{"line":64,"column":3}},"26":{"start":{"line":58,"column":38},"end":{"line":58,"column":46}},"27":{"start":{"line":59,"column":4},"end":{"line":59,"column":75}},"28":{"start":{"line":60,"column":4},"end":{"line":60,"column":59}},"29":{"start":{"line":62,"column":4},"end":{"line":62,"column":56}},"30":{"start":{"line":63,"column":4},"end":{"line":63,"column":67}}},"fnMap":{"0":{"name":"(anonymous_0)","decl":{"start":{"line":6,"column":28},"end":{"line":6,"column":29}},"loc":{"start":{"line":6,"column":48},"end":{"line":32,"column":1}},"line":6},"1":{"name":"(anonymous_1)","decl":{"start":{"line":34,"column":25},"end":{"line":34,"column":26}},"loc":{"start":{"line":34,"column":45},"end":{"line":48,"column":1}},"line":34},"2":{"name":"(anonymous_2)","decl":{"start":{"line":50,"column":29},"end":{"line":50,"column":30}},"loc":{"start":{"line":50,"column":49},"end":{"line":53,"column":1}},"line":50},"3":{"name":"(anonymous_3)","decl":{"start":{"line":56,"column":32},"end":{"line":56,"column":33}},"loc":{"start":{"line":56,"column":52},"end":{"line":65,"column":1}},"line":56}},"branchMap":{"0":{"loc":{"start":{"line":10,"column":4},"end":{"line":12,"column":5}},"type":"if","locations":[{"start":{"line":10,"column":4},"end":{"line":12,"column":5}},{"start":{},"end":{}}],"line":10},"1":{"loc":{"start":{"line":19,"column":4},"end":{"line":21,"column":5}},"type":"if","locations":[{"start":{"line":19,"column":4},"end":{"line":21,"column":5}},{"start":{},"end":{}}],"line":19},"2":{"loc":{"start":{"line":38,"column":4},"end":{"line":40,"column":5}},"type":"if","locations":[{"start":{"line":38,"column":4},"end":{"line":40,"column":5}},{"start":{},"end":{}}],"line":38},"3":{"loc":{"start":{"line":38,"column":8},"end":{"line":38,"column":70}},"type":"binary-expr","locations":[{"start":{"line":38,"column":8},"end":{"line":38,"column":17}},{"start":{"line":38,"column":21},"end":{"line":38,"column":45}},{"start":{"line":38,"column":49},"end":{"line":38,"column":70}}],"line":38}},"s":{"0":1,"1":3,"2":3,"3":3,"4":2,"5":3,"6":3,"7":2,"8":1,"9":2,"10":1,"11":1,"12":1,"13":3,"14":3,"15":3,"16":1,"17":2,"18":1,"19":1,"20":1,"21":1,"22":1,"23":1,"24":1,"25":2,"26":2,"27":2,"28":1,"29":1,"30":1},"f":{"0":3,"1":3,"2":1,"3":2},"b":{"0":[2,1],"1":[1,1],"2":[1,2],"3":[3,2,2]},"_coverageSchema":"1a1c01bbd47fc00a2c39e90264f33305004495a9","hash":"e5f2b826df9baaead81a567b7402e691d579b4b7"}
,"C:\\Users\\USUARIO\\Desktop\\A-C-Soluciones\\Backend\\src\\controllers\\cliente.controller.js": {"path":"C:\\Users\\USUARIO\\Desktop\\A-C-Soluciones\\Backend\\src\\controllers\\cliente.controller.js","statementMap":{"0":{"start":{"line":9,"column":8},"end":{"line":9,"column":45}},"1":{"start":{"line":10,"column":8},"end":{"line":10,"column":69}},"2":{"start":{"line":11,"column":21},"end":{"line":37,"column":5}},"3":{"start":{"line":12,"column":8},"end":{"line":36,"column":9}},"4":{"start":{"line":13,"column":41},"end":{"line":13,"column":49}},"5":{"start":{"line":14,"column":37},"end":{"line":14,"column":104}},"6":{"start":{"line":16,"column":12},"end":{"line":18,"column":13}},"7":{"start":{"line":17,"column":16},"end":{"line":17,"column":91}},"8":{"start":{"line":19,"column":33},"end":{"line":19,"column":81}},"9":{"start":{"line":20,"column":12},"end":{"line":20,"column":54}},"10":{"start":{"line":23,"column":12},"end":{"line":23,"column":33}},"11":{"start":{"line":25,"column":12},"end":{"line":34,"column":13}},"12":{"start":{"line":26,"column":36},"end":{"line":26,"column":38}},"13":{"start":{"line":27,"column":16},"end":{"line":31,"column":17}},"14":{"start":{"line":28,"column":20},"end":{"line":30,"column":21}},"15":{"start":{"line":29,"column":24},"end":{"line":29,"column":60}},"16":{"start":{"line":33,"column":16},"end":{"line":33,"column":69}},"17":{"start":{"line":35,"column":12},"end":{"line":35,"column":83}},"18":{"start":{"line":38,"column":26},"end":{"line":50,"column":5}},"19":{"start":{"line":39,"column":8},"end":{"line":49,"column":9}},"20":{"start":{"line":40,"column":28},"end":{"line":40,"column":88}},"21":{"start":{"line":41,"column":12},"end":{"line":43,"column":13}},"22":{"start":{"line":42,"column":16},"end":{"line":42,"column":83}},"23":{"start":{"line":44,"column":12},"end":{"line":44,"column":49}},"24":{"start":{"line":46,"column":12},"end":{"line":46,"column":33}},"25":{"start":{"line":48,"column":12},"end":{"line":48,"column":85}},"26":{"start":{"line":51,"column":30},"end":{"line":64,"column":5}},"27":{"start":{"line":52,"column":8},"end":{"line":63,"column":9}},"28":{"start":{"line":53,"column":28},"end":{"line":53,"column":106}},"29":{"start":{"line":55,"column":12},"end":{"line":57,"column":13}},"30":{"start":{"line":56,"column":16},"end":{"line":56,"column":82}},"31":{"start":{"line":58,"column":12},"end":{"line":58,"column":53}},"32":{"start":{"line":60,"column":12},"end":{"line":60,"column":33}},"33":{"start":{"line":62,"column":12},"end":{"line":62,"column":85}},"34":{"start":{"line":65,"column":30},"end":{"line":73,"column":5}},"35":{"start":{"line":66,"column":8},"end":{"line":72,"column":9}},"36":{"start":{"line":67,"column":29},"end":{"line":67,"column":80}},"37":{"start":{"line":68,"column":12},"end":{"line":68,"column":50}},"38":{"start":{"line":70,"column":12},"end":{"line":70,"column":33}},"39":{"start":{"line":71,"column":12},"end":{"line":71,"column":87}},"40":{"start":{"line":74,"column":29},"end":{"line":82,"column":5}},"41":{"start":{"line":75,"column":8},"end":{"line":81,"column":9}},"42":{"start":{"line":76,"column":29},"end":{"line":76,"column":79}},"43":{"start":{"line":77,"column":12},"end":{"line":77,"column":50}},"44":{"start":{"line":79,"column":12},"end":{"line":79,"column":33}},"45":{"start":{"line":80,"column":12},"end":{"line":80,"column":95}},"46":{"start":{"line":83,"column":24},"end":{"line":104,"column":5}},"47":{"start":{"line":84,"column":8},"end":{"line":103,"column":9}},"48":{"start":{"line":85,"column":39},"end":{"line":85,"column":107}},"49":{"start":{"line":86,"column":12},"end":{"line":88,"column":13}},"50":{"start":{"line":87,"column":16},"end":{"line":87,"column":83}},"51":{"start":{"line":89,"column":12},"end":{"line":89,"column":60}},"52":{"start":{"line":91,"column":12},"end":{"line":91,"column":33}},"53":{"start":{"line":92,"column":12},"end":{"line":101,"column":13}},"54":{"start":{"line":93,"column":36},"end":{"line":93,"column":38}},"55":{"start":{"line":94,"column":16},"end":{"line":98,"column":17}},"56":{"start":{"line":95,"column":20},"end":{"line":97,"column":21}},"57":{"start":{"line":96,"column":24},"end":{"line":96,"column":60}},"58":{"start":{"line":100,"column":16},"end":{"line":100,"column":69}},"59":{"start":{"line":102,"column":12},"end":{"line":102,"column":88}},"60":{"start":{"line":105,"column":22},"end":{"line":116,"column":5}},"61":{"start":{"line":106,"column":8},"end":{"line":115,"column":9}},"62":{"start":{"line":107,"column":37},"end":{"line":107,"column":93}},"63":{"start":{"line":108,"column":12},"end":{"line":110,"column":13}},"64":{"start":{"line":109,"column":16},"end":{"line":109,"column":83}},"65":{"start":{"line":111,"column":12},"end":{"line":111,"column":58}},"66":{"start":{"line":113,"column":12},"end":{"line":113,"column":33}},"67":{"start":{"line":114,"column":12},"end":{"line":114,"column":86}},"68":{"start":{"line":117,"column":29},"end":{"line":128,"column":5}},"69":{"start":{"line":118,"column":8},"end":{"line":127,"column":9}},"70":{"start":{"line":119,"column":28},"end":{"line":119,"column":107}},"71":{"start":{"line":120,"column":12},"end":{"line":122,"column":13}},"72":{"start":{"line":121,"column":16},"end":{"line":121,"column":83}},"73":{"start":{"line":123,"column":12},"end":{"line":123,"column":49}},"74":{"start":{"line":125,"column":12},"end":{"line":125,"column":33}},"75":{"start":{"line":126,"column":12},"end":{"line":126,"column":85}},"76":{"start":{"line":133,"column":25},"end":{"line":155,"column":5}},"77":{"start":{"line":134,"column":8},"end":{"line":154,"column":9}},"78":{"start":{"line":135,"column":30},"end":{"line":135,"column":41}},"79":{"start":{"line":136,"column":33},"end":{"line":136,"column":35}},"80":{"start":{"line":138,"column":12},"end":{"line":142,"column":15}},"81":{"start":{"line":139,"column":16},"end":{"line":141,"column":17}},"82":{"start":{"line":140,"column":20},"end":{"line":140,"column":58}},"83":{"start":{"line":144,"column":39},"end":{"line":144,"column":113}},"84":{"start":{"line":146,"column":12},"end":{"line":148,"column":13}},"85":{"start":{"line":147,"column":16},"end":{"line":147,"column":83}},"86":{"start":{"line":150,"column":12},"end":{"line":150,"column":60}},"87":{"start":{"line":152,"column":12},"end":{"line":152,"column":33}},"88":{"start":{"line":153,"column":12},"end":{"line":153,"column":99}}},"fnMap":{"0":{"name":"(anonymous_0)","decl":{"start":{"line":8,"column":4},"end":{"line":8,"column":5}},"loc":{"start":{"line":8,"column":55},"end":{"line":11,"column":5}},"line":8},"1":{"name":"(anonymous_1)","decl":{"start":{"line":11,"column":21},"end":{"line":11,"column":22}},"loc":{"start":{"line":11,"column":41},"end":{"line":37,"column":5}},"line":11},"2":{"name":"(anonymous_2)","decl":{"start":{"line":38,"column":26},"end":{"line":38,"column":27}},"loc":{"start":{"line":38,"column":46},"end":{"line":50,"column":5}},"line":38},"3":{"name":"(anonymous_3)","decl":{"start":{"line":51,"column":30},"end":{"line":51,"column":31}},"loc":{"start":{"line":51,"column":50},"end":{"line":64,"column":5}},"line":51},"4":{"name":"(anonymous_4)","decl":{"start":{"line":65,"column":30},"end":{"line":65,"column":31}},"loc":{"start":{"line":65,"column":50},"end":{"line":73,"column":5}},"line":65},"5":{"name":"(anonymous_5)","decl":{"start":{"line":74,"column":29},"end":{"line":74,"column":30}},"loc":{"start":{"line":74,"column":49},"end":{"line":82,"column":5}},"line":74},"6":{"name":"(anonymous_6)","decl":{"start":{"line":83,"column":24},"end":{"line":83,"column":25}},"loc":{"start":{"line":83,"column":44},"end":{"line":104,"column":5}},"line":83},"7":{"name":"(anonymous_7)","decl":{"start":{"line":105,"column":22},"end":{"line":105,"column":23}},"loc":{"start":{"line":105,"column":42},"end":{"line":116,"column":5}},"line":105},"8":{"name":"(anonymous_8)","decl":{"start":{"line":117,"column":29},"end":{"line":117,"column":30}},"loc":{"start":{"line":117,"column":49},"end":{"line":128,"column":5}},"line":117},"9":{"name":"(anonymous_9)","decl":{"start":{"line":133,"column":25},"end":{"line":133,"column":26}},"loc":{"start":{"line":133,"column":45},"end":{"line":155,"column":5}},"line":133},"10":{"name":"(anonymous_10)","decl":{"start":{"line":138,"column":44},"end":{"line":138,"column":45}},"loc":{"start":{"line":138,"column":55},"end":{"line":142,"column":13}},"line":138}},"branchMap":{"0":{"loc":{"start":{"line":8,"column":16},"end":{"line":8,"column":53}},"type":"default-arg","locations":[{"start":{"line":8,"column":33},"end":{"line":8,"column":53}}],"line":8},"1":{"loc":{"start":{"line":16,"column":12},"end":{"line":18,"column":13}},"type":"if","locations":[{"start":{"line":16,"column":12},"end":{"line":18,"column":13}},{"start":{},"end":{}}],"line":16},"2":{"loc":{"start":{"line":25,"column":12},"end":{"line":34,"column":13}},"type":"if","locations":[{"start":{"line":25,"column":12},"end":{"line":34,"column":13}},{"start":{},"end":{}}],"line":25},"3":{"loc":{"start":{"line":28,"column":20},"end":{"line":30,"column":21}},"type":"if","locations":[{"start":{"line":28,"column":20},"end":{"line":30,"column":21}},{"start":{},"end":{}}],"line":28},"4":{"loc":{"start":{"line":41,"column":12},"end":{"line":43,"column":13}},"type":"if","locations":[{"start":{"line":41,"column":12},"end":{"line":43,"column":13}},{"start":{},"end":{}}],"line":41},"5":{"loc":{"start":{"line":55,"column":12},"end":{"line":57,"column":13}},"type":"if","locations":[{"start":{"line":55,"column":12},"end":{"line":57,"column":13}},{"start":{},"end":{}}],"line":55},"6":{"loc":{"start":{"line":86,"column":12},"end":{"line":88,"column":13}},"type":"if","locations":[{"start":{"line":86,"column":12},"end":{"line":88,"column":13}},{"start":{},"end":{}}],"line":86},"7":{"loc":{"start":{"line":92,"column":12},"end":{"line":101,"column":13}},"type":"if","locations":[{"start":{"line":92,"column":12},"end":{"line":101,"column":13}},{"start":{},"end":{}}],"line":92},"8":{"loc":{"start":{"line":95,"column":20},"end":{"line":97,"column":21}},"type":"if","locations":[{"start":{"line":95,"column":20},"end":{"line":97,"column":21}},{"start":{},"end":{}}],"line":95},"9":{"loc":{"start":{"line":108,"column":12},"end":{"line":110,"column":13}},"type":"if","locations":[{"start":{"line":108,"column":12},"end":{"line":110,"column":13}},{"start":{},"end":{}}],"line":108},"10":{"loc":{"start":{"line":120,"column":12},"end":{"line":122,"column":13}},"type":"if","locations":[{"start":{"line":120,"column":12},"end":{"line":122,"column":13}},{"start":{},"end":{}}],"line":120},"11":{"loc":{"start":{"line":139,"column":16},"end":{"line":141,"column":17}},"type":"if","locations":[{"start":{"line":139,"column":16},"end":{"line":141,"column":17}},{"start":{},"end":{}}],"line":139},"12":{"loc":{"start":{"line":146,"column":12},"end":{"line":148,"column":13}},"type":"if","locations":[{"start":{"line":146,"column":12},"end":{"line":148,"column":13}},{"start":{},"end":{}}],"line":146}},"s":{"0":29,"1":29,"2":29,"3":4,"4":4,"5":4,"6":3,"7":1,"8":2,"9":1,"10":2,"11":2,"12":1,"13":1,"14":1,"15":1,"16":1,"17":1,"18":29,"19":3,"20":3,"21":2,"22":1,"23":1,"24":1,"25":1,"26":29,"27":3,"28":3,"29":2,"30":1,"31":1,"32":1,"33":1,"34":29,"35":2,"36":2,"37":1,"38":1,"39":1,"40":29,"41":2,"42":2,"43":1,"44":1,"45":1,"46":29,"47":3,"48":3,"49":2,"50":1,"51":1,"52":1,"53":1,"54":0,"55":0,"56":0,"57":0,"58":0,"59":1,"60":29,"61":3,"62":3,"63":2,"64":1,"65":1,"66":1,"67":1,"68":29,"69":3,"70":3,"71":2,"72":1,"73":1,"74":1,"75":1,"76":29,"77":3,"78":3,"79":3,"80":3,"81":18,"82":9,"83":3,"84":2,"85":1,"86":1,"87":1,"88":1},"f":{"0":29,"1":4,"2":3,"3":3,"4":2,"5":2,"6":3,"7":3,"8":3,"9":3,"10":18},"b":{"0":[26],"1":[1,2],"2":[1,1],"3":[1,0],"4":[1,1],"5":[1,1],"6":[1,1],"7":[0,1],"8":[0,0],"9":[1,1],"10":[1,1],"11":[9,9],"12":[1,1]},"_coverageSchema":"1a1c01bbd47fc00a2c39e90264f33305004495a9","hash":"79cc285118c3ee46b627b46b2eab550ffa378a0d"}
,"C:\\Users\\USUARIO\\Desktop\\A-C-Soluciones\\Backend\\src\\controllers\\contabilidad.controller.js": {"path":"C:\\Users\\USUARIO\\Desktop\\A-C-Soluciones\\Backend\\src\\controllers\\contabilidad.controller.js","statementMap":{"0":{"start":{"line":6,"column":4},"end":{"line":6,"column":57}},"1":{"start":{"line":8,"column":22},"end":{"line":40,"column":3}},"2":{"start":{"line":9,"column":4},"end":{"line":39,"column":5}},"3":{"start":{"line":10,"column":55},"end":{"line":10,"column":63}},"4":{"start":{"line":11,"column":36},"end":{"line":12,"column":87}},"5":{"start":{"line":13,"column":6},"end":{"line":17,"column":7}},"6":{"start":{"line":14,"column":8},"end":{"line":16,"column":11}},"7":{"start":{"line":18,"column":32},"end":{"line":18,"column":90}},"8":{"start":{"line":19,"column":6},"end":{"line":22,"column":9}},"9":{"start":{"line":24,"column":6},"end":{"line":24,"column":58}},"10":{"start":{"line":25,"column":6},"end":{"line":34,"column":7}},"11":{"start":{"line":26,"column":28},"end":{"line":26,"column":30}},"12":{"start":{"line":27,"column":8},"end":{"line":31,"column":9}},"13":{"start":{"line":28,"column":10},"end":{"line":30,"column":11}},"14":{"start":{"line":29,"column":12},"end":{"line":29,"column":48}},"15":{"start":{"line":33,"column":8},"end":{"line":33,"column":61}},"16":{"start":{"line":35,"column":6},"end":{"line":38,"column":9}},"17":{"start":{"line":42,"column":24},"end":{"line":50,"column":3}},"18":{"start":{"line":43,"column":4},"end":{"line":49,"column":5}},"19":{"start":{"line":44,"column":27},"end":{"line":44,"column":80}},"20":{"start":{"line":45,"column":6},"end":{"line":45,"column":52}},"21":{"start":{"line":47,"column":6},"end":{"line":47,"column":27}},"22":{"start":{"line":48,"column":6},"end":{"line":48,"column":79}},"23":{"start":{"line":52,"column":29},"end":{"line":70,"column":3}},"24":{"start":{"line":53,"column":4},"end":{"line":69,"column":5}},"25":{"start":{"line":54,"column":27},"end":{"line":54,"column":97}},"26":{"start":{"line":56,"column":6},"end":{"line":60,"column":7}},"27":{"start":{"line":57,"column":8},"end":{"line":59,"column":11}},"28":{"start":{"line":61,"column":38},"end":{"line":61,"column":87}},"29":{"start":{"line":62,"column":6},"end":{"line":62,"column":59}},"30":{"start":{"line":64,"column":6},"end":{"line":64,"column":60}},"31":{"start":{"line":65,"column":6},"end":{"line":68,"column":9}},"32":{"start":{"line":71,"column":33},"end":{"line":82,"column":3}},"33":{"start":{"line":72,"column":4},"end":{"line":81,"column":5}},"34":{"start":{"line":73,"column":27},"end":{"line":73,"column":112}},"35":{"start":{"line":74,"column":6},"end":{"line":76,"column":7}},"36":{"start":{"line":75,"column":8},"end":{"line":75,"column":75}},"37":{"start":{"line":77,"column":6},"end":{"line":77,"column":52}},"38":{"start":{"line":79,"column":6},"end":{"line":79,"column":27}},"39":{"start":{"line":80,"column":6},"end":{"line":80,"column":79}},"40":{"start":{"line":83,"column":33},"end":{"line":94,"column":3}},"41":{"start":{"line":84,"column":4},"end":{"line":93,"column":5}},"42":{"start":{"line":85,"column":27},"end":{"line":85,"column":117}},"43":{"start":{"line":86,"column":6},"end":{"line":88,"column":7}},"44":{"start":{"line":87,"column":8},"end":{"line":87,"column":75}},"45":{"start":{"line":89,"column":6},"end":{"line":89,"column":52}},"46":{"start":{"line":91,"column":6},"end":{"line":91,"column":27}},"47":{"start":{"line":92,"column":6},"end":{"line":92,"column":79}},"48":{"start":{"line":96,"column":27},"end":{"line":124,"column":3}},"49":{"start":{"line":97,"column":4},"end":{"line":123,"column":5}},"50":{"start":{"line":98,"column":38},"end":{"line":101,"column":7}},"51":{"start":{"line":102,"column":6},"end":{"line":104,"column":7}},"52":{"start":{"line":103,"column":8},"end":{"line":103,"column":75}},"53":{"start":{"line":105,"column":6},"end":{"line":108,"column":9}},"54":{"start":{"line":110,"column":6},"end":{"line":110,"column":63}},"55":{"start":{"line":112,"column":6},"end":{"line":120,"column":7}},"56":{"start":{"line":113,"column":28},"end":{"line":113,"column":30}},"57":{"start":{"line":114,"column":8},"end":{"line":118,"column":9}},"58":{"start":{"line":115,"column":10},"end":{"line":117,"column":11}},"59":{"start":{"line":116,"column":12},"end":{"line":116,"column":48}},"60":{"start":{"line":119,"column":8},"end":{"line":119,"column":61}},"61":{"start":{"line":122,"column":6},"end":{"line":122,"column":82}},"62":{"start":{"line":126,"column":25},"end":{"line":134,"column":3}},"63":{"start":{"line":127,"column":4},"end":{"line":133,"column":5}},"64":{"start":{"line":128,"column":6},"end":{"line":128,"column":73}},"65":{"start":{"line":129,"column":6},"end":{"line":129,"column":82}},"66":{"start":{"line":131,"column":6},"end":{"line":131,"column":61}},"67":{"start":{"line":132,"column":6},"end":{"line":132,"column":80}},"68":{"start":{"line":137,"column":27},"end":{"line":163,"column":3}},"69":{"start":{"line":138,"column":4},"end":{"line":162,"column":5}},"70":{"start":{"line":139,"column":50},"end":{"line":139,"column":58}},"71":{"start":{"line":141,"column":27},"end":{"line":144,"column":7}},"72":{"start":{"line":145,"column":20},"end":{"line":145,"column":44}},"73":{"start":{"line":146,"column":6},"end":{"line":155,"column":9}},"74":{"start":{"line":157,"column":6},"end":{"line":157,"column":56}},"75":{"start":{"line":158,"column":6},"end":{"line":161,"column":9}}},"fnMap":{"0":{"name":"(anonymous_0)","decl":{"start":{"line":5,"column":2},"end":{"line":5,"column":3}},"loc":{"start":{"line":5,"column":16},"end":{"line":7,"column":3}},"line":5},"1":{"name":"(anonymous_1)","decl":{"start":{"line":8,"column":22},"end":{"line":8,"column":23}},"loc":{"start":{"line":8,"column":42},"end":{"line":40,"column":3}},"line":8},"2":{"name":"(anonymous_2)","decl":{"start":{"line":42,"column":24},"end":{"line":42,"column":25}},"loc":{"start":{"line":42,"column":44},"end":{"line":50,"column":3}},"line":42},"3":{"name":"(anonymous_3)","decl":{"start":{"line":52,"column":29},"end":{"line":52,"column":30}},"loc":{"start":{"line":52,"column":49},"end":{"line":70,"column":3}},"line":52},"4":{"name":"(anonymous_4)","decl":{"start":{"line":71,"column":33},"end":{"line":71,"column":34}},"loc":{"start":{"line":71,"column":53},"end":{"line":82,"column":3}},"line":71},"5":{"name":"(anonymous_5)","decl":{"start":{"line":83,"column":33},"end":{"line":83,"column":34}},"loc":{"start":{"line":83,"column":53},"end":{"line":94,"column":3}},"line":83},"6":{"name":"(anonymous_6)","decl":{"start":{"line":96,"column":27},"end":{"line":96,"column":28}},"loc":{"start":{"line":96,"column":47},"end":{"line":124,"column":3}},"line":96},"7":{"name":"(anonymous_7)","decl":{"start":{"line":126,"column":25},"end":{"line":126,"column":26}},"loc":{"start":{"line":126,"column":45},"end":{"line":134,"column":3}},"line":126},"8":{"name":"(anonymous_8)","decl":{"start":{"line":137,"column":27},"end":{"line":137,"column":28}},"loc":{"start":{"line":137,"column":47},"end":{"line":163,"column":3}},"line":137}},"branchMap":{"0":{"loc":{"start":{"line":11,"column":36},"end":{"line":12,"column":87}},"type":"binary-expr","locations":[{"start":{"line":11,"column":36},"end":{"line":11,"column":113}},{"start":{"line":12,"column":8},"end":{"line":12,"column":87}}],"line":11},"1":{"loc":{"start":{"line":13,"column":6},"end":{"line":17,"column":7}},"type":"if","locations":[{"start":{"line":13,"column":6},"end":{"line":17,"column":7}},{"start":{},"end":{}}],"line":13},"2":{"loc":{"start":{"line":25,"column":6},"end":{"line":34,"column":7}},"type":"if","locations":[{"start":{"line":25,"column":6},"end":{"line":34,"column":7}},{"start":{},"end":{}}],"line":25},"3":{"loc":{"start":{"line":28,"column":10},"end":{"line":30,"column":11}},"type":"if","locations":[{"start":{"line":28,"column":10},"end":{"line":30,"column":11}},{"start":{},"end":{}}],"line":28},"4":{"loc":{"start":{"line":56,"column":6},"end":{"line":60,"column":7}},"type":"if","locations":[{"start":{"line":56,"column":6},"end":{"line":60,"column":7}},{"start":{},"end":{}}],"line":56},"5":{"loc":{"start":{"line":74,"column":6},"end":{"line":76,"column":7}},"type":"if","locations":[{"start":{"line":74,"column":6},"end":{"line":76,"column":7}},{"start":{},"end":{}}],"line":74},"6":{"loc":{"start":{"line":86,"column":6},"end":{"line":88,"column":7}},"type":"if","locations":[{"start":{"line":86,"column":6},"end":{"line":88,"column":7}},{"start":{},"end":{}}],"line":86},"7":{"loc":{"start":{"line":102,"column":6},"end":{"line":104,"column":7}},"type":"if","locations":[{"start":{"line":102,"column":6},"end":{"line":104,"column":7}},{"start":{},"end":{}}],"line":102},"8":{"loc":{"start":{"line":112,"column":6},"end":{"line":120,"column":7}},"type":"if","locations":[{"start":{"line":112,"column":6},"end":{"line":120,"column":7}},{"start":{},"end":{}}],"line":112},"9":{"loc":{"start":{"line":115,"column":10},"end":{"line":117,"column":11}},"type":"if","locations":[{"start":{"line":115,"column":10},"end":{"line":117,"column":11}},{"start":{},"end":{}}],"line":115}},"s":{"0":20,"1":20,"2":4,"3":4,"4":4,"5":4,"6":1,"7":3,"8":1,"9":2,"10":2,"11":1,"12":1,"13":1,"14":1,"15":1,"16":1,"17":20,"18":0,"19":0,"20":0,"21":0,"22":0,"23":20,"24":3,"25":3,"26":2,"27":1,"28":1,"29":1,"30":1,"31":1,"32":20,"33":3,"34":3,"35":2,"36":1,"37":1,"38":1,"39":1,"40":20,"41":3,"42":3,"43":2,"44":1,"45":1,"46":1,"47":1,"48":20,"49":3,"50":3,"51":2,"52":1,"53":1,"54":1,"55":1,"56":0,"57":0,"58":0,"59":0,"60":0,"61":1,"62":20,"63":2,"64":2,"65":1,"66":1,"67":1,"68":20,"69":2,"70":2,"71":2,"72":1,"73":1,"74":1,"75":1},"f":{"0":20,"1":4,"2":0,"3":3,"4":3,"5":3,"6":3,"7":2,"8":2},"b":{"0":[4,3],"1":[1,3],"2":[1,1],"3":[1,0],"4":[1,1],"5":[1,1],"6":[1,1],"7":[1,1],"8":[0,1],"9":[0,0]},"_coverageSchema":"1a1c01bbd47fc00a2c39e90264f33305004495a9","hash":"274b5406a6b44a4b6051cc061d39e22fe081eba9"}
,"C:\\Users\\USUARIO\\Desktop\\A-C-Soluciones\\Backend\\src\\controllers\\ficha_mantenimiento.controller.js": {"path":"C:\\Users\\USUARIO\\Desktop\\A-C-Soluciones\\Backend\\src\\controllers\\ficha_mantenimiento.controller.js","statementMap":{"0":{"start":{"line":10,"column":39},"end":{"line":237,"column":1}},"1":{"start":{"line":13,"column":2},"end":{"line":236,"column":3}},"2":{"start":{"line":14,"column":4},"end":{"line":14,"column":39}},"3":{"start":{"line":31,"column":8},"end":{"line":31,"column":16}},"4":{"start":{"line":34,"column":4},"end":{"line":48,"column":7}},"5":{"start":{"line":51,"column":4},"end":{"line":72,"column":5}},"6":{"start":{"line":52,"column":22},"end":{"line":52,"column":69}},"7":{"start":{"line":53,"column":6},"end":{"line":57,"column":7}},"8":{"start":{"line":54,"column":8},"end":{"line":56,"column":11}},"9":{"start":{"line":60,"column":6},"end":{"line":64,"column":7}},"10":{"start":{"line":61,"column":8},"end":{"line":63,"column":11}},"11":{"start":{"line":67,"column":6},"end":{"line":71,"column":7}},"12":{"start":{"line":68,"column":8},"end":{"line":70,"column":11}},"13":{"start":{"line":75,"column":22},"end":{"line":75,"column":55}},"14":{"start":{"line":76,"column":22},"end":{"line":76,"column":55}},"15":{"start":{"line":77,"column":28},"end":{"line":77,"column":68}},"16":{"start":{"line":80,"column":4},"end":{"line":84,"column":7}},"17":{"start":{"line":87,"column":4},"end":{"line":87,"column":56}},"18":{"start":{"line":88,"column":23},"end":{"line":105,"column":6}},"19":{"start":{"line":106,"column":4},"end":{"line":106,"column":56}},"20":{"start":{"line":109,"column":4},"end":{"line":109,"column":44}},"21":{"start":{"line":110,"column":20},"end":{"line":110,"column":67}},"22":{"start":{"line":111,"column":4},"end":{"line":114,"column":5}},"23":{"start":{"line":112,"column":6},"end":{"line":112,"column":65}},"24":{"start":{"line":113,"column":6},"end":{"line":113,"column":70}},"25":{"start":{"line":115,"column":4},"end":{"line":115,"column":57}},"26":{"start":{"line":117,"column":24},"end":{"line":121,"column":5}},"27":{"start":{"line":124,"column":4},"end":{"line":124,"column":44}},"28":{"start":{"line":125,"column":20},"end":{"line":125,"column":67}},"29":{"start":{"line":126,"column":4},"end":{"line":129,"column":5}},"30":{"start":{"line":127,"column":6},"end":{"line":127,"column":65}},"31":{"start":{"line":128,"column":6},"end":{"line":128,"column":70}},"32":{"start":{"line":130,"column":4},"end":{"line":130,"column":75}},"33":{"start":{"line":132,"column":24},"end":{"line":137,"column":5}},"34":{"start":{"line":140,"column":4},"end":{"line":140,"column":56}},"35":{"start":{"line":141,"column":21},"end":{"line":145,"column":5}},"36":{"start":{"line":146,"column":4},"end":{"line":146,"column":48}},"37":{"start":{"line":149,"column":4},"end":{"line":149,"column":41}},"38":{"start":{"line":150,"column":20},"end":{"line":150,"column":84}},"39":{"start":{"line":151,"column":4},"end":{"line":151,"column":47}},"40":{"start":{"line":154,"column":4},"end":{"line":154,"column":59}},"41":{"start":{"line":155,"column":4},"end":{"line":155,"column":62}},"42":{"start":{"line":156,"column":4},"end":{"line":156,"column":44}},"43":{"start":{"line":159,"column":4},"end":{"line":159,"column":42}},"44":{"start":{"line":160,"column":4},"end":{"line":160,"column":117}},"45":{"start":{"line":161,"column":4},"end":{"line":161,"column":58}},"46":{"start":{"line":164,"column":4},"end":{"line":164,"column":51}},"47":{"start":{"line":165,"column":4},"end":{"line":169,"column":83}},"48":{"start":{"line":169,"column":19},"end":{"line":169,"column":81}},"49":{"start":{"line":172,"column":4},"end":{"line":176,"column":83}},"50":{"start":{"line":176,"column":19},"end":{"line":176,"column":81}},"51":{"start":{"line":177,"column":4},"end":{"line":177,"column":45}},"52":{"start":{"line":179,"column":4},"end":{"line":179,"column":53}},"53":{"start":{"line":180,"column":4},"end":{"line":186,"column":7}},"54":{"start":{"line":189,"column":4},"end":{"line":189,"column":80}},"55":{"start":{"line":190,"column":4},"end":{"line":190,"column":79}},"56":{"start":{"line":191,"column":4},"end":{"line":191,"column":80}},"57":{"start":{"line":192,"column":4},"end":{"line":192,"column":63}},"58":{"start":{"line":193,"column":4},"end":{"line":193,"column":48}},"59":{"start":{"line":194,"column":4},"end":{"line":194,"column":44}},"60":{"start":{"line":197,"column":4},"end":{"line":212,"column":5}},"61":{"start":{"line":198,"column":6},"end":{"line":198,"column":50}},"62":{"start":{"line":199,"column":21},"end":{"line":204,"column":9}},"63":{"start":{"line":199,"column":46},"end":{"line":204,"column":7}},"64":{"start":{"line":205,"column":6},"end":{"line":205,"column":53}},"65":{"start":{"line":206,"column":6},"end":{"line":206,"column":82}},"66":{"start":{"line":208,"column":6},"end":{"line":211,"column":9}},"67":{"start":{"line":214,"column":4},"end":{"line":224,"column":5}},"68":{"start":{"line":215,"column":6},"end":{"line":215,"column":51}},"69":{"start":{"line":216,"column":6},"end":{"line":216,"column":39}},"70":{"start":{"line":217,"column":6},"end":{"line":217,"column":53}},"71":{"start":{"line":218,"column":6},"end":{"line":218,"column":82}},"72":{"start":{"line":220,"column":6},"end":{"line":223,"column":9}},"73":{"start":{"line":227,"column":4},"end":{"line":227,"column":108}},"74":{"start":{"line":228,"column":4},"end":{"line":228,"column":80}},"75":{"start":{"line":230,"column":4},"end":{"line":235,"column":7}},"76":{"start":{"line":241,"column":28},"end":{"line":268,"column":1}},"77":{"start":{"line":242,"column":2},"end":{"line":267,"column":3}},"78":{"start":{"line":243,"column":4},"end":{"line":245,"column":5}},"79":{"start":{"line":244,"column":6},"end":{"line":244,"column":92}},"80":{"start":{"line":247,"column":24},"end":{"line":247,"column":32}},"81":{"start":{"line":248,"column":27},"end":{"line":248,"column":36}},"82":{"start":{"line":252,"column":4},"end":{"line":260,"column":5}},"83":{"start":{"line":253,"column":6},"end":{"line":253,"column":62}},"84":{"start":{"line":254,"column":11},"end":{"line":260,"column":5}},"85":{"start":{"line":255,"column":6},"end":{"line":255,"column":62}},"86":{"start":{"line":256,"column":11},"end":{"line":260,"column":5}},"87":{"start":{"line":257,"column":6},"end":{"line":257,"column":71}},"88":{"start":{"line":259,"column":6},"end":{"line":259,"column":66}},"89":{"start":{"line":262,"column":4},"end":{"line":262,"column":21}},"90":{"start":{"line":265,"column":4},"end":{"line":265,"column":52}},"91":{"start":{"line":266,"column":4},"end":{"line":266,"column":71}},"92":{"start":{"line":271,"column":39},"end":{"line":294,"column":1}},"93":{"start":{"line":272,"column":2},"end":{"line":293,"column":3}},"94":{"start":{"line":273,"column":26},"end":{"line":273,"column":36}},"95":{"start":{"line":275,"column":4},"end":{"line":277,"column":5}},"96":{"start":{"line":276,"column":6},"end":{"line":276,"column":74}},"97":{"start":{"line":279,"column":19},"end":{"line":279,"column":69}},"98":{"start":{"line":281,"column":4},"end":{"line":283,"column":5}},"99":{"start":{"line":282,"column":6},"end":{"line":282,"column":82}},"100":{"start":{"line":285,"column":4},"end":{"line":288,"column":7}},"101":{"start":{"line":291,"column":4},"end":{"line":291,"column":65}},"102":{"start":{"line":292,"column":4},"end":{"line":292,"column":58}},"103":{"start":{"line":296,"column":39},"end":{"line":319,"column":1}},"104":{"start":{"line":297,"column":2},"end":{"line":318,"column":3}},"105":{"start":{"line":298,"column":27},"end":{"line":298,"column":37}},"106":{"start":{"line":300,"column":4},"end":{"line":302,"column":5}},"107":{"start":{"line":301,"column":6},"end":{"line":301,"column":75}},"108":{"start":{"line":304,"column":19},"end":{"line":304,"column":70}},"109":{"start":{"line":306,"column":4},"end":{"line":308,"column":5}},"110":{"start":{"line":307,"column":6},"end":{"line":307,"column":82}},"111":{"start":{"line":310,"column":4},"end":{"line":313,"column":7}},"112":{"start":{"line":316,"column":4},"end":{"line":316,"column":65}},"113":{"start":{"line":317,"column":4},"end":{"line":317,"column":65}}},"fnMap":{"0":{"name":"(anonymous_0)","decl":{"start":{"line":10,"column":39},"end":{"line":10,"column":40}},"loc":{"start":{"line":10,"column":59},"end":{"line":237,"column":1}},"line":10},"1":{"name":"(anonymous_1)","decl":{"start":{"line":169,"column":12},"end":{"line":169,"column":13}},"loc":{"start":{"line":169,"column":19},"end":{"line":169,"column":81}},"line":169},"2":{"name":"(anonymous_2)","decl":{"start":{"line":176,"column":12},"end":{"line":176,"column":13}},"loc":{"start":{"line":176,"column":19},"end":{"line":176,"column":81}},"line":176},"3":{"name":"(anonymous_3)","decl":{"start":{"line":199,"column":38},"end":{"line":199,"column":39}},"loc":{"start":{"line":199,"column":46},"end":{"line":204,"column":7}},"line":199},"4":{"name":"(anonymous_4)","decl":{"start":{"line":241,"column":28},"end":{"line":241,"column":29}},"loc":{"start":{"line":241,"column":48},"end":{"line":268,"column":1}},"line":241},"5":{"name":"(anonymous_5)","decl":{"start":{"line":271,"column":39},"end":{"line":271,"column":40}},"loc":{"start":{"line":271,"column":59},"end":{"line":294,"column":1}},"line":271},"6":{"name":"(anonymous_6)","decl":{"start":{"line":296,"column":39},"end":{"line":296,"column":40}},"loc":{"start":{"line":296,"column":59},"end":{"line":319,"column":1}},"line":296}},"branchMap":{"0":{"loc":{"start":{"line":51,"column":4},"end":{"line":72,"column":5}},"type":"if","locations":[{"start":{"line":51,"column":4},"end":{"line":72,"column":5}},{"start":{},"end":{}}],"line":51},"1":{"loc":{"start":{"line":53,"column":6},"end":{"line":57,"column":7}},"type":"if","locations":[{"start":{"line":53,"column":6},"end":{"line":57,"column":7}},{"start":{},"end":{}}],"line":53},"2":{"loc":{"start":{"line":60,"column":6},"end":{"line":64,"column":7}},"type":"if","locations":[{"start":{"line":60,"column":6},"end":{"line":64,"column":7}},{"start":{},"end":{}}],"line":60},"3":{"loc":{"start":{"line":60,"column":10},"end":{"line":60,"column":59}},"type":"binary-expr","locations":[{"start":{"line":60,"column":10},"end":{"line":60,"column":44}},{"start":{"line":60,"column":48},"end":{"line":60,"column":59}}],"line":60},"4":{"loc":{"start":{"line":67,"column":6},"end":{"line":71,"column":7}},"type":"if","locations":[{"start":{"line":67,"column":6},"end":{"line":71,"column":7}},{"start":{},"end":{}}],"line":67},"5":{"loc":{"start":{"line":67,"column":10},"end":{"line":67,"column":55}},"type":"binary-expr","locations":[{"start":{"line":67,"column":10},"end":{"line":67,"column":41}},{"start":{"line":67,"column":45},"end":{"line":67,"column":55}}],"line":67},"6":{"loc":{"start":{"line":102,"column":25},"end":{"line":102,"column":52}},"type":"binary-expr","locations":[{"start":{"line":102,"column":25},"end":{"line":102,"column":44}},{"start":{"line":102,"column":48},"end":{"line":102,"column":52}}],"line":102},"7":{"loc":{"start":{"line":103,"column":25},"end":{"line":103,"column":52}},"type":"binary-expr","locations":[{"start":{"line":103,"column":25},"end":{"line":103,"column":44}},{"start":{"line":103,"column":48},"end":{"line":103,"column":52}}],"line":103},"8":{"loc":{"start":{"line":104,"column":32},"end":{"line":104,"column":65}},"type":"binary-expr","locations":[{"start":{"line":104,"column":32},"end":{"line":104,"column":57}},{"start":{"line":104,"column":61},"end":{"line":104,"column":65}}],"line":104},"9":{"loc":{"start":{"line":111,"column":4},"end":{"line":114,"column":5}},"type":"if","locations":[{"start":{"line":111,"column":4},"end":{"line":114,"column":5}},{"start":{},"end":{}}],"line":111},"10":{"loc":{"start":{"line":119,"column":16},"end":{"line":119,"column":53}},"type":"binary-expr","locations":[{"start":{"line":119,"column":16},"end":{"line":119,"column":32}},{"start":{"line":119,"column":36},"end":{"line":119,"column":53}}],"line":119},"11":{"loc":{"start":{"line":126,"column":4},"end":{"line":129,"column":5}},"type":"if","locations":[{"start":{"line":126,"column":4},"end":{"line":129,"column":5}},{"start":{},"end":{}}],"line":126},"12":{"loc":{"start":{"line":135,"column":16},"end":{"line":135,"column":53}},"type":"binary-expr","locations":[{"start":{"line":135,"column":16},"end":{"line":135,"column":32}},{"start":{"line":135,"column":36},"end":{"line":135,"column":53}}],"line":135},"13":{"loc":{"start":{"line":142,"column":19},"end":{"line":142,"column":97}},"type":"cond-expr","locations":[{"start":{"line":142,"column":31},"end":{"line":142,"column":90}},{"start":{"line":142,"column":93},"end":{"line":142,"column":97}}],"line":142},"14":{"loc":{"start":{"line":143,"column":19},"end":{"line":143,"column":97}},"type":"cond-expr","locations":[{"start":{"line":143,"column":31},"end":{"line":143,"column":90}},{"start":{"line":143,"column":93},"end":{"line":143,"column":97}}],"line":143},"15":{"loc":{"start":{"line":144,"column":19},"end":{"line":144,"column":109}},"type":"cond-expr","locations":[{"start":{"line":144,"column":37},"end":{"line":144,"column":102}},{"start":{"line":144,"column":105},"end":{"line":144,"column":109}}],"line":144},"16":{"loc":{"start":{"line":197,"column":4},"end":{"line":212,"column":5}},"type":"if","locations":[{"start":{"line":197,"column":4},"end":{"line":212,"column":5}},{"start":{},"end":{}}],"line":197},"17":{"loc":{"start":{"line":214,"column":4},"end":{"line":224,"column":5}},"type":"if","locations":[{"start":{"line":214,"column":4},"end":{"line":224,"column":5}},{"start":{},"end":{}}],"line":214},"18":{"loc":{"start":{"line":234,"column":10},"end":{"line":234,"column":74}},"type":"binary-expr","locations":[{"start":{"line":234,"column":10},"end":{"line":234,"column":48}},{"start":{"line":234,"column":52},"end":{"line":234,"column":74}}],"line":234},"19":{"loc":{"start":{"line":243,"column":4},"end":{"line":245,"column":5}},"type":"if","locations":[{"start":{"line":243,"column":4},"end":{"line":245,"column":5}},{"start":{},"end":{}}],"line":243},"20":{"loc":{"start":{"line":252,"column":4},"end":{"line":260,"column":5}},"type":"if","locations":[{"start":{"line":252,"column":4},"end":{"line":260,"column":5}},{"start":{"line":254,"column":11},"end":{"line":260,"column":5}}],"line":252},"21":{"loc":{"start":{"line":252,"column":8},"end":{"line":252,"column":50}},"type":"binary-expr","locations":[{"start":{"line":252,"column":8},"end":{"line":252,"column":23}},{"start":{"line":252,"column":27},"end":{"line":252,"column":50}}],"line":252},"22":{"loc":{"start":{"line":254,"column":11},"end":{"line":260,"column":5}},"type":"if","locations":[{"start":{"line":254,"column":11},"end":{"line":260,"column":5}},{"start":{"line":256,"column":11},"end":{"line":260,"column":5}}],"line":254},"23":{"loc":{"start":{"line":256,"column":11},"end":{"line":260,"column":5}},"type":"if","locations":[{"start":{"line":256,"column":11},"end":{"line":260,"column":5}},{"start":{"line":258,"column":11},"end":{"line":260,"column":5}}],"line":256},"24":{"loc":{"start":{"line":275,"column":4},"end":{"line":277,"column":5}},"type":"if","locations":[{"start":{"line":275,"column":4},"end":{"line":277,"column":5}},{"start":{},"end":{}}],"line":275},"25":{"loc":{"start":{"line":281,"column":4},"end":{"line":283,"column":5}},"type":"if","locations":[{"start":{"line":281,"column":4},"end":{"line":283,"column":5}},{"start":{},"end":{}}],"line":281},"26":{"loc":{"start":{"line":281,"column":8},"end":{"line":281,"column":38}},"type":"binary-expr","locations":[{"start":{"line":281,"column":8},"end":{"line":281,"column":15}},{"start":{"line":281,"column":19},"end":{"line":281,"column":38}}],"line":281},"27":{"loc":{"start":{"line":300,"column":4},"end":{"line":302,"column":5}},"type":"if","locations":[{"start":{"line":300,"column":4},"end":{"line":302,"column":5}},{"start":{},"end":{}}],"line":300},"28":{"loc":{"start":{"line":306,"column":4},"end":{"line":308,"column":5}},"type":"if","locations":[{"start":{"line":306,"column":4},"end":{"line":308,"column":5}},{"start":{},"end":{}}],"line":306},"29":{"loc":{"start":{"line":306,"column":8},"end":{"line":306,"column":38}},"type":"binary-expr","locations":[{"start":{"line":306,"column":8},"end":{"line":306,"column":15}},{"start":{"line":306,"column":19},"end":{"line":306,"column":38}}],"line":306}},"s":{"0":2,"1":5,"2":5,"3":5,"4":5,"5":5,"6":5,"7":5,"8":1,"9":4,"10":0,"11":4,"12":0,"13":4,"14":4,"15":4,"16":4,"17":4,"18":4,"19":2,"20":2,"21":2,"22":2,"23":0,"24":0,"25":2,"26":2,"27":2,"28":2,"29":2,"30":1,"31":1,"32":1,"33":1,"34":1,"35":1,"36":1,"37":1,"38":1,"39":1,"40":1,"41":1,"42":1,"43":1,"44":1,"45":1,"46":1,"47":1,"48":0,"49":1,"50":0,"51":1,"52":1,"53":1,"54":2,"55":2,"56":2,"57":2,"58":2,"59":2,"60":2,"61":1,"62":1,"63":1,"64":1,"65":1,"66":1,"67":1,"68":0,"69":0,"70":0,"71":0,"72":0,"73":1,"74":1,"75":1,"76":2,"77":6,"78":6,"79":1,"80":5,"81":5,"82":5,"83":2,"84":3,"85":1,"86":2,"87":1,"88":1,"89":3,"90":1,"91":1,"92":2,"93":4,"94":4,"95":4,"96":1,"97":3,"98":2,"99":1,"100":1,"101":1,"102":1,"103":2,"104":4,"105":4,"106":4,"107":1,"108":3,"109":2,"110":1,"111":1,"112":1,"113":1},"f":{"0":5,"1":0,"2":0,"3":1,"4":6,"5":4,"6":4},"b":{"0":[5,0],"1":[1,4],"2":[0,4],"3":[4,0],"4":[0,4],"5":[4,0],"6":[4,0],"7":[4,0],"8":[4,0],"9":[0,2],"10":[2,1],"11":[1,1],"12":[1,0],"13":[1,0],"14":[1,0],"15":[1,0],"16":[1,1],"17":[0,1],"18":[1,0],"19":[1,5],"20":[2,3],"21":[5,3],"22":[1,2],"23":[1,1],"24":[1,3],"25":[1,1],"26":[2,2],"27":[1,3],"28":[1,1],"29":[2,2]},"_coverageSchema":"1a1c01bbd47fc00a2c39e90264f33305004495a9","hash":"00004b4db656adcc468fc6bc1c63ce36ae2eaf57"}
,"C:\\Users\\USUARIO\\Desktop\\A-C-Soluciones\\Backend\\src\\controllers\\inventario.controller.js": {"path":"C:\\Users\\USUARIO\\Desktop\\A-C-Soluciones\\Backend\\src\\controllers\\inventario.controller.js","statementMap":{"0":{"start":{"line":7,"column":8},"end":{"line":7,"column":57}},"1":{"start":{"line":10,"column":22},"end":{"line":54,"column":5}},"2":{"start":{"line":12,"column":8},"end":{"line":53,"column":9}},"3":{"start":{"line":15,"column":30},"end":{"line":15,"column":84}},"4":{"start":{"line":18,"column":12},"end":{"line":21,"column":15}},"5":{"start":{"line":25,"column":12},"end":{"line":25,"column":75}},"6":{"start":{"line":28,"column":12},"end":{"line":33,"column":13}},"7":{"start":{"line":28,"column":117},"end":{"line":28,"column":169}},"8":{"start":{"line":30,"column":16},"end":{"line":32,"column":19}},"9":{"start":{"line":36,"column":12},"end":{"line":48,"column":13}},"10":{"start":{"line":37,"column":36},"end":{"line":37,"column":38}},"11":{"start":{"line":38,"column":16},"end":{"line":42,"column":17}},"12":{"start":{"line":39,"column":20},"end":{"line":41,"column":21}},"13":{"start":{"line":40,"column":24},"end":{"line":40,"column":60}},"14":{"start":{"line":44,"column":16},"end":{"line":47,"column":19}},"15":{"start":{"line":50,"column":12},"end":{"line":52,"column":15}},"16":{"start":{"line":56,"column":19},"end":{"line":64,"column":5}},"17":{"start":{"line":57,"column":8},"end":{"line":63,"column":9}},"18":{"start":{"line":58,"column":26},"end":{"line":58,"column":69}},"19":{"start":{"line":59,"column":12},"end":{"line":59,"column":47}},"20":{"start":{"line":61,"column":12},"end":{"line":61,"column":33}},"21":{"start":{"line":62,"column":12},"end":{"line":62,"column":98}},"22":{"start":{"line":66,"column":29},"end":{"line":77,"column":5}},"23":{"start":{"line":67,"column":8},"end":{"line":76,"column":9}},"24":{"start":{"line":68,"column":25},"end":{"line":68,"column":91}},"25":{"start":{"line":69,"column":12},"end":{"line":71,"column":13}},"26":{"start":{"line":70,"column":16},"end":{"line":70,"column":94}},"27":{"start":{"line":72,"column":12},"end":{"line":72,"column":46}},"28":{"start":{"line":74,"column":12},"end":{"line":74,"column":33}},"29":{"start":{"line":75,"column":12},"end":{"line":75,"column":96}},"30":{"start":{"line":79,"column":27},"end":{"line":110,"column":5}},"31":{"start":{"line":80,"column":8},"end":{"line":109,"column":9}},"32":{"start":{"line":81,"column":36},"end":{"line":81,"column":110}},"33":{"start":{"line":83,"column":12},"end":{"line":85,"column":13}},"34":{"start":{"line":84,"column":16},"end":{"line":84,"column":110}},"35":{"start":{"line":87,"column":12},"end":{"line":90,"column":15}},"36":{"start":{"line":92,"column":12},"end":{"line":92,"column":76}},"37":{"start":{"line":94,"column":12},"end":{"line":106,"column":13}},"38":{"start":{"line":95,"column":36},"end":{"line":95,"column":38}},"39":{"start":{"line":96,"column":16},"end":{"line":100,"column":17}},"40":{"start":{"line":97,"column":20},"end":{"line":99,"column":21}},"41":{"start":{"line":98,"column":24},"end":{"line":98,"column":60}},"42":{"start":{"line":102,"column":16},"end":{"line":105,"column":19}},"43":{"start":{"line":108,"column":12},"end":{"line":108,"column":119}},"44":{"start":{"line":112,"column":25},"end":{"line":126,"column":5}},"45":{"start":{"line":113,"column":8},"end":{"line":124,"column":9}},"46":{"start":{"line":114,"column":40},"end":{"line":114,"column":102}},"47":{"start":{"line":116,"column":12},"end":{"line":118,"column":13}},"48":{"start":{"line":117,"column":16},"end":{"line":117,"column":94}},"49":{"start":{"line":120,"column":12},"end":{"line":120,"column":108}},"50":{"start":{"line":122,"column":12},"end":{"line":122,"column":70}},"51":{"start":{"line":123,"column":12},"end":{"line":123,"column":110}}},"fnMap":{"0":{"name":"(anonymous_0)","decl":{"start":{"line":6,"column":4},"end":{"line":6,"column":5}},"loc":{"start":{"line":6,"column":18},"end":{"line":8,"column":5}},"line":6},"1":{"name":"(anonymous_1)","decl":{"start":{"line":10,"column":22},"end":{"line":10,"column":23}},"loc":{"start":{"line":10,"column":42},"end":{"line":54,"column":5}},"line":10},"2":{"name":"(anonymous_2)","decl":{"start":{"line":28,"column":112},"end":{"line":28,"column":113}},"loc":{"start":{"line":28,"column":117},"end":{"line":28,"column":169}},"line":28},"3":{"name":"(anonymous_3)","decl":{"start":{"line":56,"column":19},"end":{"line":56,"column":20}},"loc":{"start":{"line":56,"column":39},"end":{"line":64,"column":5}},"line":56},"4":{"name":"(anonymous_4)","decl":{"start":{"line":66,"column":29},"end":{"line":66,"column":30}},"loc":{"start":{"line":66,"column":49},"end":{"line":77,"column":5}},"line":66},"5":{"name":"(anonymous_5)","decl":{"start":{"line":79,"column":27},"end":{"line":79,"column":28}},"loc":{"start":{"line":79,"column":47},"end":{"line":110,"column":5}},"line":79},"6":{"name":"(anonymous_6)","decl":{"start":{"line":112,"column":25},"end":{"line":112,"column":26}},"loc":{"start":{"line":112,"column":45},"end":{"line":126,"column":5}},"line":112}},"branchMap":{"0":{"loc":{"start":{"line":28,"column":12},"end":{"line":33,"column":13}},"type":"if","locations":[{"start":{"line":28,"column":12},"end":{"line":33,"column":13}},{"start":{},"end":{}}],"line":28},"1":{"loc":{"start":{"line":28,"column":16},"end":{"line":28,"column":171}},"type":"binary-expr","locations":[{"start":{"line":28,"column":16},"end":{"line":28,"column":53}},{"start":{"line":28,"column":58},"end":{"line":28,"column":90}},{"start":{"line":28,"column":94},"end":{"line":28,"column":170}}],"line":28},"2":{"loc":{"start":{"line":28,"column":117},"end":{"line":28,"column":169}},"type":"binary-expr","locations":[{"start":{"line":28,"column":117},"end":{"line":28,"column":146}},{"start":{"line":28,"column":150},"end":{"line":28,"column":169}}],"line":28},"3":{"loc":{"start":{"line":36,"column":12},"end":{"line":48,"column":13}},"type":"if","locations":[{"start":{"line":36,"column":12},"end":{"line":48,"column":13}},{"start":{},"end":{}}],"line":36},"4":{"loc":{"start":{"line":39,"column":20},"end":{"line":41,"column":21}},"type":"if","locations":[{"start":{"line":39,"column":20},"end":{"line":41,"column":21}},{"start":{},"end":{}}],"line":39},"5":{"loc":{"start":{"line":69,"column":12},"end":{"line":71,"column":13}},"type":"if","locations":[{"start":{"line":69,"column":12},"end":{"line":71,"column":13}},{"start":{},"end":{}}],"line":69},"6":{"loc":{"start":{"line":83,"column":12},"end":{"line":85,"column":13}},"type":"if","locations":[{"start":{"line":83,"column":12},"end":{"line":85,"column":13}},{"start":{},"end":{}}],"line":83},"7":{"loc":{"start":{"line":94,"column":12},"end":{"line":106,"column":13}},"type":"if","locations":[{"start":{"line":94,"column":12},"end":{"line":106,"column":13}},{"start":{},"end":{}}],"line":94},"8":{"loc":{"start":{"line":97,"column":20},"end":{"line":99,"column":21}},"type":"if","locations":[{"start":{"line":97,"column":20},"end":{"line":99,"column":21}},{"start":{},"end":{}}],"line":97},"9":{"loc":{"start":{"line":116,"column":12},"end":{"line":118,"column":13}},"type":"if","locations":[{"start":{"line":116,"column":12},"end":{"line":118,"column":13}},{"start":{},"end":{}}],"line":116}},"s":{"0":16,"1":16,"2":4,"3":4,"4":1,"5":3,"6":3,"7":1,"8":1,"9":2,"10":1,"11":1,"12":1,"13":1,"14":1,"15":1,"16":16,"17":2,"18":2,"19":1,"20":1,"21":1,"22":16,"23":3,"24":3,"25":2,"26":1,"27":1,"28":1,"29":1,"30":16,"31":4,"32":4,"33":2,"34":1,"35":1,"36":2,"37":2,"38":1,"39":1,"40":1,"41":1,"42":1,"43":1,"44":16,"45":3,"46":3,"47":2,"48":1,"49":1,"50":1,"51":1},"f":{"0":16,"1":4,"2":1,"3":2,"4":3,"5":4,"6":3},"b":{"0":[1,2],"1":[3,2,1],"2":[1,0],"3":[1,1],"4":[1,0],"5":[1,1],"6":[1,1],"7":[1,1],"8":[1,0],"9":[1,1]},"_coverageSchema":"1a1c01bbd47fc00a2c39e90264f33305004495a9","hash":"20ec5fefc26d11958c503418fa8c187648d5b272"}
,"C:\\Users\\USUARIO\\Desktop\\A-C-Soluciones\\Backend\\src\\controllers\\metricas.controller.js": {"path":"C:\\Users\\USUARIO\\Desktop\\A-C-Soluciones\\Backend\\src\\controllers\\metricas.controller.js","statementMap":{"0":{"start":{"line":5,"column":4},"end":{"line":5,"column":49}},"1":{"start":{"line":12,"column":35},"end":{"line":28,"column":3}},"2":{"start":{"line":13,"column":4},"end":{"line":27,"column":5}},"3":{"start":{"line":14,"column":24},"end":{"line":14,"column":83}},"4":{"start":{"line":16,"column":6},"end":{"line":19,"column":9}},"5":{"start":{"line":21,"column":6},"end":{"line":21,"column":74}},"6":{"start":{"line":22,"column":6},"end":{"line":26,"column":9}},"7":{"start":{"line":34,"column":32},"end":{"line":50,"column":3}},"8":{"start":{"line":35,"column":4},"end":{"line":49,"column":5}},"9":{"start":{"line":36,"column":22},"end":{"line":36,"column":78}},"10":{"start":{"line":38,"column":6},"end":{"line":41,"column":9}},"11":{"start":{"line":43,"column":6},"end":{"line":43,"column":71}},"12":{"start":{"line":44,"column":6},"end":{"line":48,"column":9}},"13":{"start":{"line":56,"column":30},"end":{"line":73,"column":3}},"14":{"start":{"line":57,"column":4},"end":{"line":72,"column":5}},"15":{"start":{"line":58,"column":20},"end":{"line":58,"column":51}},"16":{"start":{"line":59,"column":23},"end":{"line":59,"column":82}},"17":{"start":{"line":61,"column":6},"end":{"line":64,"column":9}},"18":{"start":{"line":66,"column":6},"end":{"line":66,"column":69}},"19":{"start":{"line":67,"column":6},"end":{"line":71,"column":9}},"20":{"start":{"line":79,"column":30},"end":{"line":96,"column":3}},"21":{"start":{"line":80,"column":4},"end":{"line":95,"column":5}},"22":{"start":{"line":81,"column":20},"end":{"line":81,"column":51}},"23":{"start":{"line":82,"column":23},"end":{"line":82,"column":82}},"24":{"start":{"line":84,"column":6},"end":{"line":87,"column":9}},"25":{"start":{"line":89,"column":6},"end":{"line":89,"column":69}},"26":{"start":{"line":90,"column":6},"end":{"line":94,"column":9}},"27":{"start":{"line":102,"column":33},"end":{"line":118,"column":3}},"28":{"start":{"line":103,"column":4},"end":{"line":117,"column":5}},"29":{"start":{"line":104,"column":27},"end":{"line":104,"column":84}},"30":{"start":{"line":106,"column":6},"end":{"line":109,"column":9}},"31":{"start":{"line":111,"column":6},"end":{"line":111,"column":71}},"32":{"start":{"line":112,"column":6},"end":{"line":116,"column":9}},"33":{"start":{"line":124,"column":28},"end":{"line":140,"column":3}},"34":{"start":{"line":125,"column":4},"end":{"line":139,"column":5}},"35":{"start":{"line":126,"column":22},"end":{"line":126,"column":74}},"36":{"start":{"line":128,"column":6},"end":{"line":131,"column":9}},"37":{"start":{"line":133,"column":6},"end":{"line":133,"column":67}},"38":{"start":{"line":134,"column":6},"end":{"line":138,"column":9}},"39":{"start":{"line":146,"column":29},"end":{"line":162,"column":3}},"40":{"start":{"line":147,"column":4},"end":{"line":161,"column":5}},"41":{"start":{"line":148,"column":24},"end":{"line":148,"column":77}},"42":{"start":{"line":150,"column":6},"end":{"line":153,"column":9}},"43":{"start":{"line":155,"column":6},"end":{"line":155,"column":67}},"44":{"start":{"line":156,"column":6},"end":{"line":160,"column":9}}},"fnMap":{"0":{"name":"(anonymous_0)","decl":{"start":{"line":4,"column":2},"end":{"line":4,"column":3}},"loc":{"start":{"line":4,"column":16},"end":{"line":6,"column":3}},"line":4},"1":{"name":"(anonymous_1)","decl":{"start":{"line":12,"column":35},"end":{"line":12,"column":36}},"loc":{"start":{"line":12,"column":55},"end":{"line":28,"column":3}},"line":12},"2":{"name":"(anonymous_2)","decl":{"start":{"line":34,"column":32},"end":{"line":34,"column":33}},"loc":{"start":{"line":34,"column":52},"end":{"line":50,"column":3}},"line":34},"3":{"name":"(anonymous_3)","decl":{"start":{"line":56,"column":30},"end":{"line":56,"column":31}},"loc":{"start":{"line":56,"column":50},"end":{"line":73,"column":3}},"line":56},"4":{"name":"(anonymous_4)","decl":{"start":{"line":79,"column":30},"end":{"line":79,"column":31}},"loc":{"start":{"line":79,"column":50},"end":{"line":96,"column":3}},"line":79},"5":{"name":"(anonymous_5)","decl":{"start":{"line":102,"column":33},"end":{"line":102,"column":34}},"loc":{"start":{"line":102,"column":53},"end":{"line":118,"column":3}},"line":102},"6":{"name":"(anonymous_6)","decl":{"start":{"line":124,"column":28},"end":{"line":124,"column":29}},"loc":{"start":{"line":124,"column":48},"end":{"line":140,"column":3}},"line":124},"7":{"name":"(anonymous_7)","decl":{"start":{"line":146,"column":29},"end":{"line":146,"column":30}},"loc":{"start":{"line":146,"column":49},"end":{"line":162,"column":3}},"line":146}},"branchMap":{"0":{"loc":{"start":{"line":58,"column":20},"end":{"line":58,"column":51}},"type":"binary-expr","locations":[{"start":{"line":58,"column":20},"end":{"line":58,"column":45}},{"start":{"line":58,"column":49},"end":{"line":58,"column":51}}],"line":58},"1":{"loc":{"start":{"line":81,"column":20},"end":{"line":81,"column":51}},"type":"binary-expr","locations":[{"start":{"line":81,"column":20},"end":{"line":81,"column":45}},{"start":{"line":81,"column":49},"end":{"line":81,"column":51}}],"line":81}},"s":{"0":16,"1":16,"2":2,"3":2,"4":1,"5":1,"6":1,"7":16,"8":2,"9":2,"10":1,"11":1,"12":1,"13":16,"14":3,"15":3,"16":3,"17":2,"18":1,"19":1,"20":16,"21":3,"22":3,"23":3,"24":2,"25":1,"26":1,"27":16,"28":2,"29":2,"30":1,"31":1,"32":1,"33":16,"34":2,"35":2,"36":1,"37":1,"38":1,"39":16,"40":2,"41":2,"42":1,"43":1,"44":1},"f":{"0":16,"1":2,"2":2,"3":3,"4":3,"5":2,"6":2,"7":2},"b":{"0":[3,2],"1":[3,2]},"_coverageSchema":"1a1c01bbd47fc00a2c39e90264f33305004495a9","hash":"272fcc11a92f1610b3f120357ee28157eb8ae8e7"}
,"C:\\Users\\USUARIO\\Desktop\\A-C-Soluciones\\Backend\\src\\controllers\\notificacion.controller.js": {"path":"C:\\Users\\USUARIO\\Desktop\\A-C-Soluciones\\Backend\\src\\controllers\\notificacion.controller.js","statementMap":{"0":{"start":{"line":7,"column":37},"end":{"line":31,"column":1}},"1":{"start":{"line":8,"column":2},"end":{"line":30,"column":3}},"2":{"start":{"line":9,"column":24},"end":{"line":9,"column":32}},"3":{"start":{"line":10,"column":23},"end":{"line":10,"column":32}},"4":{"start":{"line":12,"column":27},"end":{"line":16,"column":5}},"5":{"start":{"line":18,"column":4},"end":{"line":22,"column":7}},"6":{"start":{"line":25,"column":4},"end":{"line":25,"column":61}},"7":{"start":{"line":26,"column":4},"end":{"line":29,"column":7}},"8":{"start":{"line":36,"column":45},"end":{"line":55,"column":1}},"9":{"start":{"line":37,"column":2},"end":{"line":54,"column":3}},"10":{"start":{"line":38,"column":24},"end":{"line":38,"column":32}},"11":{"start":{"line":40,"column":27},"end":{"line":40,"column":105}},"12":{"start":{"line":42,"column":4},"end":{"line":46,"column":7}},"13":{"start":{"line":49,"column":4},"end":{"line":49,"column":71}},"14":{"start":{"line":50,"column":4},"end":{"line":53,"column":7}},"15":{"start":{"line":60,"column":30},"end":{"line":78,"column":1}},"16":{"start":{"line":61,"column":2},"end":{"line":77,"column":3}},"17":{"start":{"line":62,"column":24},"end":{"line":62,"column":32}},"18":{"start":{"line":64,"column":21},"end":{"line":64,"column":84}},"19":{"start":{"line":66,"column":4},"end":{"line":69,"column":7}},"20":{"start":{"line":72,"column":4},"end":{"line":72,"column":70}},"21":{"start":{"line":73,"column":4},"end":{"line":76,"column":7}},"22":{"start":{"line":83,"column":31},"end":{"line":113,"column":1}},"23":{"start":{"line":84,"column":2},"end":{"line":112,"column":3}},"24":{"start":{"line":85,"column":24},"end":{"line":85,"column":32}},"25":{"start":{"line":86,"column":32},"end":{"line":86,"column":42}},"26":{"start":{"line":88,"column":22},"end":{"line":92,"column":5}},"27":{"start":{"line":94,"column":4},"end":{"line":99,"column":5}},"28":{"start":{"line":95,"column":6},"end":{"line":98,"column":9}},"29":{"start":{"line":101,"column":4},"end":{"line":104,"column":7}},"30":{"start":{"line":107,"column":4},"end":{"line":107,"column":69}},"31":{"start":{"line":108,"column":4},"end":{"line":111,"column":7}},"32":{"start":{"line":118,"column":37},"end":{"line":137,"column":1}},"33":{"start":{"line":119,"column":2},"end":{"line":136,"column":3}},"34":{"start":{"line":120,"column":24},"end":{"line":120,"column":32}},"35":{"start":{"line":122,"column":22},"end":{"line":122,"column":92}},"36":{"start":{"line":124,"column":4},"end":{"line":128,"column":7}},"37":{"start":{"line":131,"column":4},"end":{"line":131,"column":82}},"38":{"start":{"line":132,"column":4},"end":{"line":135,"column":7}},"39":{"start":{"line":142,"column":36},"end":{"line":172,"column":1}},"40":{"start":{"line":143,"column":2},"end":{"line":171,"column":3}},"41":{"start":{"line":144,"column":24},"end":{"line":144,"column":32}},"42":{"start":{"line":145,"column":32},"end":{"line":145,"column":42}},"43":{"start":{"line":147,"column":22},"end":{"line":151,"column":5}},"44":{"start":{"line":153,"column":4},"end":{"line":158,"column":5}},"45":{"start":{"line":154,"column":6},"end":{"line":157,"column":9}},"46":{"start":{"line":160,"column":4},"end":{"line":163,"column":7}},"47":{"start":{"line":166,"column":4},"end":{"line":166,"column":60}},"48":{"start":{"line":167,"column":4},"end":{"line":170,"column":7}}},"fnMap":{"0":{"name":"(anonymous_0)","decl":{"start":{"line":7,"column":37},"end":{"line":7,"column":38}},"loc":{"start":{"line":7,"column":57},"end":{"line":31,"column":1}},"line":7},"1":{"name":"(anonymous_1)","decl":{"start":{"line":36,"column":45},"end":{"line":36,"column":46}},"loc":{"start":{"line":36,"column":65},"end":{"line":55,"column":1}},"line":36},"2":{"name":"(anonymous_2)","decl":{"start":{"line":60,"column":30},"end":{"line":60,"column":31}},"loc":{"start":{"line":60,"column":50},"end":{"line":78,"column":1}},"line":60},"3":{"name":"(anonymous_3)","decl":{"start":{"line":83,"column":31},"end":{"line":83,"column":32}},"loc":{"start":{"line":83,"column":51},"end":{"line":113,"column":1}},"line":83},"4":{"name":"(anonymous_4)","decl":{"start":{"line":118,"column":37},"end":{"line":118,"column":38}},"loc":{"start":{"line":118,"column":57},"end":{"line":137,"column":1}},"line":118},"5":{"name":"(anonymous_5)","decl":{"start":{"line":142,"column":36},"end":{"line":142,"column":37}},"loc":{"start":{"line":142,"column":56},"end":{"line":172,"column":1}},"line":142}},"branchMap":{"0":{"loc":{"start":{"line":15,"column":6},"end":{"line":15,"column":36}},"type":"cond-expr","locations":[{"start":{"line":15,"column":15},"end":{"line":15,"column":31}},{"start":{"line":15,"column":34},"end":{"line":15,"column":36}}],"line":15},"1":{"loc":{"start":{"line":94,"column":4},"end":{"line":99,"column":5}},"type":"if","locations":[{"start":{"line":94,"column":4},"end":{"line":99,"column":5}},{"start":{},"end":{}}],"line":94},"2":{"loc":{"start":{"line":153,"column":4},"end":{"line":158,"column":5}},"type":"if","locations":[{"start":{"line":153,"column":4},"end":{"line":158,"column":5}},{"start":{},"end":{}}],"line":153}},"s":{"0":1,"1":4,"2":4,"3":4,"4":4,"5":3,"6":1,"7":1,"8":1,"9":2,"10":2,"11":2,"12":1,"13":1,"14":1,"15":1,"16":3,"17":3,"18":3,"19":2,"20":1,"21":1,"22":1,"23":3,"24":3,"25":3,"26":3,"27":2,"28":1,"29":1,"30":1,"31":1,"32":1,"33":3,"34":3,"35":3,"36":2,"37":1,"38":1,"39":1,"40":3,"41":3,"42":3,"43":3,"44":2,"45":1,"46":1,"47":1,"48":1},"f":{"0":4,"1":2,"2":3,"3":3,"4":3,"5":3},"b":{"0":[1,3],"1":[1,1],"2":[1,1]},"_coverageSchema":"1a1c01bbd47fc00a2c39e90264f33305004495a9","hash":"ce87d5f5e09ca1c2491a4149f791cc7df97feab6"}
,"C:\\Users\\USUARIO\\Desktop\\A-C-Soluciones\\Backend\\src\\controllers\\preguntas_freceuntes.controller.js": {"path":"C:\\Users\\USUARIO\\Desktop\\A-C-Soluciones\\Backend\\src\\controllers\\preguntas_freceuntes.controller.js","statementMap":{"0":{"start":{"line":5,"column":4},"end":{"line":5,"column":39}},"1":{"start":{"line":8,"column":10},"end":{"line":28,"column":3}},"2":{"start":{"line":9,"column":4},"end":{"line":27,"column":5}},"3":{"start":{"line":10,"column":49},"end":{"line":10,"column":57}},"4":{"start":{"line":11,"column":31},"end":{"line":11,"column":42}},"5":{"start":{"line":13,"column":23},"end":{"line":18,"column":8}},"6":{"start":{"line":20,"column":6},"end":{"line":24,"column":9}},"7":{"start":{"line":26,"column":6},"end":{"line":26,"column":71}},"8":{"start":{"line":30,"column":17},"end":{"line":37,"column":3}},"9":{"start":{"line":31,"column":4},"end":{"line":36,"column":5}},"10":{"start":{"line":32,"column":19},"end":{"line":32,"column":55}},"11":{"start":{"line":33,"column":6},"end":{"line":33,"column":46}},"12":{"start":{"line":35,"column":6},"end":{"line":35,"column":71}},"13":{"start":{"line":39,"column":24},"end":{"line":47,"column":3}},"14":{"start":{"line":40,"column":4},"end":{"line":46,"column":5}},"15":{"start":{"line":41,"column":28},"end":{"line":41,"column":38}},"16":{"start":{"line":42,"column":19},"end":{"line":42,"column":71}},"17":{"start":{"line":43,"column":6},"end":{"line":43,"column":46}},"18":{"start":{"line":45,"column":6},"end":{"line":45,"column":71}},"19":{"start":{"line":49,"column":15},"end":{"line":60,"column":3}},"20":{"start":{"line":50,"column":4},"end":{"line":59,"column":5}},"21":{"start":{"line":51,"column":21},"end":{"line":51,"column":31}},"22":{"start":{"line":52,"column":49},"end":{"line":52,"column":57}},"23":{"start":{"line":54,"column":6},"end":{"line":54,"column":79}},"24":{"start":{"line":56,"column":6},"end":{"line":56,"column":92}},"25":{"start":{"line":58,"column":6},"end":{"line":58,"column":71}},"26":{"start":{"line":62,"column":13},"end":{"line":70,"column":3}},"27":{"start":{"line":63,"column":4},"end":{"line":69,"column":5}},"28":{"start":{"line":64,"column":21},"end":{"line":64,"column":31}},"29":{"start":{"line":65,"column":6},"end":{"line":65,"column":41}},"30":{"start":{"line":66,"column":6},"end":{"line":66,"column":90}},"31":{"start":{"line":68,"column":6},"end":{"line":68,"column":71}}},"fnMap":{"0":{"name":"(anonymous_0)","decl":{"start":{"line":4,"column":2},"end":{"line":4,"column":3}},"loc":{"start":{"line":4,"column":16},"end":{"line":6,"column":3}},"line":4},"1":{"name":"(anonymous_1)","decl":{"start":{"line":8,"column":10},"end":{"line":8,"column":11}},"loc":{"start":{"line":8,"column":30},"end":{"line":28,"column":3}},"line":8},"2":{"name":"(anonymous_2)","decl":{"start":{"line":30,"column":17},"end":{"line":30,"column":18}},"loc":{"start":{"line":30,"column":37},"end":{"line":37,"column":3}},"line":30},"3":{"name":"(anonymous_3)","decl":{"start":{"line":39,"column":24},"end":{"line":39,"column":25}},"loc":{"start":{"line":39,"column":44},"end":{"line":47,"column":3}},"line":39},"4":{"name":"(anonymous_4)","decl":{"start":{"line":49,"column":15},"end":{"line":49,"column":16}},"loc":{"start":{"line":49,"column":35},"end":{"line":60,"column":3}},"line":49},"5":{"name":"(anonymous_5)","decl":{"start":{"line":62,"column":13},"end":{"line":62,"column":14}},"loc":{"start":{"line":62,"column":33},"end":{"line":70,"column":3}},"line":62}},"branchMap":{},"s":{"0":10,"1":10,"2":2,"3":2,"4":2,"5":2,"6":1,"7":1,"8":10,"9":2,"10":2,"11":1,"12":1,"13":10,"14":2,"15":2,"16":2,"17":1,"18":1,"19":10,"20":2,"21":2,"22":2,"23":2,"24":1,"25":1,"26":10,"27":2,"28":2,"29":2,"30":1,"31":1},"f":{"0":10,"1":2,"2":2,"3":2,"4":2,"5":2},"b":{},"_coverageSchema":"1a1c01bbd47fc00a2c39e90264f33305004495a9","hash":"84fef73cdaaa687353dcb1bd24474b2cf0ff754a"}
[...]
:{"line":39,"column":7}},"6":{"start":{"line":38,"column":8},"end":{"line":38,"column":49}},"7":{"start":{"line":42,"column":6},"end":{"line":44,"column":7}},"8":{"start":{"line":43,"column":8},"end":{"line":43,"column":79}},"9":{"start":{"line":46,"column":6},"end":{"line":48,"column":7}},"10":{"start":{"line":47,"column":8},"end":{"line":47,"column":84}},"11":{"start":{"line":50,"column":6},"end":{"line":52,"column":7}},"12":{"start":{"line":51,"column":8},"end":{"line":51,"column":78}},"13":{"start":{"line":54,"column":6},"end":{"line":56,"column":7}},"14":{"start":{"line":55,"column":8},"end":{"line":55,"column":79}},"15":{"start":{"line":59,"column":6},"end":{"line":61,"column":7}},"16":{"start":{"line":60,"column":8},"end":{"line":60,"column":72}},"17":{"start":{"line":63,"column":28},"end":{"line":63,"column":86}},"18":{"start":{"line":64,"column":6},"end":{"line":66,"column":7}},"19":{"start":{"line":65,"column":8},"end":{"line":65,"column":49}},"20":{"start":{"line":69,"column":20},"end":{"line":79,"column":7}},"21":{"start":{"line":81,"column":6},"end":{"line":90,"column":8}},"22":{"start":{"line":92,"column":6},"end":{"line":96,"column":9}},"23":{"start":{"line":97,"column":6},"end":{"line":97,"column":18}},"24":{"start":{"line":102,"column":4},"end":{"line":118,"column":5}},"25":{"start":{"line":103,"column":22},"end":{"line":103,"column":63}},"26":{"start":{"line":106,"column":6},"end":{"line":108,"column":7}},"27":{"start":{"line":107,"column":8},"end":{"line":107,"column":65}},"28":{"start":{"line":110,"column":6},"end":{"line":110,"column":21}},"29":{"start":{"line":112,"column":6},"end":{"line":116,"column":9}},"30":{"start":{"line":117,"column":6},"end":{"line":117,"column":18}},"31":{"start":{"line":123,"column":2},"end":{"line":125,"column":3}},"32":{"start":{"line":124,"column":4},"end":{"line":124,"column":46}},"33":{"start":{"line":127,"column":28},"end":{"line":127,"column":55}},"34":{"start":{"line":129,"column":15},"end":{"line":129,"column":61}},"35":{"start":{"line":130,"column":2},"end":{"line":130,"column":54}},"36":{"start":{"line":130,"column":13},"end":{"line":130,"column":54}},"37":{"start":{"line":132,"column":15},"end":{"line":132,"column":69}},"38":{"start":{"line":133,"column":18},"end":{"line":133,"column":55}},"39":{"start":{"line":135,"column":2},"end":{"line":138,"column":5}},"40":{"start":{"line":140,"column":24},"end":{"line":140,"column":54}},"41":{"start":{"line":141,"column":4},"end":{"line":141,"column":80}},"42":{"start":{"line":143,"column":24},"end":{"line":143,"column":64}},"43":{"start":{"line":145,"column":4},"end":{"line":168,"column":7}},"44":{"start":{"line":173,"column":19},"end":{"line":173,"column":59}},"45":{"start":{"line":174,"column":17},"end":{"line":174,"column":52}},"46":{"start":{"line":175,"column":4},"end":{"line":175,"column":56}},"47":{"start":{"line":175,"column":15},"end":{"line":175,"column":56}},"48":{"start":{"line":177,"column":4},"end":{"line":183,"column":5}},"49":{"start":{"line":182,"column":6},"end":{"line":182,"column":52}},"50":{"start":{"line":185,"column":19},"end":{"line":185,"column":60}},"51":{"start":{"line":186,"column":4},"end":{"line":190,"column":7}},"52":{"start":{"line":196,"column":2},"end":{"line":198,"column":3}},"53":{"start":{"line":197,"column":4},"end":{"line":197,"column":80}},"54":{"start":{"line":199,"column":17},"end":{"line":199,"column":56}},"55":{"start":{"line":201,"column":15},"end":{"line":201,"column":50}},"56":{"start":{"line":202,"column":2},"end":{"line":202,"column":54}},"57":{"start":{"line":202,"column":13},"end":{"line":202,"column":54}},"58":{"start":{"line":204,"column":21},"end":{"line":204,"column":47}},"59":{"start":{"line":205,"column":20},"end":{"line":205,"column":32}},"60":{"start":{"line":207,"column":2},"end":{"line":207,"column":61}},"61":{"start":{"line":207,"column":19},"end":{"line":207,"column":61}},"62":{"start":{"line":209,"column":2},"end":{"line":211,"column":3}},"63":{"start":{"line":210,"column":4},"end":{"line":210,"column":41}},"64":{"start":{"line":213,"column":2},"end":{"line":215,"column":3}},"65":{"start":{"line":214,"column":4},"end":{"line":214,"column":39}},"66":{"start":{"line":217,"column":2},"end":{"line":217,"column":14}},"67":{"start":{"line":223,"column":52},"end":{"line":228,"column":6}},"68":{"start":{"line":229,"column":4},"end":{"line":229,"column":63}}},"fnMap":{"0":{"name":"(anonymous_0)","decl":{"start":{"line":10,"column":2},"end":{"line":10,"column":3}},"loc":{"start":{"line":10,"column":35},"end":{"line":99,"column":3}},"line":10},"1":{"name":"(anonymous_1)","decl":{"start":{"line":101,"column":2},"end":{"line":101,"column":3}},"loc":{"start":{"line":101,"column":27},"end":{"line":119,"column":3}},"line":101},"2":{"name":"(anonymous_2)","decl":{"start":{"line":122,"column":0},"end":{"line":122,"column":1}},"loc":{"start":{"line":122,"column":31},"end":{"line":169,"column":3}},"line":122},"3":{"name":"(anonymous_3)","decl":{"start":{"line":172,"column":2},"end":{"line":172,"column":3}},"loc":{"start":{"line":172,"column":61},"end":{"line":191,"column":3}},"line":172},"4":{"name":"(anonymous_4)","decl":{"start":{"line":195,"column":0},"end":{"line":195,"column":1}},"loc":{"start":{"line":195,"column":51},"end":{"line":218,"column":1}},"line":195},"5":{"name":"(anonymous_5)","decl":{"start":{"line":222,"column":2},"end":{"line":222,"column":3}},"loc":{"start":{"line":222,"column":33},"end":{"line":230,"column":3}},"line":222}},"branchMap":{"0":{"loc":{"start":{"line":13,"column":6},"end":{"line":15,"column":7}},"type":"if","locations":[{"start":{"line":13,"column":6},"end":{"line":15,"column":7}},{"start":{},"end":{}}],"line":13},"1":{"loc":{"start":{"line":13,"column":10},"end":{"line":13,"column":49}},"type":"binary-expr","locations":[{"start":{"line":13,"column":10},"end":{"line":13,"column":25}},{"start":{"line":13,"column":29},"end":{"line":13,"column":49}}],"line":13},"2":{"loc":{"start":{"line":36,"column":19},"end":{"line":36,"column":62}},"type":"binary-expr","locations":[{"start":{"line":36,"column":19},"end":{"line":36,"column":24}},{"start":{"line":36,"column":28},"end":{"line":36,"column":35}},{"start":{"line":36,"column":39},"end":{"line":36,"column":46}},{"start":{"line":36,"column":50},"end":{"line":36,"column":62}}],"line":36},"3":{"loc":{"start":{"line":37,"column":6},"end":{"line":39,"column":7}},"type":"if","locations":[{"start":{"line":37,"column":6},"end":{"line":39,"column":7}},{"start":{},"end":{}}],"line":37},"4":{"loc":{"start":{"line":42,"column":6},"end":{"line":44,"column":7}},"type":"if","locations":[{"start":{"line":42,"column":6},"end":{"line":44,"column":7}},{"start":{},"end":{}}],"line":42},"5":{"loc":{"start":{"line":42,"column":10},"end":{"line":42,"column":70}},"type":"binary-expr","locations":[{"start":{"line":42,"column":10},"end":{"line":42,"column":37}},{"start":{"line":42,"column":41},"end":{"line":42,"column":70}}],"line":42},"6":{"loc":{"start":{"line":46,"column":6},"end":{"line":48,"column":7}},"type":"if","locations":[{"start":{"line":46,"column":6},"end":{"line":48,"column":7}},{"start":{},"end":{}}],"line":46},"7":{"loc":{"start":{"line":46,"column":10},"end":{"line":46,"column":66}},"type":"binary-expr","locations":[{"start":{"line":46,"column":10},"end":{"line":46,"column":35}},{"start":{"line":46,"column":39},"end":{"line":46,"column":66}}],"line":46},"8":{"loc":{"start":{"line":50,"column":6},"end":{"line":52,"column":7}},"type":"if","locations":[{"start":{"line":50,"column":6},"end":{"line":52,"column":7}},{"start":{},"end":{}}],"line":50},"9":{"loc":{"start":{"line":50,"column":10},"end":{"line":50,"column":70}},"type":"binary-expr","locations":[{"start":{"line":50,"column":10},"end":{"line":50,"column":37}},{"start":{"line":50,"column":41},"end":{"line":50,"column":70}}],"line":50},"10":{"loc":{"start":{"line":54,"column":6},"end":{"line":56,"column":7}},"type":"if","locations":[{"start":{"line":54,"column":6},"end":{"line":56,"column":7}},{"start":{},"end":{}}],"line":54},"11":{"loc":{"start":{"line":54,"column":10},"end":{"line":54,"column":80}},"type":"binary-expr","locations":[{"start":{"line":54,"column":10},"end":{"line":54,"column":42}},{"start":{"line":54,"column":46},"end":{"line":54,"column":80}}],"line":54},"12":{"loc":{"start":{"line":59,"column":6},"end":{"line":61,"column":7}},"type":"if","locations":[{"start":{"line":59,"column":6},"end":{"line":61,"column":7}},{"start":{},"end":{}}],"line":59},"13":{"loc":{"start":{"line":64,"column":6},"end":{"line":66,"column":7}},"type":"if","locations":[{"start":{"line":64,"column":6},"end":{"line":66,"column":7}},{"start":{},"end":{}}],"line":64},"14":{"loc":{"start":{"line":75,"column":14},"end":{"line":75,"column":70}},"type":"binary-expr","locations":[{"start":{"line":75,"column":14},"end":{"line":75,"column":31}},{"start":{"line":75,"column":35},"end":{"line":75,"column":70}}],"line":75},"15":{"loc":{"start":{"line":88,"column":14},"end":{"line":88,"column":70}},"type":"binary-expr","locations":[{"start":{"line":88,"column":14},"end":{"line":88,"column":31}},{"start":{"line":88,"column":35},"end":{"line":88,"column":70}}],"line":88},"16":{"loc":{"start":{"line":106,"column":6},"end":{"line":108,"column":7}},"type":"if","locations":[{"start":{"line":106,"column":6},"end":{"line":108,"column":7}},{"start":{},"end":{}}],"line":106},"17":{"loc":{"start":{"line":106,"column":10},"end":{"line":106,"column":55}},"type":"binary-expr","locations":[{"start":{"line":106,"column":10},"end":{"line":106,"column":21}},{"start":{"line":106,"column":25},"end":{"line":106,"column":37}},{"start":{"line":106,"column":41},"end":{"line":106,"column":55}}],"line":106},"18":{"loc":{"start":{"line":123,"column":2},"end":{"line":125,"column":3}},"type":"if","locations":[{"start":{"line":123,"column":2},"end":{"line":125,"column":3}},{"start":{},"end":{}}],"line":123},"19":{"loc":{"start":{"line":130,"column":2},"end":{"line":130,"column":54}},"type":"if","locations":[{"start":{"line":130,"column":2},"end":{"line":130,"column":54}},{"start":{},"end":{}}],"line":130},"20":{"loc":{"start":{"line":175,"column":4},"end":{"line":175,"column":56}},"type":"if","locations":[{"start":{"line":175,"column":4},"end":{"line":175,"column":56}},{"start":{},"end":{}}],"line":175},"21":{"loc":{"start":{"line":177,"column":4},"end":{"line":183,"column":5}},"type":"if","locations":[{"start":{"line":177,"column":4},"end":{"line":183,"column":5}},{"start":{},"end":{}}],"line":177},"22":{"loc":{"start":{"line":178,"column":6},"end":{"line":180,"column":50}},"type":"binary-expr","locations":[{"start":{"line":178,"column":6},"end":{"line":178,"column":25}},{"start":{"line":179,"column":6},"end":{"line":179,"column":33}},{"start":{"line":180,"column":6},"end":{"line":180,"column":50}}],"line":178},"23":{"loc":{"start":{"line":196,"column":2},"end":{"line":198,"column":3}},"type":"if","locations":[{"start":{"line":196,"column":2},"end":{"line":198,"column":3}},{"start":{},"end":{}}],"line":196},"24":{"loc":{"start":{"line":202,"column":2},"end":{"line":202,"column":54}},"type":"if","locations":[{"start":{"line":202,"column":2},"end":{"line":202,"column":54}},{"start":{},"end":{}}],"line":202},"25":{"loc":{"start":{"line":207,"column":2},"end":{"line":207,"column":61}},"type":"if","locations":[{"start":{"line":207,"column":2},"end":{"line":207,"column":61}},{"start":{},"end":{}}],"line":207},"26":{"loc":{"start":{"line":209,"column":2},"end":{"line":211,"column":3}},"type":"if","locations":[{"start":{"line":209,"column":2},"end":{"line":211,"column":3}},{"start":{},"end":{}}],"line":209},"27":{"loc":{"start":{"line":213,"column":2},"end":{"line":215,"column":3}},"type":"if","locations":[{"start":{"line":213,"column":2},"end":{"line":215,"column":3}},{"start":{},"end":{}}],"line":213},"28":{"loc":{"start":{"line":229,"column":11},"end":{"line":229,"column":62}},"type":"binary-expr","locations":[{"start":{"line":229,"column":11},"end":{"line":229,"column":16}},{"start":{"line":229,"column":20},"end":{"line":229,"column":27}},{"start":{"line":229,"column":31},"end":{"line":229,"column":38}},{"start":{"line":229,"column":42},"end":{"line":229,"column":54}},{"start":{"line":229,"column":58},"end":{"line":229,"column":62}}],"line":229}},"s":{"0":11,"1":11,"2":2,"3":9,"4":9,"5":9,"6":1,"7":8,"8":1,"9":7,"10":1,"11":6,"12":1,"13":5,"14":1,"15":4,"16":1,"17":3,"18":3,"19":1,"20":2,"21":2,"22":9,"23":9,"24":3,"25":3,"26":2,"27":1,"28":1,"29":2,"30":2,"31":3,"32":1,"33":2,"34":2,"35":2,"36":1,"37":1,"38":1,"39":1,"40":1,"41":1,"42":1,"43":1,"44":3,"45":3,"46":3,"47":1,"48":2,"49":1,"50":1,"51":1,"52":6,"53":1,"54":5,"55":5,"56":5,"57":1,"58":4,"59":4,"60":4,"61":0,"62":4,"63":2,"64":2,"65":1,"66":1,"67":15,"68":15},"f":{"0":11,"1":3,"2":3,"3":3,"4":6,"5":15},"b":{"0":[2,9],"1":[11,10],"2":[9,5,4,2],"3":[1,8],"4":[1,7],"5":[8,2],"6":[1,6],"7":[7,4],"8":[1,5],"9":[6,1],"10":[1,4],"11":[5,1],"12":[1,3],"13":[1,2],"14":[2,1],"15":[2,1],"16":[1,1],"17":[2,2,1],"18":[1,2],"19":[1,1],"20":[1,2],"21":[1,1],"22":[2,2,2],"23":[1,5],"24":[1,4],"25":[0,4],"26":[2,2],"27":[1,1],"28":[15,7,6,5,4]},"_coverageSchema":"1a1c01bbd47fc00a2c39e90264f33305004495a9","hash":"54aed763136c02628d269ea029bb043cf9986892"}
,"C:\\Users\\USUARIO\\Desktop\\A-C-Soluciones\\Backend\\src\\services\\visita.services.js": {"path":"C:\\Users\\USUARIO\\Desktop\\A-C-Soluciones\\Backend\\src\\services\\visita.services.js","statementMap":{"0":{"start":{"line":7,"column":4},"end":{"line":7,"column":51}},"1":{"start":{"line":8,"column":4},"end":{"line":8,"column":53}},"2":{"start":{"line":9,"column":4},"end":{"line":9,"column":57}},"3":{"start":{"line":13,"column":20},"end":{"line":13,"column":88}},"4":{"start":{"line":14,"column":4},"end":{"line":16,"column":5}},"5":{"start":{"line":15,"column":6},"end":{"line":15,"column":47}},"6":{"start":{"line":17,"column":22},"end":{"line":17,"column":87}},"7":{"start":{"line":18,"column":4},"end":{"line":20,"column":5}},"8":{"start":{"line":19,"column":6},"end":{"line":19,"column":49}},"9":{"start":{"line":21,"column":30},"end":{"line":25,"column":5}},"10":{"start":{"line":26,"column":4},"end":{"line":28,"column":5}},"11":{"start":{"line":27,"column":6},"end":{"line":27,"column":70}},"12":{"start":{"line":29,"column":19},"end":{"line":32,"column":6}},"13":{"start":{"line":33,"column":4},"end":{"line":33,"column":18}},"14":{"start":{"line":36,"column":4},"end":{"line":36,"column":56}},"15":{"start":{"line":39,"column":19},"end":{"line":39,"column":69}},"16":{"start":{"line":40,"column":4},"end":{"line":42,"column":5}},"17":{"start":{"line":41,"column":6},"end":{"line":41,"column":46}},"18":{"start":{"line":43,"column":4},"end":{"line":43,"column":18}},"19":{"start":{"line":45,"column":29},"end":{"line":47,"column":3}},"20":{"start":{"line":46,"column":4},"end":{"line":46,"column":73}},"21":{"start":{"line":49,"column":4},"end":{"line":49,"column":79}},"22":{"start":{"line":52,"column":19},"end":{"line":52,"column":69}},"23":{"start":{"line":53,"column":4},"end":{"line":55,"column":5}},"24":{"start":{"line":54,"column":6},"end":{"line":54,"column":46}},"25":{"start":{"line":56,"column":4},"end":{"line":58,"column":5}},"26":{"start":{"line":57,"column":6},"end":{"line":57,"column":81}},"27":{"start":{"line":59,"column":4},"end":{"line":59,"column":66}},"28":{"start":{"line":62,"column":19},"end":{"line":62,"column":69}},"29":{"start":{"line":63,"column":4},"end":{"line":65,"column":5}},"30":{"start":{"line":64,"column":6},"end":{"line":64,"column":46}},"31":{"start":{"line":66,"column":30},"end":{"line":69,"column":6}},"32":{"start":{"line":70,"column":4},"end":{"line":70,"column":29}},"33":{"start":{"line":73,"column":4},"end":{"line":73,"column":83}},"34":{"start":{"line":77,"column":4},"end":{"line":77,"column":78}},"35":{"start":{"line":80,"column":4},"end":{"line":80,"column":91}}},"fnMap":{"0":{"name":"(anonymous_0)","decl":{"start":{"line":6,"column":2},"end":{"line":6,"column":3}},"loc":{"start":{"line":6,"column":16},"end":{"line":10,"column":3}},"line":6},"1":{"name":"(anonymous_1)","decl":{"start":{"line":12,"column":2},"end":{"line":12,"column":3}},"loc":{"start":{"line":12,"column":26},"end":{"line":34,"column":3}},"line":12},"2":{"name":"(anonymous_2)","decl":{"start":{"line":35,"column":2},"end":{"line":35,"column":3}},"loc":{"start":{"line":35,"column":25},"end":{"line":37,"column":3}},"line":35},"3":{"name":"(anonymous_3)","decl":{"start":{"line":38,"column":2},"end":{"line":38,"column":3}},"loc":{"start":{"line":38,"column":31},"end":{"line":44,"column":3}},"line":38},"4":{"name":"(anonymous_4)","decl":{"start":{"line":45,"column":29},"end":{"line":45,"column":30}},"loc":{"start":{"line":45,"column":50},"end":{"line":47,"column":3}},"line":45},"5":{"name":"(anonymous_5)","decl":{"start":{"line":48,"column":2},"end":{"line":48,"column":3}},"loc":{"start":{"line":48,"column":48},"end":{"line":50,"column":3}},"line":48},"6":{"name":"(anonymous_6)","decl":{"start":{"line":51,"column":2},"end":{"line":51,"column":3}},"loc":{"start":{"line":51,"column":35},"end":{"line":60,"column":3}},"line":51},"7":{"name":"(anonymous_7)","decl":{"start":{"line":61,"column":2},"end":{"line":61,"column":3}},"loc":{"start":{"line":61,"column":35},"end":{"line":71,"column":3}},"line":61},"8":{"name":"(anonymous_8)","decl":{"start":{"line":72,"column":2},"end":{"line":72,"column":3}},"loc":{"start":{"line":72,"column":52},"end":{"line":74,"column":3}},"line":72},"9":{"name":"(anonymous_9)","decl":{"start":{"line":76,"column":2},"end":{"line":76,"column":3}},"loc":{"start":{"line":76,"column":47},"end":{"line":78,"column":3}},"line":76},"10":{"name":"(anonymous_10)","decl":{"start":{"line":79,"column":2},"end":{"line":79,"column":3}},"loc":{"start":{"line":79,"column":60},"end":{"line":81,"column":3}},"line":79}},"branchMap":{"0":{"loc":{"start":{"line":14,"column":4},"end":{"line":16,"column":5}},"type":"if","locations":[{"start":{"line":14,"column":4},"end":{"line":16,"column":5}},{"start":{},"end":{}}],"line":14},"1":{"loc":{"start":{"line":18,"column":4},"end":{"line":20,"column":5}},"type":"if","locations":[{"start":{"line":18,"column":4},"end":{"line":20,"column":5}},{"start":{},"end":{}}],"line":18},"2":{"loc":{"start":{"line":26,"column":4},"end":{"line":28,"column":5}},"type":"if","locations":[{"start":{"line":26,"column":4},"end":{"line":28,"column":5}},{"start":{},"end":{}}],"line":26},"3":{"loc":{"start":{"line":40,"column":4},"end":{"line":42,"column":5}},"type":"if","locations":[{"start":{"line":40,"column":4},"end":{"line":42,"column":5}},{"start":{},"end":{}}],"line":40},"4":{"loc":{"start":{"line":53,"column":4},"end":{"line":55,"column":5}},"type":"if","locations":[{"start":{"line":53,"column":4},"end":{"line":55,"column":5}},{"start":{},"end":{}}],"line":53},"5":{"loc":{"start":{"line":56,"column":4},"end":{"line":58,"column":5}},"type":"if","locations":[{"start":{"line":56,"column":4},"end":{"line":58,"column":5}},{"start":{},"end":{}}],"line":56},"6":{"loc":{"start":{"line":56,"column":8},"end":{"line":56,"column":71}},"type":"binary-expr","locations":[{"start":{"line":56,"column":8},"end":{"line":56,"column":38}},{"start":{"line":56,"column":42},"end":{"line":56,"column":71}}],"line":56},"7":{"loc":{"start":{"line":63,"column":4},"end":{"line":65,"column":5}},"type":"if","locations":[{"start":{"line":63,"column":4},"end":{"line":65,"column":5}},{"start":{},"end":{}}],"line":63}},"s":{"0":14,"1":14,"2":14,"3":2,"4":2,"5":1,"6":1,"7":1,"8":0,"9":1,"10":1,"11":0,"12":1,"13":1,"14":1,"15":2,"16":2,"17":1,"18":1,"19":14,"20":0,"21":1,"22":2,"23":2,"24":0,"25":2,"26":1,"27":1,"28":2,"29":2,"30":1,"31":1,"32":1,"33":1,"34":1,"35":1},"f":{"0":14,"1":2,"2":1,"3":2,"4":0,"5":1,"6":2,"7":2,"8":1,"9":1,"10":1},"b":{"0":[1,1],"1":[0,1],"2":[0,1],"3":[1,1],"4":[0,2],"5":[1,1],"6":[2,1],"7":[1,1]},"_coverageSchema":"1a1c01bbd47fc00a2c39e90264f33305004495a9","hash":"7c7c9c17876c742a18eee8ee43b35f9300a8d823"}
}
