{"C:\\Users\\USUARIO\\Desktop\\A-C-Soluciones\\Backend\\src\\controllers\\Historial_services.controller.js": {"path":"C:\\Users\\USUARIO\\Desktop\\A-C-Soluciones\\Backend\\src\\controllers\\Historial_services.controller.js","statementMap":{"0":{"start":{"line":5,"column":4},"end":{"line":5,"column":67}},"1":{"start":{"line":8,"column":26},"end":{"line":16,"column":3}},"2":{"start":{"line":9,"column":4},"end":{"line":15,"column":5}},"3":{"start":{"line":10,"column":24},"end":{"line":10,"column":44}},"4":{"start":{"line":11,"column":24},"end":{"line":11,"column":92}},"5":{"start":{"line":12,"column":6},"end":{"line":12,"column":51}},"6":{"start":{"line":14,"column":6},"end":{"line":14,"column":71}}},"fnMap":{"0":{"name":"(anonymous_0)","decl":{"start":{"line":4,"column":2},"end":{"line":4,"column":3}},"loc":{"start":{"line":4,"column":16},"end":{"line":6,"column":3}},"line":4},"1":{"name":"(anonymous_1)","decl":{"start":{"line":8,"column":26},"end":{"line":8,"column":27}},"loc":{"start":{"line":8,"column":46},"end":{"line":16,"column":3}},"line":8}},"branchMap":{},"s":{"0":0,"1":0,"2":0,"3":0,"4":0,"5":0,"6":0},"f":{"0":0,"1":0},"b":{}}
,"C:\\Users\\USUARIO\\Desktop\\A-C-Soluciones\\Backend\\src\\controllers\\administrador.controller.js": {"path":"C:\\Users\\USUARIO\\Desktop\\A-C-Soluciones\\Backend\\src\\controllers\\administrador.controller.js","statementMap":{"0":{"start":{"line":7,"column":4},"end":{"line":7,"column":43}},"1":{"start":{"line":9,"column":15},"end":{"line":41,"column":3}},"2":{"start":{"line":10,"column":4},"end":{"line":40,"column":5}},"3":{"start":{"line":11,"column":52},"end":{"line":11,"column":60}},"4":{"start":{"line":12,"column":29},"end":{"line":13,"column":73}},"5":{"start":{"line":14,"column":6},"end":{"line":18,"column":7}},"6":{"start":{"line":15,"column":8},"end":{"line":17,"column":11}},"7":{"start":{"line":19,"column":25},"end":{"line":19,"column":69}},"8":{"start":{"line":20,"column":6},"end":{"line":23,"column":9}},"9":{"start":{"line":25,"column":6},"end":{"line":25,"column":51}},"10":{"start":{"line":26,"column":6},"end":{"line":35,"column":7}},"11":{"start":{"line":27,"column":28},"end":{"line":27,"column":30}},"12":{"start":{"line":28,"column":8},"end":{"line":32,"column":9}},"13":{"start":{"line":29,"column":10},"end":{"line":31,"column":11}},"14":{"start":{"line":30,"column":12},"end":{"line":30,"column":48}},"15":{"start":{"line":34,"column":8},"end":{"line":34,"column":61}},"16":{"start":{"line":36,"column":6},"end":{"line":39,"column":9}},"17":{"start":{"line":42,"column":22},"end":{"line":60,"column":3}},"18":{"start":{"line":43,"column":4},"end":{"line":59,"column":5}},"19":{"start":{"line":44,"column":20},"end":{"line":44,"column":76}},"20":{"start":{"line":46,"column":6},"end":{"line":50,"column":7}},"21":{"start":{"line":47,"column":8},"end":{"line":49,"column":11}},"22":{"start":{"line":51,"column":31},"end":{"line":51,"column":73}},"23":{"start":{"line":52,"column":6},"end":{"line":52,"column":52}},"24":{"start":{"line":54,"column":6},"end":{"line":54,"column":58}},"25":{"start":{"line":55,"column":6},"end":{"line":58,"column":9}},"26":{"start":{"line":61,"column":26},"end":{"line":72,"column":3}},"27":{"start":{"line":62,"column":4},"end":{"line":71,"column":5}},"28":{"start":{"line":63,"column":20},"end":{"line":63,"column":91}},"29":{"start":{"line":64,"column":6},"end":{"line":66,"column":7}},"30":{"start":{"line":65,"column":8},"end":{"line":65,"column":80}},"31":{"start":{"line":67,"column":6},"end":{"line":67,"column":45}},"32":{"start":{"line":69,"column":6},"end":{"line":69,"column":27}},"33":{"start":{"line":70,"column":6},"end":{"line":70,"column":84}},"34":{"start":{"line":73,"column":26},"end":{"line":88,"column":3}},"35":{"start":{"line":74,"column":4},"end":{"line":87,"column":5}},"36":{"start":{"line":75,"column":20},"end":{"line":75,"column":96}},"37":{"start":{"line":76,"column":6},"end":{"line":78,"column":7}},"38":{"start":{"line":77,"column":8},"end":{"line":77,"column":80}},"39":{"start":{"line":79,"column":31},"end":{"line":79,"column":73}},"40":{"start":{"line":80,"column":6},"end":{"line":80,"column":52}},"41":{"start":{"line":82,"column":6},"end":{"line":82,"column":62}},"42":{"start":{"line":83,"column":6},"end":{"line":86,"column":9}},"43":{"start":{"line":89,"column":18},"end":{"line":105,"column":3}},"44":{"start":{"line":90,"column":4},"end":{"line":104,"column":5}},"45":{"start":{"line":91,"column":21},"end":{"line":91,"column":60}},"46":{"start":{"line":92,"column":32},"end":{"line":96,"column":8}},"47":{"start":{"line":93,"column":26},"end":{"line":93,"column":37}},"48":{"start":{"line":94,"column":8},"end":{"line":94,"column":37}},"49":{"start":{"line":95,"column":8},"end":{"line":95,"column":25}},"50":{"start":{"line":97,"column":6},"end":{"line":97,"column":53}},"51":{"start":{"line":99,"column":6},"end":{"line":99,"column":54}},"52":{"start":{"line":100,"column":6},"end":{"line":103,"column":9}},"53":{"start":{"line":106,"column":20},"end":{"line":137,"column":3}},"54":{"start":{"line":107,"column":4},"end":{"line":136,"column":5}},"55":{"start":{"line":108,"column":31},"end":{"line":111,"column":7}},"56":{"start":{"line":112,"column":6},"end":{"line":114,"column":7}},"57":{"start":{"line":113,"column":8},"end":{"line":113,"column":80}},"58":{"start":{"line":115,"column":31},"end":{"line":115,"column":84}},"59":{"start":{"line":116,"column":6},"end":{"line":119,"column":9}},"60":{"start":{"line":121,"column":6},"end":{"line":121,"column":56}},"61":{"start":{"line":122,"column":6},"end":{"line":131,"column":7}},"62":{"start":{"line":123,"column":28},"end":{"line":123,"column":30}},"63":{"start":{"line":124,"column":8},"end":{"line":128,"column":9}},"64":{"start":{"line":125,"column":10},"end":{"line":127,"column":11}},"65":{"start":{"line":126,"column":12},"end":{"line":126,"column":48}},"66":{"start":{"line":130,"column":8},"end":{"line":130,"column":61}},"67":{"start":{"line":132,"column":6},"end":{"line":135,"column":9}},"68":{"start":{"line":138,"column":18},"end":{"line":155,"column":3}},"69":{"start":{"line":139,"column":4},"end":{"line":154,"column":5}},"70":{"start":{"line":140,"column":29},"end":{"line":140,"column":81}},"71":{"start":{"line":142,"column":6},"end":{"line":144,"column":7}},"72":{"start":{"line":143,"column":8},"end":{"line":143,"column":80}},"73":{"start":{"line":145,"column":6},"end":{"line":147,"column":9}},"74":{"start":{"line":149,"column":6},"end":{"line":149,"column":54}},"75":{"start":{"line":150,"column":6},"end":{"line":153,"column":9}},"76":{"start":{"line":156,"column":20},"end":{"line":182,"column":3}},"77":{"start":{"line":157,"column":4},"end":{"line":181,"column":5}},"78":{"start":{"line":158,"column":50},"end":{"line":158,"column":58}},"79":{"start":{"line":160,"column":20},"end":{"line":163,"column":7}},"80":{"start":{"line":164,"column":20},"end":{"line":164,"column":44}},"81":{"start":{"line":165,"column":6},"end":{"line":174,"column":9}},"82":{"start":{"line":176,"column":6},"end":{"line":176,"column":56}},"83":{"start":{"line":177,"column":6},"end":{"line":180,"column":9}}},"fnMap":{"0":{"name":"(anonymous_0)","decl":{"start":{"line":6,"column":2},"end":{"line":6,"column":3}},"loc":{"start":{"line":6,"column":16},"end":{"line":8,"column":3}},"line":6},"1":{"name":"(anonymous_1)","decl":{"start":{"line":9,"column":15},"end":{"line":9,"column":16}},"loc":{"start":{"line":9,"column":35},"end":{"line":41,"column":3}},"line":9},"2":{"name":"(anonymous_2)","decl":{"start":{"line":42,"column":22},"end":{"line":42,"column":23}},"loc":{"start":{"line":42,"column":42},"end":{"line":60,"column":3}},"line":42},"3":{"name":"(anonymous_3)","decl":{"start":{"line":61,"column":26},"end":{"line":61,"column":27}},"loc":{"start":{"line":61,"column":46},"end":{"line":72,"column":3}},"line":61},"4":{"name":"(anonymous_4)","decl":{"start":{"line":73,"column":26},"end":{"line":73,"column":27}},"loc":{"start":{"line":73,"column":46},"end":{"line":88,"column":3}},"line":73},"5":{"name":"(anonymous_5)","decl":{"start":{"line":89,"column":18},"end":{"line":89,"column":19}},"loc":{"start":{"line":89,"column":38},"end":{"line":105,"column":3}},"line":89},"6":{"name":"(anonymous_6)","decl":{"start":{"line":92,"column":43},"end":{"line":92,"column":44}},"loc":{"start":{"line":92,"column":52},"end":{"line":96,"column":7}},"line":92},"7":{"name":"(anonymous_7)","decl":{"start":{"line":106,"column":20},"end":{"line":106,"column":21}},"loc":{"start":{"line":106,"column":40},"end":{"line":137,"column":3}},"line":106},"8":{"name":"(anonymous_8)","decl":{"start":{"line":138,"column":18},"end":{"line":138,"column":19}},"loc":{"start":{"line":138,"column":38},"end":{"line":155,"column":3}},"line":138},"9":{"name":"(anonymous_9)","decl":{"start":{"line":156,"column":20},"end":{"line":156,"column":21}},"loc":{"start":{"line":156,"column":40},"end":{"line":182,"column":3}},"line":156}},"branchMap":{"0":{"loc":{"start":{"line":12,"column":29},"end":{"line":13,"column":73}},"type":"binary-expr","locations":[{"start":{"line":12,"column":29},"end":{"line":12,"column":89}},{"start":{"line":13,"column":8},"end":{"line":13,"column":73}}],"line":12},"1":{"loc":{"start":{"line":14,"column":6},"end":{"line":18,"column":7}},"type":"if","locations":[{"start":{"line":14,"column":6},"end":{"line":18,"column":7}},{"start":{},"end":{}}],"line":14},"2":{"loc":{"start":{"line":26,"column":6},"end":{"line":35,"column":7}},"type":"if","locations":[{"start":{"line":26,"column":6},"end":{"line":35,"column":7}},{"start":{},"end":{}}],"line":26},"3":{"loc":{"start":{"line":29,"column":10},"end":{"line":31,"column":11}},"type":"if","locations":[{"start":{"line":29,"column":10},"end":{"line":31,"column":11}},{"start":{},"end":{}}],"line":29},"4":{"loc":{"start":{"line":46,"column":6},"end":{"line":50,"column":7}},"type":"if","locations":[{"start":{"line":46,"column":6},"end":{"line":50,"column":7}},{"start":{},"end":{}}],"line":46},"5":{"loc":{"start":{"line":64,"column":6},"end":{"line":66,"column":7}},"type":"if","locations":[{"start":{"line":64,"column":6},"end":{"line":66,"column":7}},{"start":{},"end":{}}],"line":64},"6":{"loc":{"start":{"line":76,"column":6},"end":{"line":78,"column":7}},"type":"if","locations":[{"start":{"line":76,"column":6},"end":{"line":78,"column":7}},{"start":{},"end":{}}],"line":76},"7":{"loc":{"start":{"line":112,"column":6},"end":{"line":114,"column":7}},"type":"if","locations":[{"start":{"line":112,"column":6},"end":{"line":114,"column":7}},{"start":{},"end":{}}],"line":112},"8":{"loc":{"start":{"line":122,"column":6},"end":{"line":131,"column":7}},"type":"if","locations":[{"start":{"line":122,"column":6},"end":{"line":131,"column":7}},{"start":{},"end":{}}],"line":122},"9":{"loc":{"start":{"line":125,"column":10},"end":{"line":127,"column":11}},"type":"if","locations":[{"start":{"line":125,"column":10},"end":{"line":127,"column":11}},{"start":{},"end":{}}],"line":125},"10":{"loc":{"start":{"line":142,"column":6},"end":{"line":144,"column":7}},"type":"if","locations":[{"start":{"line":142,"column":6},"end":{"line":144,"column":7}},{"start":{},"end":{}}],"line":142}},"s":{"0":24,"1":24,"2":4,"3":4,"4":4,"5":2,"6":1,"7":1,"8":1,"9":2,"10":2,"11":1,"12":1,"13":1,"14":1,"15":1,"16":1,"17":24,"18":3,"19":3,"20":2,"21":1,"22":1,"23":1,"24":1,"25":1,"26":24,"27":3,"28":3,"29":2,"30":1,"31":1,"32":1,"33":1,"34":24,"35":3,"36":3,"37":2,"38":1,"39":1,"40":1,"41":1,"42":1,"43":24,"44":2,"45":2,"46":1,"47":2,"48":2,"49":2,"50":1,"51":1,"52":1,"53":24,"54":4,"55":4,"56":2,"57":1,"58":1,"59":1,"60":2,"61":2,"62":1,"63":1,"64":1,"65":1,"66":1,"67":1,"68":24,"69":3,"70":3,"71":2,"72":1,"73":1,"74":1,"75":1,"76":24,"77":2,"78":2,"79":2,"80":1,"81":1,"82":1,"83":1},"f":{"0":24,"1":4,"2":3,"3":3,"4":3,"5":2,"6":2,"7":4,"8":3,"9":2},"b":{"0":[4,1],"1":[1,1],"2":[1,1],"3":[1,0],"4":[1,1],"5":[1,1],"6":[1,1],"7":[1,1],"8":[1,1],"9":[1,0],"10":[1,1]},"_coverageSchema":"1a1c01bbd47fc00a2c39e90264f33305004495a9","hash":"3dc057e430b7570c842fe900e2aae5e638136e20"}
,"C:\\Users\\USUARIO\\Desktop\\A-C-Soluciones\\Backend\\src\\controllers\\chatbot.controller.js": {"path":"C:\\Users\\USUARIO\\Desktop\\A-C-Soluciones\\Backend\\src\\controllers\\chatbot.controller.js","statementMap":{"0":{"start":{"line":6,"column":28},"end":{"line":32,"column":1}},"1":{"start":{"line":7,"column":2},"end":{"line":31,"column":3}},"2":{"start":{"line":8,"column":33},"end":{"line":8,"column":41}},"3":{"start":{"line":10,"column":4},"end":{"line":12,"column":5}},"4":{"start":{"line":11,"column":6},"end":{"line":11,"column":56}},"5":{"start":{"line":14,"column":23},"end":{"line":14,"column":44}},"6":{"start":{"line":16,"column":22},"end":{"line":16,"column":63}},"7":{"start":{"line":19,"column":4},"end":{"line":21,"column":5}},"8":{"start":{"line":20,"column":6},"end":{"line":20,"column":55}},"9":{"start":{"line":23,"column":4},"end":{"line":26,"column":7}},"10":{"start":{"line":29,"column":4},"end":{"line":29,"column":43}},"11":{"start":{"line":30,"column":4},"end":{"line":30,"column":53}},"12":{"start":{"line":34,"column":25},"end":{"line":48,"column":1}},"13":{"start":{"line":35,"column":2},"end":{"line":47,"column":3}},"14":{"start":{"line":36,"column":35},"end":{"line":36,"column":43}},"15":{"start":{"line":38,"column":4},"end":{"line":40,"column":5}},"16":{"start":{"line":39,"column":6},"end":{"line":39,"column":64}},"17":{"start":{"line":42,"column":24},"end":{"line":42,"column":79}},"18":{"start":{"line":43,"column":4},"end":{"line":43,"column":77}},"19":{"start":{"line":45,"column":4},"end":{"line":45,"column":50}},"20":{"start":{"line":46,"column":4},"end":{"line":46,"column":53}},"21":{"start":{"line":50,"column":29},"end":{"line":53,"column":1}},"22":{"start":{"line":51,"column":21},"end":{"line":51,"column":64}},"23":{"start":{"line":52,"column":2},"end":{"line":52,"column":23}},"24":{"start":{"line":56,"column":32},"end":{"line":65,"column":1}},"25":{"start":{"line":57,"column":2},"end":{"line":64,"column":3}},"26":{"start":{"line":58,"column":38},"end":{"line":58,"column":46}},"27":{"start":{"line":59,"column":4},"end":{"line":59,"column":75}},"28":{"start":{"line":60,"column":4},"end":{"line":60,"column":59}},"29":{"start":{"line":62,"column":4},"end":{"line":62,"column":56}},"30":{"start":{"line":63,"column":4},"end":{"line":63,"column":67}}},"fnMap":{"0":{"name":"(anonymous_0)","decl":{"start":{"line":6,"column":28},"end":{"line":6,"column":29}},"loc":{"start":{"line":6,"column":48},"end":{"line":32,"column":1}},"line":6},"1":{"name":"(anonymous_1)","decl":{"start":{"line":34,"column":25},"end":{"line":34,"column":26}},"loc":{"start":{"line":34,"column":45},"end":{"line":48,"column":1}},"line":34},"2":{"name":"(anonymous_2)","decl":{"start":{"line":50,"column":29},"end":{"line":50,"column":30}},"loc":{"start":{"line":50,"column":49},"end":{"line":53,"column":1}},"line":50},"3":{"name":"(anonymous_3)","decl":{"start":{"line":56,"column":32},"end":{"line":56,"column":33}},"loc":{"start":{"line":56,"column":52},"end":{"line":65,"column":1}},"line":56}},"branchMap":{"0":{"loc":{"start":{"line":10,"column":4},"end":{"line":12,"column":5}},"type":"if","locations":[{"start":{"line":10,"column":4},"end":{"line":12,"column":5}},{"start":{},"end":{}}],"line":10},"1":{"loc":{"start":{"line":19,"column":4},"end":{"line":21,"column":5}},"type":"if","locations":[{"start":{"line":19,"column":4},"end":{"line":21,"column":5}},{"start":{},"end":{}}],"line":19},"2":{"loc":{"start":{"line":38,"column":4},"end":{"line":40,"column":5}},"type":"if","locations":[{"start":{"line":38,"column":4},"end":{"line":40,"column":5}},{"start":{},"end":{}}],"line":38},"3":{"loc":{"start":{"line":38,"column":8},"end":{"line":38,"column":70}},"type":"binary-expr","locations":[{"start":{"line":38,"column":8},"end":{"line":38,"column":17}},{"start":{"line":38,"column":21},"end":{"line":38,"column":45}},{"start":{"line":38,"column":49},"end":{"line":38,"column":70}}],"line":38}},"s":{"0":1,"1":3,"2":3,"3":3,"4":2,"5":3,"6":3,"7":2,"8":1,"9":2,"10":1,"11":1,"12":1,"13":3,"14":3,"15":3,"16":1,"17":2,"18":1,"19":1,"20":1,"21":1,"22":1,"23":1,"24":1,"25":2,"26":2,"27":2,"28":1,"29":1,"30":1},"f":{"0":3,"1":3,"2":1,"3":2},"b":{"0":[2,1],"1":[1,1],"2":[1,2],"3":[3,2,2]},"_coverageSchema":"1a1c01bbd47fc00a2c39e90264f33305004495a9","hash":"e5f2b826df9baaead81a567b7402e691d579b4b7"}
,"C:\\Users\\USUARIO\\Desktop\\A-C-Soluciones\\Backend\\src\\controllers\\cliente.controller.js": {"path":"C:\\Users\\USUARIO\\Desktop\\A-C-Soluciones\\Backend\\src\\controllers\\cliente.controller.js","statementMap":{"0":{"start":{"line":9,"column":8},"end":{"line":9,"column":45}},"1":{"start":{"line":10,"column":8},"end":{"line":10,"column":69}},"2":{"start":{"line":11,"column":21},"end":{"line":37,"column":5}},"3":{"start":{"line":12,"column":8},"end":{"line":36,"column":9}},"4":{"start":{"line":13,"column":41},"end":{"line":13,"column":49}},"5":{"start":{"line":14,"column":37},"end":{"line":14,"column":104}},"6":{"start":{"line":16,"column":12},"end":{"line":18,"column":13}},"7":{"start":{"line":17,"column":16},"end":{"line":17,"column":91}},"8":{"start":{"line":19,"column":33},"end":{"line":19,"column":81}},"9":{"start":{"line":20,"column":12},"end":{"line":20,"column":54}},"10":{"start":{"line":23,"column":12},"end":{"line":23,"column":33}},"11":{"start":{"line":25,"column":12},"end":{"line":34,"column":13}},"12":{"start":{"line":26,"column":36},"end":{"line":26,"column":38}},"13":{"start":{"line":27,"column":16},"end":{"line":31,"column":17}},"14":{"start":{"line":28,"column":20},"end":{"line":30,"column":21}},"15":{"start":{"line":29,"column":24},"end":{"line":29,"column":60}},"16":{"start":{"line":33,"column":16},"end":{"line":33,"column":69}},"17":{"start":{"line":35,"column":12},"end":{"line":35,"column":83}},"18":{"start":{"line":38,"column":26},"end":{"line":50,"column":5}},"19":{"start":{"line":39,"column":8},"end":{"line":49,"column":9}},"20":{"start":{"line":40,"column":28},"end":{"line":40,"column":88}},"21":{"start":{"line":41,"column":12},"end":{"line":43,"column":13}},"22":{"start":{"line":42,"column":16},"end":{"line":42,"column":83}},"23":{"start":{"line":44,"column":12},"end":{"line":44,"column":49}},"24":{"start":{"line":46,"column":12},"end":{"line":46,"column":33}},"25":{"start":{"line":48,"column":12},"end":{"line":48,"column":85}},"26":{"start":{"line":51,"column":30},"end":{"line":64,"column":5}},"27":{"start":{"line":52,"column":8},"end":{"line":63,"column":9}},"28":{"start":{"line":53,"column":28},"end":{"line":53,"column":106}},"29":{"start":{"line":55,"column":12},"end":{"line":57,"column":13}},"30":{"start":{"line":56,"column":16},"end":{"line":56,"column":82}},"31":{"start":{"line":58,"column":12},"end":{"line":58,"column":53}},"32":{"start":{"line":60,"column":12},"end":{"line":60,"column":33}},"33":{"start":{"line":62,"column":12},"end":{"line":62,"column":85}},"34":{"start":{"line":65,"column":30},"end":{"line":73,"column":5}},"35":{"start":{"line":66,"column":8},"end":{"line":72,"column":9}},"36":{"start":{"line":67,"column":29},"end":{"line":67,"column":80}},"37":{"start":{"line":68,"column":12},"end":{"line":68,"column":50}},"38":{"start":{"line":70,"column":12},"end":{"line":70,"column":33}},"39":{"start":{"line":71,"column":12},"end":{"line":71,"column":87}},"40":{"start":{"line":74,"column":29},"end":{"line":82,"column":5}},"41":{"start":{"line":75,"column":8},"end":{"line":81,"column":9}},"42":{"start":{"line":76,"column":29},"end":{"line":76,"column":79}},"43":{"start":{"line":77,"column":12},"end":{"line":77,"column":50}},"44":{"start":{"line":79,"column":12},"end":{"line":79,"column":33}},"45":{"start":{"line":80,"column":12},"end":{"line":80,"column":95}},"46":{"start":{"line":83,"column":24},"end":{"line":104,"column":5}},"47":{"start":{"line":84,"column":8},"end":{"line":103,"column":9}},"48":{"start":{"line":85,"column":39},"end":{"line":85,"column":107}},"49":{"start":{"line":86,"column":12},"end":{"line":88,"column":13}},"50":{"start":{"line":87,"column":16},"end":{"line":87,"column":83}},"51":{"start":{"line":89,"column":12},"end":{"line":89,"column":60}},"52":{"start":{"line":91,"column":12},"end":{"line":91,"column":33}},"53":{"start":{"line":92,"column":12},"end":{"line":101,"column":13}},"54":{"start":{"line":93,"column":36},"end":{"line":93,"column":38}},"55":{"start":{"line":94,"column":16},"end":{"line":98,"column":17}},"56":{"start":{"line":95,"column":20},"end":{"line":97,"column":21}},"57":{"start":{"line":96,"column":24},"end":{"line":96,"column":60}},"58":{"start":{"line":100,"column":16},"end":{"line":100,"column":69}},"59":{"start":{"line":102,"column":12},"end":{"line":102,"column":88}},"60":{"start":{"line":105,"column":22},"end":{"line":116,"column":5}},"61":{"start":{"line":106,"column":8},"end":{"line":115,"column":9}},"62":{"start":{"line":107,"column":37},"end":{"line":107,"column":93}},"63":{"start":{"line":108,"column":12},"end":{"line":110,"column":13}},"64":{"start":{"line":109,"column":16},"end":{"line":109,"column":83}},"65":{"start":{"line":111,"column":12},"end":{"line":111,"column":58}},"66":{"start":{"line":113,"column":12},"end":{"line":113,"column":33}},"67":{"start":{"line":114,"column":12},"end":{"line":114,"column":86}},"68":{"start":{"line":117,"column":29},"end":{"line":128,"column":5}},"69":{"start":{"line":118,"column":8},"end":{"line":127,"column":9}},"70":{"start":{"line":119,"column":28},"end":{"line":119,"column":107}},"71":{"start":{"line":120,"column":12},"end":{"line":122,"column":13}},"72":{"start":{"line":121,"column":16},"end":{"line":121,"column":83}},"73":{"start":{"line":123,"column":12},"end":{"line":123,"column":49}},"74":{"start":{"line":125,"column":12},"end":{"line":125,"column":33}},"75":{"start":{"line":126,"column":12},"end":{"line":126,"column":85}},"76":{"start":{"line":133,"column":25},"end":{"line":155,"column":5}},"77":{"start":{"line":134,"column":8},"end":{"line":154,"column":9}},"78":{"start":{"line":135,"column":30},"end":{"line":135,"column":41}},"79":{"start":{"line":136,"column":33},"end":{"line":136,"column":35}},"80":{"start":{"line":138,"column":12},"end":{"line":142,"column":15}},"81":{"start":{"line":139,"column":16},"end":{"line":141,"column":17}},"82":{"start":{"line":140,"column":20},"end":{"line":140,"column":58}},"83":{"start":{"line":144,"column":39},"end":{"line":144,"column":113}},"84":{"start":{"line":146,"column":12},"end":{"line":148,"column":13}},"85":{"start":{"line":147,"column":16},"end":{"line":147,"column":83}},"86":{"start":{"line":150,"column":12},"end":{"line":150,"column":60}},"87":{"start":{"line":152,"column":12},"end":{"line":152,"column":33}},"88":{"start":{"line":153,"column":12},"end":{"line":153,"column":99}}},"fnMap":{"0":{"name":"(anonymous_0)","decl":{"start":{"line":8,"column":4},"end":{"line":8,"column":5}},"loc":{"start":{"line":8,"column":55},"end":{"line":11,"column":5}},"line":8},"1":{"name":"(anonymous_1)","decl":{"start":{"line":11,"column":21},"end":{"line":11,"column":22}},"loc":{"start":{"line":11,"column":41},"end":{"line":37,"column":5}},"line":11},"2":{"name":"(anonymous_2)","decl":{"start":{"line":38,"column":26},"end":{"line":38,"column":27}},"loc":{"start":{"line":38,"column":46},"end":{"line":50,"column":5}},"line":38},"3":{"name":"(anonymous_3)","decl":{"start":{"line":51,"column":30},"end":{"line":51,"column":31}},"loc":{"start":{"line":51,"column":50},"end":{"line":64,"column":5}},"line":51},"4":{"name":"(anonymous_4)","decl":{"start":{"line":65,"column":30},"end":{"line":65,"column":31}},"loc":{"start":{"line":65,"column":50},"end":{"line":73,"column":5}},"line":65},"5":{"name":"(anonymous_5)","decl":{"start":{"line":74,"column":29},"end":{"line":74,"column":30}},"loc":{"start":{"line":74,"column":49},"end":{"line":82,"column":5}},"line":74},"6":{"name":"(anonymous_6)","decl":{"start":{"line":83,"column":24},"end":{"line":83,"column":25}},"loc":{"start":{"line":83,"column":44},"end":{"line":104,"column":5}},"line":83},"7":{"name":"(anonymous_7)","decl":{"start":{"line":105,"column":22},"end":{"line":105,"column":23}},"loc":{"start":{"line":105,"column":42},"end":{"line":116,"column":5}},"line":105},"8":{"name":"(anonymous_8)","decl":{"start":{"line":117,"column":29},"end":{"line":117,"column":30}},"loc":{"start":{"line":117,"column":49},"end":{"line":128,"column":5}},"line":117},"9":{"name":"(anonymous_9)","decl":{"start":{"line":133,"column":25},"end":{"line":133,"column":26}},"loc":{"start":{"line":133,"column":45},"end":{"line":155,"column":5}},"line":133},"10":{"name":"(anonymous_10)","decl":{"start":{"line":138,"column":44},"end":{"line":138,"column":45}},"loc":{"start":{"line":138,"column":55},"end":{"line":142,"column":13}},"line":138}},"branchMap":{"0":{"loc":{"start":{"line":8,"column":16},"end":{"line":8,"column":53}},"type":"default-arg","locations":[{"start":{"line":8,"column":33},"end":{"line":8,"column":53}}],"line":8},"1":{"loc":{"start":{"line":16,"column":12},"end":{"line":18,"column":13}},"type":"if","locations":[{"start":{"line":16,"column":12},"end":{"line":18,"column":13}},{"start":{},"end":{}}],"line":16},"2":{"loc":{"start":{"line":25,"column":12},"end":{"line":34,"column":13}},"type":"if","locations":[{"start":{"line":25,"column":12},"end":{"line":34,"column":13}},{"start":{},"end":{}}],"line":25},"3":{"loc":{"start":{"line":28,"column":20},"end":{"line":30,"column":21}},"type":"if","locations":[{"start":{"line":28,"column":20},"end":{"line":30,"column":21}},{"start":{},"end":{}}],"line":28},"4":{"loc":{"start":{"line":41,"column":12},"end":{"line":43,"column":13}},"type":"if","locations":[{"start":{"line":41,"column":12},"end":{"line":43,"column":13}},{"start":{},"end":{}}],"line":41},"5":{"loc":{"start":{"line":55,"column":12},"end":{"line":57,"column":13}},"type":"if","locations":[{"start":{"line":55,"column":12},"end":{"line":57,"column":13}},{"start":{},"end":{}}],"line":55},"6":{"loc":{"start":{"line":86,"column":12},"end":{"line":88,"column":13}},"type":"if","locations":[{"start":{"line":86,"column":12},"end":{"line":88,"column":13}},{"start":{},"end":{}}],"line":86},"7":{"loc":{"start":{"line":92,"column":12},"end":{"line":101,"column":13}},"type":"if","locations":[{"start":{"line":92,"column":12},"end":{"line":101,"column":13}},{"start":{},"end":{}}],"line":92},"8":{"loc":{"start":{"line":95,"column":20},"end":{"line":97,"column":21}},"type":"if","locations":[{"start":{"line":95,"column":20},"end":{"line":97,"column":21}},{"start":{},"end":{}}],"line":95},"9":{"loc":{"start":{"line":108,"column":12},"end":{"line":110,"column":13}},"type":"if","locations":[{"start":{"line":108,"column":12},"end":{"line":110,"column":13}},{"start":{},"end":{}}],"line":108},"10":{"loc":{"start":{"line":120,"column":12},"end":{"line":122,"column":13}},"type":"if","locations":[{"start":{"line":120,"column":12},"end":{"line":122,"column":13}},{"start":{},"end":{}}],"line":120},"11":{"loc":{"start":{"line":139,"column":16},"end":{"line":141,"column":17}},"type":"if","locations":[{"start":{"line":139,"column":16},"end":{"line":141,"column":17}},{"start":{},"end":{}}],"line":139},"12":{"loc":{"start":{"line":146,"column":12},"end":{"line":148,"column":13}},"type":"if","locations":[{"start":{"line":146,"column":12},"end":{"line":148,"column":13}},{"start":{},"end":{}}],"line":146}},"s":{"0":29,"1":29,"2":29,"3":4,"4":4,"5":4,"6":3,"7":1,"8":2,"9":1,"10":2,"11":2,"12":1,"13":1,"14":1,"15":1,"16":1,"17":1,"18":29,"19":3,"20":3,"21":2,"22":1,"23":1,"24":1,"25":1,"26":29,"27":3,"28":3,"29":2,"30":1,"31":1,"32":1,"33":1,"34":29,"35":2,"36":2,"37":1,"38":1,"39":1,"40":29,"41":2,"42":2,"43":1,"44":1,"45":1,"46":29,"47":3,"48":3,"49":2,"50":1,"51":1,"52":1,"53":1,"54":0,"55":0,"56":0,"57":0,"58":0,"59":1,"60":29,"61":3,"62":3,"63":2,"64":1,"65":1,"66":1,"67":1,"68":29,"69":3,"70":3,"71":2,"72":1,"73":1,"74":1,"75":1,"76":29,"77":3,"78":3,"79":3,"80":3,"81":18,"82":9,"83":3,"84":2,"85":1,"86":1,"87":1,"88":1},"f":{"0":29,"1":4,"2":3,"3":3,"4":2,"5":2,"6":3,"7":3,"8":3,"9":3,"10":18},"b":{"0":[26],"1":[1,2],"2":[1,1],"3":[1,0],"4":[1,1],"5":[1,1],"6":[1,1],"7":[0,1],"8":[0,0],"9":[1,1],"10":[1,1],"11":[9,9],"12":[1,1]},"_coverageSchema":"1a1c01bbd47fc00a2c39e90264f33305004495a9","hash":"79cc285118c3ee46b627b46b2eab550ffa378a0d"}
,"C:\\Users\\USUARIO\\Desktop\\A-C-Soluciones\\Backend\\src\\controllers\\contabilidad.controller.js": {"path":"C:\\Users\\USUARIO\\Desktop\\A-C-Soluciones\\Backend\\src\\controllers\\contabilidad.controller.js","statementMap":{"0":{"start":{"line":6,"column":4},"end":{"line":6,"column":57}},"1":{"start":{"line":8,"column":22},"end":{"line":40,"column":3}},"2":{"start":{"line":9,"column":4},"end":{"line":39,"column":5}},"3":{"start":{"line":10,"column":55},"end":{"line":10,"column":63}},"4":{"start":{"line":11,"column":36},"end":{"line":12,"column":87}},"5":{"start":{"line":13,"column":6},"end":{"line":17,"column":7}},"6":{"start":{"line":14,"column":8},"end":{"line":16,"column":11}},"7":{"start":{"line":18,"column":32},"end":{"line":18,"column":90}},"8":{"start":{"line":19,"column":6},"end":{"line":22,"column":9}},"9":{"start":{"line":24,"column":6},"end":{"line":24,"column":58}},"10":{"start":{"line":25,"column":6},"end":{"line":34,"column":7}},"11":{"start":{"line":26,"column":28},"end":{"line":26,"column":30}},"12":{"start":{"line":27,"column":8},"end":{"line":31,"column":9}},"13":{"start":{"line":28,"column":10},"end":{"line":30,"column":11}},"14":{"start":{"line":29,"column":12},"end":{"line":29,"column":48}},"15":{"start":{"line":33,"column":8},"end":{"line":33,"column":61}},"16":{"start":{"line":35,"column":6},"end":{"line":38,"column":9}},"17":{"start":{"line":42,"column":24},"end":{"line":50,"column":3}},"18":{"start":{"line":43,"column":4},"end":{"line":49,"column":5}},"19":{"start":{"line":44,"column":27},"end":{"line":44,"column":80}},"20":{"start":{"line":45,"column":6},"end":{"line":45,"column":52}},"21":{"start":{"line":47,"column":6},"end":{"line":47,"column":27}},"22":{"start":{"line":48,"column":6},"end":{"line":48,"column":79}},"23":{"start":{"line":52,"column":29},"end":{"line":70,"column":3}},"24":{"start":{"line":53,"column":4},"end":{"line":69,"column":5}},"25":{"start":{"line":54,"column":27},"end":{"line":54,"column":97}},"26":{"start":{"line":56,"column":6},"end":{"line":60,"column":7}},"27":{"start":{"line":57,"column":8},"end":{"line":59,"column":11}},"28":{"start":{"line":61,"column":38},"end":{"line":61,"column":87}},"29":{"start":{"line":62,"column":6},"end":{"line":62,"column":59}},"30":{"start":{"line":64,"column":6},"end":{"line":64,"column":60}},"31":{"start":{"line":65,"column":6},"end":{"line":68,"column":9}},"32":{"start":{"line":71,"column":33},"end":{"line":82,"column":3}},"33":{"start":{"line":72,"column":4},"end":{"line":81,"column":5}},"34":{"start":{"line":73,"column":27},"end":{"line":73,"column":112}},"35":{"start":{"line":74,"column":6},"end":{"line":76,"column":7}},"36":{"start":{"line":75,"column":8},"end":{"line":75,"column":75}},"37":{"start":{"line":77,"column":6},"end":{"line":77,"column":52}},"38":{"start":{"line":79,"column":6},"end":{"line":79,"column":27}},"39":{"start":{"line":80,"column":6},"end":{"line":80,"column":79}},"40":{"start":{"line":83,"column":33},"end":{"line":94,"column":3}},"41":{"start":{"line":84,"column":4},"end":{"line":93,"column":5}},"42":{"start":{"line":85,"column":27},"end":{"line":85,"column":117}},"43":{"start":{"line":86,"column":6},"end":{"line":88,"column":7}},"44":{"start":{"line":87,"column":8},"end":{"line":87,"column":75}},"45":{"start":{"line":89,"column":6},"end":{"line":89,"column":52}},"46":{"start":{"line":91,"column":6},"end":{"line":91,"column":27}},"47":{"start":{"line":92,"column":6},"end":{"line":92,"column":79}},"48":{"start":{"line":96,"column":27},"end":{"line":113,"column":3}},"49":{"start":{"line":97,"column":4},"end":{"line":112,"column":5}},"50":{"start":{"line":98,"column":38},"end":{"line":101,"column":7}},"51":{"start":{"line":102,"column":6},"end":{"line":104,"column":7}},"52":{"start":{"line":103,"column":8},"end":{"line":103,"column":75}},"53":{"start":{"line":105,"column":6},"end":{"line":108,"column":9}},"54":{"start":{"line":110,"column":6},"end":{"line":110,"column":63}},"55":{"start":{"line":111,"column":6},"end":{"line":111,"column":82}},"56":{"start":{"line":115,"column":25},"end":{"line":123,"column":3}},"57":{"start":{"line":116,"column":4},"end":{"line":122,"column":5}},"58":{"start":{"line":117,"column":6},"end":{"line":117,"column":73}},"59":{"start":{"line":118,"column":6},"end":{"line":118,"column":82}},"60":{"start":{"line":120,"column":6},"end":{"line":120,"column":61}},"61":{"start":{"line":121,"column":6},"end":{"line":121,"column":80}},"62":{"start":{"line":126,"column":27},"end":{"line":152,"column":3}},"63":{"start":{"line":127,"column":4},"end":{"line":151,"column":5}},"64":{"start":{"line":128,"column":50},"end":{"line":128,"column":58}},"65":{"start":{"line":130,"column":27},"end":{"line":133,"column":7}},"66":{"start":{"line":134,"column":20},"end":{"line":134,"column":44}},"67":{"start":{"line":135,"column":6},"end":{"line":144,"column":9}},"68":{"start":{"line":146,"column":6},"end":{"line":146,"column":56}},"69":{"start":{"line":147,"column":6},"end":{"line":150,"column":9}}},"fnMap":{"0":{"name":"(anonymous_0)","decl":{"start":{"line":5,"column":2},"end":{"line":5,"column":3}},"loc":{"start":{"line":5,"column":16},"end":{"line":7,"column":3}},"line":5},"1":{"name":"(anonymous_1)","decl":{"start":{"line":8,"column":22},"end":{"line":8,"column":23}},"loc":{"start":{"line":8,"column":42},"end":{"line":40,"column":3}},"line":8},"2":{"name":"(anonymous_2)","decl":{"start":{"line":42,"column":24},"end":{"line":42,"column":25}},"loc":{"start":{"line":42,"column":44},"end":{"line":50,"column":3}},"line":42},"3":{"name":"(anonymous_3)","decl":{"start":{"line":52,"column":29},"end":{"line":52,"column":30}},"loc":{"start":{"line":52,"column":49},"end":{"line":70,"column":3}},"line":52},"4":{"name":"(anonymous_4)","decl":{"start":{"line":71,"column":33},"end":{"line":71,"column":34}},"loc":{"start":{"line":71,"column":53},"end":{"line":82,"column":3}},"line":71},"5":{"name":"(anonymous_5)","decl":{"start":{"line":83,"column":33},"end":{"line":83,"column":34}},"loc":{"start":{"line":83,"column":53},"end":{"line":94,"column":3}},"line":83},"6":{"name":"(anonymous_6)","decl":{"start":{"line":96,"column":27},"end":{"line":96,"column":28}},"loc":{"start":{"line":96,"column":47},"end":{"line":113,"column":3}},"line":96},"7":{"name":"(anonymous_7)","decl":{"start":{"line":115,"column":25},"end":{"line":115,"column":26}},"loc":{"start":{"line":115,"column":45},"end":{"line":123,"column":3}},"line":115},"8":{"name":"(anonymous_8)","decl":{"start":{"line":126,"column":27},"end":{"line":126,"column":28}},"loc":{"start":{"line":126,"column":47},"end":{"line":152,"column":3}},"line":126}},"branchMap":{"0":{"loc":{"start":{"line":11,"column":36},"end":{"line":12,"column":87}},"type":"binary-expr","locations":[{"start":{"line":11,"column":36},"end":{"line":11,"column":113}},{"start":{"line":12,"column":8},"end":{"line":12,"column":87}}],"line":11},"1":{"loc":{"start":{"line":13,"column":6},"end":{"line":17,"column":7}},"type":"if","locations":[{"start":{"line":13,"column":6},"end":{"line":17,"column":7}},{"start":{},"end":{}}],"line":13},"2":{"loc":{"start":{"line":25,"column":6},"end":{"line":34,"column":7}},"type":"if","locations":[{"start":{"line":25,"column":6},"end":{"line":34,"column":7}},{"start":{},"end":{}}],"line":25},"3":{"loc":{"start":{"line":28,"column":10},"end":{"line":30,"column":11}},"type":"if","locations":[{"start":{"line":28,"column":10},"end":{"line":30,"column":11}},{"start":{},"end":{}}],"line":28},"4":{"loc":{"start":{"line":56,"column":6},"end":{"line":60,"column":7}},"type":"if","locations":[{"start":{"line":56,"column":6},"end":{"line":60,"column":7}},{"start":{},"end":{}}],"line":56},"5":{"loc":{"start":{"line":74,"column":6},"end":{"line":76,"column":7}},"type":"if","locations":[{"start":{"line":74,"column":6},"end":{"line":76,"column":7}},{"start":{},"end":{}}],"line":74},"6":{"loc":{"start":{"line":86,"column":6},"end":{"line":88,"column":7}},"type":"if","locations":[{"start":{"line":86,"column":6},"end":{"line":88,"column":7}},{"start":{},"end":{}}],"line":86},"7":{"loc":{"start":{"line":102,"column":6},"end":{"line":104,"column":7}},"type":"if","locations":[{"start":{"line":102,"column":6},"end":{"line":104,"column":7}},{"start":{},"end":{}}],"line":102}},"s":{"0":20,"1":20,"2":4,"3":4,"4":4,"5":4,"6":1,"7":3,"8":1,"9":2,"10":2,"11":1,"12":1,"13":1,"14":1,"15":1,"16":1,"17":20,"18":0,"19":0,"20":0,"21":0,"22":0,"23":20,"24":3,"25":3,"26":2,"27":1,"28":1,"29":1,"30":1,"31":1,"32":20,"33":3,"34":3,"35":2,"36":1,"37":1,"38":1,"39":1,"40":20,"41":3,"42":3,"43":2,"44":1,"45":1,"46":1,"47":1,"48":20,"49":3,"50":3,"51":2,"52":1,"53":1,"54":1,"55":1,"56":20,"57":2,"58":2,"59":1,"60":1,"61":1,"62":20,"63":2,"64":2,"65":2,"66":1,"67":1,"68":1,"69":1},"f":{"0":20,"1":4,"2":0,"3":3,"4":3,"5":3,"6":3,"7":2,"8":2},"b":{"0":[4,3],"1":[1,3],"2":[1,1],"3":[1,0],"4":[1,1],"5":[1,1],"6":[1,1],"7":[1,1]},"_coverageSchema":"1a1c01bbd47fc00a2c39e90264f33305004495a9","hash":"80ac2ba022bdf9c32ca9fd473301504c577437ac"}
,"C:\\Users\\USUARIO\\Desktop\\A-C-Soluciones\\Backend\\src\\controllers\\ficha_mantenimiento.controller.js": {"path":"C:\\Users\\USUARIO\\Desktop\\A-C-Soluciones\\Backend\\src\\controllers\\ficha_mantenimiento.controller.js","statementMap":{"0":{"start":{"line":9,"column":39},"end":{"line":140,"column":1}},"1":{"start":{"line":12,"column":2},"end":{"line":139,"column":3}},"2":{"start":{"line":13,"column":4},"end":{"line":13,"column":39}},"3":{"start":{"line":30,"column":8},"end":{"line":30,"column":16}},"4":{"start":{"line":33,"column":4},"end":{"line":47,"column":7}},"5":{"start":{"line":50,"column":22},"end":{"line":50,"column":55}},"6":{"start":{"line":51,"column":22},"end":{"line":51,"column":55}},"7":{"start":{"line":52,"column":28},"end":{"line":52,"column":68}},"8":{"start":{"line":55,"column":4},"end":{"line":59,"column":7}},"9":{"start":{"line":62,"column":23},"end":{"line":79,"column":6}},"10":{"start":{"line":82,"column":20},"end":{"line":82,"column":67}},"11":{"start":{"line":83,"column":4},"end":{"line":83,"column":82}},"12":{"start":{"line":83,"column":18},"end":{"line":83,"column":82}},"13":{"start":{"line":85,"column":24},"end":{"line":89,"column":5}},"14":{"start":{"line":92,"column":20},"end":{"line":92,"column":67}},"15":{"start":{"line":93,"column":4},"end":{"line":93,"column":82}},"16":{"start":{"line":93,"column":18},"end":{"line":93,"column":82}},"17":{"start":{"line":95,"column":24},"end":{"line":100,"column":5}},"18":{"start":{"line":103,"column":21},"end":{"line":107,"column":5}},"19":{"start":{"line":111,"column":20},"end":{"line":111,"column":84}},"20":{"start":{"line":114,"column":4},"end":{"line":114,"column":62}},"21":{"start":{"line":117,"column":4},"end":{"line":117,"column":117}},"22":{"start":{"line":119,"column":4},"end":{"line":125,"column":7}},"23":{"start":{"line":128,"column":4},"end":{"line":128,"column":62}},"24":{"start":{"line":130,"column":4},"end":{"line":136,"column":5}},"25":{"start":{"line":131,"column":21},"end":{"line":134,"column":9}},"26":{"start":{"line":131,"column":46},"end":{"line":134,"column":7}},"27":{"start":{"line":135,"column":6},"end":{"line":135,"column":46}},"28":{"start":{"line":138,"column":4},"end":{"line":138,"column":65}},"29":{"start":{"line":144,"column":28},"end":{"line":171,"column":1}},"30":{"start":{"line":145,"column":2},"end":{"line":170,"column":3}},"31":{"start":{"line":146,"column":4},"end":{"line":148,"column":5}},"32":{"start":{"line":147,"column":6},"end":{"line":147,"column":92}},"33":{"start":{"line":150,"column":24},"end":{"line":150,"column":32}},"34":{"start":{"line":151,"column":27},"end":{"line":151,"column":36}},"35":{"start":{"line":155,"column":4},"end":{"line":163,"column":5}},"36":{"start":{"line":156,"column":6},"end":{"line":156,"column":62}},"37":{"start":{"line":157,"column":11},"end":{"line":163,"column":5}},"38":{"start":{"line":158,"column":6},"end":{"line":158,"column":62}},"39":{"start":{"line":159,"column":11},"end":{"line":163,"column":5}},"40":{"start":{"line":160,"column":6},"end":{"line":160,"column":71}},"41":{"start":{"line":162,"column":6},"end":{"line":162,"column":66}},"42":{"start":{"line":165,"column":4},"end":{"line":165,"column":21}},"43":{"start":{"line":168,"column":4},"end":{"line":168,"column":52}},"44":{"start":{"line":169,"column":4},"end":{"line":169,"column":71}},"45":{"start":{"line":174,"column":39},"end":{"line":197,"column":1}},"46":{"start":{"line":175,"column":2},"end":{"line":196,"column":3}},"47":{"start":{"line":176,"column":26},"end":{"line":176,"column":36}},"48":{"start":{"line":178,"column":4},"end":{"line":180,"column":5}},"49":{"start":{"line":179,"column":6},"end":{"line":179,"column":74}},"50":{"start":{"line":182,"column":19},"end":{"line":182,"column":69}},"51":{"start":{"line":184,"column":4},"end":{"line":186,"column":5}},"52":{"start":{"line":185,"column":6},"end":{"line":185,"column":82}},"53":{"start":{"line":188,"column":4},"end":{"line":191,"column":7}},"54":{"start":{"line":194,"column":4},"end":{"line":194,"column":65}},"55":{"start":{"line":195,"column":4},"end":{"line":195,"column":58}},"56":{"start":{"line":199,"column":39},"end":{"line":222,"column":1}},"57":{"start":{"line":200,"column":2},"end":{"line":221,"column":3}},"58":{"start":{"line":201,"column":27},"end":{"line":201,"column":37}},"59":{"start":{"line":203,"column":4},"end":{"line":205,"column":5}},"60":{"start":{"line":204,"column":6},"end":{"line":204,"column":75}},"61":{"start":{"line":207,"column":19},"end":{"line":207,"column":70}},"62":{"start":{"line":209,"column":4},"end":{"line":211,"column":5}},"63":{"start":{"line":210,"column":6},"end":{"line":210,"column":82}},"64":{"start":{"line":213,"column":4},"end":{"line":216,"column":7}},"65":{"start":{"line":219,"column":4},"end":{"line":219,"column":65}},"66":{"start":{"line":220,"column":4},"end":{"line":220,"column":65}}},"fnMap":{"0":{"name":"(anonymous_0)","decl":{"start":{"line":9,"column":39},"end":{"line":9,"column":40}},"loc":{"start":{"line":9,"column":59},"end":{"line":140,"column":1}},"line":9},"1":{"name":"(anonymous_1)","decl":{"start":{"line":131,"column":38},"end":{"line":131,"column":39}},"loc":{"start":{"line":131,"column":46},"end":{"line":134,"column":7}},"line":131},"2":{"name":"(anonymous_2)","decl":{"start":{"line":144,"column":28},"end":{"line":144,"column":29}},"loc":{"start":{"line":144,"column":48},"end":{"line":171,"column":1}},"line":144},"3":{"name":"(anonymous_3)","decl":{"start":{"line":174,"column":39},"end":{"line":174,"column":40}},"loc":{"start":{"line":174,"column":59},"end":{"line":197,"column":1}},"line":174},"4":{"name":"(anonymous_4)","decl":{"start":{"line":199,"column":39},"end":{"line":199,"column":40}},"loc":{"start":{"line":199,"column":59},"end":{"line":222,"column":1}},"line":199}},"branchMap":{"0":{"loc":{"start":{"line":76,"column":25},"end":{"line":76,"column":52}},"type":"binary-expr","locations":[{"start":{"line":76,"column":25},"end":{"line":76,"column":44}},{"start":{"line":76,"column":48},"end":{"line":76,"column":52}}],"line":76},"1":{"loc":{"start":{"line":77,"column":25},"end":{"line":77,"column":52}},"type":"binary-expr","locations":[{"start":{"line":77,"column":25},"end":{"line":77,"column":44}},{"start":{"line":77,"column":48},"end":{"line":77,"column":52}}],"line":77},"2":{"loc":{"start":{"line":78,"column":32},"end":{"line":78,"column":65}},"type":"binary-expr","locations":[{"start":{"line":78,"column":32},"end":{"line":78,"column":57}},{"start":{"line":78,"column":61},"end":{"line":78,"column":65}}],"line":78},"3":{"loc":{"start":{"line":83,"column":4},"end":{"line":83,"column":82}},"type":"if","locations":[{"start":{"line":83,"column":4},"end":{"line":83,"column":82}},{"start":{},"end":{}}],"line":83},"4":{"loc":{"start":{"line":87,"column":16},"end":{"line":87,"column":53}},"type":"binary-expr","locations":[{"start":{"line":87,"column":16},"end":{"line":87,"column":32}},{"start":{"line":87,"column":36},"end":{"line":87,"column":53}}],"line":87},"5":{"loc":{"start":{"line":93,"column":4},"end":{"line":93,"column":82}},"type":"if","locations":[{"start":{"line":93,"column":4},"end":{"line":93,"column":82}},{"start":{},"end":{}}],"line":93},"6":{"loc":{"start":{"line":98,"column":16},"end":{"line":98,"column":53}},"type":"binary-expr","locations":[{"start":{"line":98,"column":16},"end":{"line":98,"column":32}},{"start":{"line":98,"column":36},"end":{"line":98,"column":53}}],"line":98},"7":{"loc":{"start":{"line":104,"column":19},"end":{"line":104,"column":97}},"type":"cond-expr","locations":[{"start":{"line":104,"column":31},"end":{"line":104,"column":90}},{"start":{"line":104,"column":93},"end":{"line":104,"column":97}}],"line":104},"8":{"loc":{"start":{"line":105,"column":19},"end":{"line":105,"column":97}},"type":"cond-expr","locations":[{"start":{"line":105,"column":31},"end":{"line":105,"column":90}},{"start":{"line":105,"column":93},"end":{"line":105,"column":97}}],"line":105},"9":{"loc":{"start":{"line":106,"column":19},"end":{"line":106,"column":109}},"type":"cond-expr","locations":[{"start":{"line":106,"column":37},"end":{"line":106,"column":102}},{"start":{"line":106,"column":105},"end":{"line":106,"column":109}}],"line":106},"10":{"loc":{"start":{"line":130,"column":4},"end":{"line":136,"column":5}},"type":"if","locations":[{"start":{"line":130,"column":4},"end":{"line":136,"column":5}},{"start":{},"end":{}}],"line":130},"11":{"loc":{"start":{"line":146,"column":4},"end":{"line":148,"column":5}},"type":"if","locations":[{"start":{"line":146,"column":4},"end":{"line":148,"column":5}},{"start":{},"end":{}}],"line":146},"12":{"loc":{"start":{"line":155,"column":4},"end":{"line":163,"column":5}},"type":"if","locations":[{"start":{"line":155,"column":4},"end":{"line":163,"column":5}},{"start":{"line":157,"column":11},"end":{"line":163,"column":5}}],"line":155},"13":{"loc":{"start":{"line":155,"column":8},"end":{"line":155,"column":50}},"type":"binary-expr","locations":[{"start":{"line":155,"column":8},"end":{"line":155,"column":23}},{"start":{"line":155,"column":27},"end":{"line":155,"column":50}}],"line":155},"14":{"loc":{"start":{"line":157,"column":11},"end":{"line":163,"column":5}},"type":"if","locations":[{"start":{"line":157,"column":11},"end":{"line":163,"column":5}},{"start":{"line":159,"column":11},"end":{"line":163,"column":5}}],"line":157},"15":{"loc":{"start":{"line":159,"column":11},"end":{"line":163,"column":5}},"type":"if","locations":[{"start":{"line":159,"column":11},"end":{"line":163,"column":5}},{"start":{"line":161,"column":11},"end":{"line":163,"column":5}}],"line":159},"16":{"loc":{"start":{"line":178,"column":4},"end":{"line":180,"column":5}},"type":"if","locations":[{"start":{"line":178,"column":4},"end":{"line":180,"column":5}},{"start":{},"end":{}}],"line":178},"17":{"loc":{"start":{"line":184,"column":4},"end":{"line":186,"column":5}},"type":"if","locations":[{"start":{"line":184,"column":4},"end":{"line":186,"column":5}},{"start":{},"end":{}}],"line":184},"18":{"loc":{"start":{"line":184,"column":8},"end":{"line":184,"column":38}},"type":"binary-expr","locations":[{"start":{"line":184,"column":8},"end":{"line":184,"column":15}},{"start":{"line":184,"column":19},"end":{"line":184,"column":38}}],"line":184},"19":{"loc":{"start":{"line":203,"column":4},"end":{"line":205,"column":5}},"type":"if","locations":[{"start":{"line":203,"column":4},"end":{"line":205,"column":5}},{"start":{},"end":{}}],"line":203},"20":{"loc":{"start":{"line":209,"column":4},"end":{"line":211,"column":5}},"type":"if","locations":[{"start":{"line":209,"column":4},"end":{"line":211,"column":5}},{"start":{},"end":{}}],"line":209},"21":{"loc":{"start":{"line":209,"column":8},"end":{"line":209,"column":38}},"type":"binary-expr","locations":[{"start":{"line":209,"column":8},"end":{"line":209,"column":15}},{"start":{"line":209,"column":19},"end":{"line":209,"column":38}}],"line":209}},"s":{"0":2,"1":5,"2":5,"3":5,"4":5,"5":5,"6":5,"7":5,"8":5,"9":5,"10":3,"11":3,"12":1,"13":2,"14":2,"15":2,"16":1,"17":1,"18":1,"19":1,"20":1,"21":1,"22":1,"23":2,"24":2,"25":1,"26":1,"27":1,"28":1,"29":2,"30":6,"31":6,"32":1,"33":5,"34":5,"35":5,"36":2,"37":3,"38":1,"39":2,"40":1,"41":1,"42":3,"43":1,"44":1,"45":2,"46":4,"47":4,"48":4,"49":1,"50":3,"51":2,"52":1,"53":1,"54":1,"55":1,"56":2,"57":4,"58":4,"59":4,"60":1,"61":3,"62":2,"63":1,"64":1,"65":1,"66":1},"f":{"0":5,"1":1,"2":6,"3":4,"4":4},"b":{"0":[5,0],"1":[5,0],"2":[5,0],"3":[1,2],"4":[2,1],"5":[1,1],"6":[1,0],"7":[1,0],"8":[1,0],"9":[1,0],"10":[1,1],"11":[1,5],"12":[2,3],"13":[5,3],"14":[1,2],"15":[1,1],"16":[1,3],"17":[1,1],"18":[2,2],"19":[1,3],"20":[1,1],"21":[2,2]},"_coverageSchema":"1a1c01bbd47fc00a2c39e90264f33305004495a9","hash":"3ec417281242aa1c39683bd812ced49ff3052fb5"}
,"C:\\Users\\USUARIO\\Desktop\\A-C-Soluciones\\Backend\\src\\controllers\\inventario.controller.js": {"path":"C:\\Users\\USUARIO\\Desktop\\A-C-Soluciones\\Backend\\src\\controllers\\inventario.controller.js","statementMap":{"0":{"start":{"line":7,"column":8},"end":{"line":7,"column":57}},"1":{"start":{"line":10,"column":22},"end":{"line":54,"column":5}},"2":{"start":{"line":12,"column":8},"end":{"line":53,"column":9}},"3":{"start":{"line":15,"column":30},"end":{"line":15,"column":84}},"4":{"start":{"line":18,"column":12},"end":{"line":21,"column":15}},"5":{"start":{"line":25,"column":12},"end":{"line":25,"column":75}},"6":{"start":{"line":28,"column":12},"end":{"line":33,"column":13}},"7":{"start":{"line":28,"column":117},"end":{"line":28,"column":169}},"8":{"start":{"line":30,"column":16},"end":{"line":32,"column":19}},"9":{"start":{"line":36,"column":12},"end":{"line":48,"column":13}},"10":{"start":{"line":37,"column":36},"end":{"line":37,"column":38}},"11":{"start":{"line":38,"column":16},"end":{"line":42,"column":17}},"12":{"start":{"line":39,"column":20},"end":{"line":41,"column":21}},"13":{"start":{"line":40,"column":24},"end":{"line":40,"column":60}},"14":{"start":{"line":44,"column":16},"end":{"line":47,"column":19}},"15":{"start":{"line":50,"column":12},"end":{"line":52,"column":15}},"16":{"start":{"line":56,"column":19},"end":{"line":64,"column":5}},"17":{"start":{"line":57,"column":8},"end":{"line":63,"column":9}},"18":{"start":{"line":58,"column":26},"end":{"line":58,"column":69}},"19":{"start":{"line":59,"column":12},"end":{"line":59,"column":47}},"20":{"start":{"line":61,"column":12},"end":{"line":61,"column":33}},"21":{"start":{"line":62,"column":12},"end":{"line":62,"column":98}},"22":{"start":{"line":66,"column":29},"end":{"line":77,"column":5}},"23":{"start":{"line":67,"column":8},"end":{"line":76,"column":9}},"24":{"start":{"line":68,"column":25},"end":{"line":68,"column":91}},"25":{"start":{"line":69,"column":12},"end":{"line":71,"column":13}},"26":{"start":{"line":70,"column":16},"end":{"line":70,"column":94}},"27":{"start":{"line":72,"column":12},"end":{"line":72,"column":46}},"28":{"start":{"line":74,"column":12},"end":{"line":74,"column":33}},"29":{"start":{"line":75,"column":12},"end":{"line":75,"column":96}},"30":{"start":{"line":79,"column":27},"end":{"line":110,"column":5}},"31":{"start":{"line":80,"column":8},"end":{"line":109,"column":9}},"32":{"start":{"line":81,"column":36},"end":{"line":81,"column":110}},"33":{"start":{"line":83,"column":12},"end":{"line":85,"column":13}},"34":{"start":{"line":84,"column":16},"end":{"line":84,"column":110}},"35":{"start":{"line":87,"column":12},"end":{"line":90,"column":15}},"36":{"start":{"line":92,"column":12},"end":{"line":92,"column":76}},"37":{"start":{"line":94,"column":12},"end":{"line":106,"column":13}},"38":{"start":{"line":95,"column":36},"end":{"line":95,"column":38}},"39":{"start":{"line":96,"column":16},"end":{"line":100,"column":17}},"40":{"start":{"line":97,"column":20},"end":{"line":99,"column":21}},"41":{"start":{"line":98,"column":24},"end":{"line":98,"column":60}},"42":{"start":{"line":102,"column":16},"end":{"line":105,"column":19}},"43":{"start":{"line":108,"column":12},"end":{"line":108,"column":119}},"44":{"start":{"line":112,"column":25},"end":{"line":126,"column":5}},"45":{"start":{"line":113,"column":8},"end":{"line":124,"column":9}},"46":{"start":{"line":114,"column":40},"end":{"line":114,"column":102}},"47":{"start":{"line":116,"column":12},"end":{"line":118,"column":13}},"48":{"start":{"line":117,"column":16},"end":{"line":117,"column":94}},"49":{"start":{"line":120,"column":12},"end":{"line":120,"column":108}},"50":{"start":{"line":122,"column":12},"end":{"line":122,"column":70}},"51":{"start":{"line":123,"column":12},"end":{"line":123,"column":110}}},"fnMap":{"0":{"name":"(anonymous_0)","decl":{"start":{"line":6,"column":4},"end":{"line":6,"column":5}},"loc":{"start":{"line":6,"column":18},"end":{"line":8,"column":5}},"line":6},"1":{"name":"(anonymous_1)","decl":{"start":{"line":10,"column":22},"end":{"line":10,"column":23}},"loc":{"start":{"line":10,"column":42},"end":{"line":54,"column":5}},"line":10},"2":{"name":"(anonymous_2)","decl":{"start":{"line":28,"column":112},"end":{"line":28,"column":113}},"loc":{"start":{"line":28,"column":117},"end":{"line":28,"column":169}},"line":28},"3":{"name":"(anonymous_3)","decl":{"start":{"line":56,"column":19},"end":{"line":56,"column":20}},"loc":{"start":{"line":56,"column":39},"end":{"line":64,"column":5}},"line":56},"4":{"name":"(anonymous_4)","decl":{"start":{"line":66,"column":29},"end":{"line":66,"column":30}},"loc":{"start":{"line":66,"column":49},"end":{"line":77,"column":5}},"line":66},"5":{"name":"(anonymous_5)","decl":{"start":{"line":79,"column":27},"end":{"line":79,"column":28}},"loc":{"start":{"line":79,"column":47},"end":{"line":110,"column":5}},"line":79},"6":{"name":"(anonymous_6)","decl":{"start":{"line":112,"column":25},"end":{"line":112,"column":26}},"loc":{"start":{"line":112,"column":45},"end":{"line":126,"column":5}},"line":112}},"branchMap":{"0":{"loc":{"start":{"line":28,"column":12},"end":{"line":33,"column":13}},"type":"if","locations":[{"start":{"line":28,"column":12},"end":{"line":33,"column":13}},{"start":{},"end":{}}],"line":28},"1":{"loc":{"start":{"line":28,"column":16},"end":{"line":28,"column":171}},"type":"binary-expr","locations":[{"start":{"line":28,"column":16},"end":{"line":28,"column":53}},{"start":{"line":28,"column":58},"end":{"line":28,"column":90}},{"start":{"line":28,"column":94},"end":{"line":28,"column":170}}],"line":28},"2":{"loc":{"start":{"line":28,"column":117},"end":{"line":28,"column":169}},"type":"binary-expr","locations":[{"start":{"line":28,"column":117},"end":{"line":28,"column":146}},{"start":{"line":28,"column":150},"end":{"line":28,"column":169}}],"line":28},"3":{"loc":{"start":{"line":36,"column":12},"end":{"line":48,"column":13}},"type":"if","locations":[{"start":{"line":36,"column":12},"end":{"line":48,"column":13}},{"start":{},"end":{}}],"line":36},"4":{"loc":{"start":{"line":39,"column":20},"end":{"line":41,"column":21}},"type":"if","locations":[{"start":{"line":39,"column":20},"end":{"line":41,"column":21}},{"start":{},"end":{}}],"line":39},"5":{"loc":{"start":{"line":69,"column":12},"end":{"line":71,"column":13}},"type":"if","locations":[{"start":{"line":69,"column":12},"end":{"line":71,"column":13}},{"start":{},"end":{}}],"line":69},"6":{"loc":{"start":{"line":83,"column":12},"end":{"line":85,"column":13}},"type":"if","locations":[{"start":{"line":83,"column":12},"end":{"line":85,"column":13}},{"start":{},"end":{}}],"line":83},"7":{"loc":{"start":{"line":94,"column":12},"end":{"line":106,"column":13}},"type":"if","locations":[{"start":{"line":94,"column":12},"end":{"line":106,"column":13}},{"start":{},"end":{}}],"line":94},"8":{"loc":{"start":{"line":97,"column":20},"end":{"line":99,"column":21}},"type":"if","locations":[{"start":{"line":97,"column":20},"end":{"line":99,"column":21}},{"start":{},"end":{}}],"line":97},"9":{"loc":{"start":{"line":116,"column":12},"end":{"line":118,"column":13}},"type":"if","locations":[{"start":{"line":116,"column":12},"end":{"line":118,"column":13}},{"start":{},"end":{}}],"line":116}},"s":{"0":16,"1":16,"2":4,"3":4,"4":1,"5":3,"6":3,"7":1,"8":1,"9":2,"10":1,"11":1,"12":1,"13":1,"14":1,"15":1,"16":16,"17":2,"18":2,"19":1,"20":1,"21":1,"22":16,"23":3,"24":3,"25":2,"26":1,"27":1,"28":1,"29":1,"30":16,"31":4,"32":4,"33":2,"34":1,"35":1,"36":2,"37":2,"38":1,"39":1,"40":1,"41":1,"42":1,"43":1,"44":16,"45":3,"46":3,"47":2,"48":1,"49":1,"50":1,"51":1},"f":{"0":16,"1":4,"2":1,"3":2,"4":3,"5":4,"6":3},"b":{"0":[1,2],"1":[3,2,1],"2":[1,0],"3":[1,1],"4":[1,0],"5":[1,1],"6":[1,1],"7":[1,1],"8":[1,0],"9":[1,1]},"_coverageSchema":"1a1c01bbd47fc00a2c39e90264f33305004495a9","hash":"20ec5fefc26d11958c503418fa8c187648d5b272"}
,"C:\\Users\\USUARIO\\Desktop\\A-C-Soluciones\\Backend\\src\\controllers\\preguntas_freceuntes.controller.js": {"path":"C:\\Users\\USUARIO\\Desktop\\A-C-Soluciones\\Backend\\src\\controllers\\preguntas_freceuntes.controller.js","statementMap":{"0":{"start":{"line":5,"column":4},"end":{"line":5,"column":39}},"1":{"start":{"line":8,"column":10},"end":{"line":28,"column":3}},"2":{"start":{"line":9,"column":4},"end":{"line":27,"column":5}},"3":{"start":{"line":10,"column":49},"end":{"line":10,"column":57}},"4":{"start":{"line":11,"column":31},"end":{"line":11,"column":42}},"5":{"start":{"line":13,"column":23},"end":{"line":18,"column":8}},"6":{"start":{"line":20,"column":6},"end":{"line":24,"column":9}},"7":{"start":{"line":26,"column":6},"end":{"line":26,"column":71}},"8":{"start":{"line":30,"column":17},"end":{"line":37,"column":3}},"9":{"start":{"line":31,"column":4},"end":{"line":36,"column":5}},"10":{"start":{"line":32,"column":19},"end":{"line":32,"column":55}},"11":{"start":{"line":33,"column":6},"end":{"line":33,"column":46}},"12":{"start":{"line":35,"column":6},"end":{"line":35,"column":71}},"13":{"start":{"line":39,"column":24},"end":{"line":47,"column":3}},"14":{"start":{"line":40,"column":4},"end":{"line":46,"column":5}},"15":{"start":{"line":41,"column":28},"end":{"line":41,"column":38}},"16":{"start":{"line":42,"column":19},"end":{"line":42,"column":71}},"17":{"start":{"line":43,"column":6},"end":{"line":43,"column":46}},"18":{"start":{"line":45,"column":6},"end":{"line":45,"column":71}},"19":{"start":{"line":49,"column":15},"end":{"line":60,"column":3}},"20":{"start":{"line":50,"column":4},"end":{"line":59,"column":5}},"21":{"start":{"line":51,"column":21},"end":{"line":51,"column":31}},"22":{"start":{"line":52,"column":49},"end":{"line":52,"column":57}},"23":{"start":{"line":54,"column":6},"end":{"line":54,"column":79}},"24":{"start":{"line":56,"column":6},"end":{"line":56,"column":92}},"25":{"start":{"line":58,"column":6},"end":{"line":58,"column":71}},"26":{"start":{"line":62,"column":13},"end":{"line":70,"column":3}},"27":{"start":{"line":63,"column":4},"end":{"line":69,"column":5}},"28":{"start":{"line":64,"column":21},"end":{"line":64,"column":31}},"29":{"start":{"line":65,"column":6},"end":{"line":65,"column":41}},"30":{"start":{"line":66,"column":6},"end":{"line":66,"column":90}},"31":{"start":{"line":68,"column":6},"end":{"line":68,"column":71}}},"fnMap":{"0":{"name":"(anonymous_0)","decl":{"start":{"line":4,"column":2},"end":{"line":4,"column":3}},"loc":{"start":{"line":4,"column":16},"end":{"line":6,"column":3}},"line":4},"1":{"name":"(anonymous_1)","decl":{"start":{"line":8,"column":10},"end":{"line":8,"column":11}},"loc":{"start":{"line":8,"column":30},"end":{"line":28,"column":3}},"line":8},"2":{"name":"(anonymous_2)","decl":{"start":{"line":30,"column":17},"end":{"line":30,"column":18}},"loc":{"start":{"line":30,"column":37},"end":{"line":37,"column":3}},"line":30},"3":{"name":"(anonymous_3)","decl":{"start":{"line":39,"column":24},"end":{"line":39,"column":25}},"loc":{"start":{"line":39,"column":44},"end":{"line":47,"column":3}},"line":39},"4":{"name":"(anonymous_4)","decl":{"start":{"line":49,"column":15},"end":{"line":49,"column":16}},"loc":{"start":{"line":49,"column":35},"end":{"line":60,"column":3}},"line":49},"5":{"name":"(anonymous_5)","decl":{"start":{"line":62,"column":13},"end":{"line":62,"column":14}},"loc":{"start":{"line":62,"column":33},"end":{"line":70,"column":3}},"line":62}},"branchMap":{},"s":{"0":10,"1":10,"2":2,"3":2,"4":2,"5":2,"6":1,"7":1,"8":10,"9":2,"10":2,"11":1,"12":1,"13":10,"14":2,"15":2,"16":2,"17":1,"18":1,"19":10,"20":2,"21":2,"22":2,"23":2,"24":1,"25":1,"26":10,"27":2,"28":2,"29":2,"30":1,"31":1},"f":{"0":10,"1":2,"2":2,"3":2,"4":2,"5":2},"b":{},"_coverageSchema":"1a1c01bbd47fc00a2c39e90264f33305004495a9","hash":"84fef73cdaaa687353dcb1bd24474b2cf0ff754a"}
,"C:\\Users\\USUARIO\\Desktop\\A-C-Soluciones\\Backend\\src\\controllers\\registrar_cuentas.controller.js": {"path":"C:\\Users\\USUARIO\\Desktop\\A-C-Soluciones\\Backend\\src\\controllers\\registrar_cuentas.controller.js","statementMap":{"0":{"start":{"line":6,"column":8},"end":{"line":6,"column":69}},"1":{"start":{"line":9,"column":26},"end":{"line":44,"column":5}},"2":{"start":{"line":10,"column":8},"end":{"line":43,"column":9}},"3":{"start":{"line":11,"column":43},"end":{"line":11,"column":51}},"4":{"start":{"line":13,"column":16},"end":{"line":15,"column":17}},"5":{"start":{"line":16,"column":12},"end":{"line":20,"column":13}},"6":{"start":{"line":17,"column":16},"end":{"line":19,"column":19}},"7":{"start":{"line":22,"column":16},"end":{"line":22,"column":80}},"8":{"start":{"line":23,"column":12},"end":{"line":26,"column":15}},"9":{"start":{"line":28,"column":12},"end":{"line":28,"column":66}},"10":{"start":{"line":29,"column":12},"end":{"line":38,"column":13}},"11":{"start":{"line":30,"column":36},"end":{"line":30,"column":38}},"12":{"start":{"line":31,"column":16},"end":{"line":35,"column":17}},"13":{"start":{"line":32,"column":20},"end":{"line":34,"column":21}},"14":{"start":{"line":33,"column":24},"end":{"line":33,"column":60}},"15":{"start":{"line":37,"column":16},"end":{"line":37,"column":69}},"16":{"start":{"line":39,"column":12},"end":{"line":42,"column":15}},"17":{"start":{"line":46,"column":25},"end":{"line":63,"column":5}},"18":{"start":{"line":47,"column":8},"end":{"line":62,"column":9}},"19":{"start":{"line":48,"column":35},"end":{"line":48,"column":45}},"20":{"start":{"line":49,"column":28},"end":{"line":49,"column":93}},"21":{"start":{"line":50,"column":12},"end":{"line":54,"column":13}},"22":{"start":{"line":51,"column":16},"end":{"line":53,"column":19}},"23":{"start":{"line":55,"column":12},"end":{"line":55,"column":49}},"24":{"start":{"line":57,"column":12},"end":{"line":57,"column":65}},"25":{"start":{"line":58,"column":12},"end":{"line":61,"column":15}},"26":{"start":{"line":65,"column":31},"end":{"line":81,"column":5}},"27":{"start":{"line":66,"column":8},"end":{"line":80,"column":9}},"28":{"start":{"line":67,"column":27},"end":{"line":67,"column":101}},"29":{"start":{"line":68,"column":12},"end":{"line":72,"column":13}},"30":{"start":{"line":69,"column":16},"end":{"line":71,"column":19}},"31":{"start":{"line":73,"column":12},"end":{"line":73,"column":48}},"32":{"start":{"line":75,"column":12},"end":{"line":75,"column":71}},"33":{"start":{"line":76,"column":12},"end":{"line":79,"column":15}},"34":{"start":{"line":83,"column":29},"end":{"line":100,"column":5}},"35":{"start":{"line":84,"column":8},"end":{"line":99,"column":9}},"36":{"start":{"line":85,"column":38},"end":{"line":85,"column":48}},"37":{"start":{"line":86,"column":27},"end":{"line":86,"column":99}},"38":{"start":{"line":87,"column":12},"end":{"line":91,"column":13}},"39":{"start":{"line":88,"column":16},"end":{"line":90,"column":19}},"40":{"start":{"line":92,"column":12},"end":{"line":92,"column":48}},"41":{"start":{"line":94,"column":12},"end":{"line":94,"column":69}},"42":{"start":{"line":95,"column":12},"end":{"line":98,"column":15}},"43":{"start":{"line":102,"column":26},"end":{"line":119,"column":5}},"44":{"start":{"line":103,"column":8},"end":{"line":118,"column":9}},"45":{"start":{"line":104,"column":28},"end":{"line":104,"column":38}},"46":{"start":{"line":105,"column":27},"end":{"line":105,"column":86}},"47":{"start":{"line":106,"column":12},"end":{"line":110,"column":13}},"48":{"start":{"line":107,"column":16},"end":{"line":109,"column":19}},"49":{"start":{"line":111,"column":12},"end":{"line":111,"column":48}},"50":{"start":{"line":113,"column":12},"end":{"line":113,"column":66}},"51":{"start":{"line":114,"column":12},"end":{"line":117,"column":15}},"52":{"start":{"line":121,"column":21},"end":{"line":132,"column":5}},"53":{"start":{"line":122,"column":8},"end":{"line":131,"column":9}},"54":{"start":{"line":123,"column":28},"end":{"line":123,"column":79}},"55":{"start":{"line":124,"column":12},"end":{"line":124,"column":49}},"56":{"start":{"line":126,"column":12},"end":{"line":126,"column":61}},"57":{"start":{"line":127,"column":12},"end":{"line":130,"column":15}},"58":{"start":{"line":134,"column":31},"end":{"line":163,"column":5}},"59":{"start":{"line":135,"column":8},"end":{"line":162,"column":9}},"60":{"start":{"line":136,"column":38},"end":{"line":136,"column":122}},"61":{"start":{"line":137,"column":12},"end":{"line":141,"column":13}},"62":{"start":{"line":138,"column":16},"end":{"line":140,"column":19}},"63":{"start":{"line":142,"column":12},"end":{"line":145,"column":15}},"64":{"start":{"line":147,"column":12},"end":{"line":147,"column":71}},"65":{"start":{"line":148,"column":12},"end":{"line":157,"column":13}},"66":{"start":{"line":149,"column":36},"end":{"line":149,"column":38}},"67":{"start":{"line":150,"column":16},"end":{"line":154,"column":17}},"68":{"start":{"line":151,"column":20},"end":{"line":153,"column":21}},"69":{"start":{"line":152,"column":24},"end":{"line":152,"column":60}},"70":{"start":{"line":156,"column":16},"end":{"line":156,"column":69}},"71":{"start":{"line":158,"column":12},"end":{"line":161,"column":15}},"72":{"start":{"line":165,"column":29},"end":{"line":184,"column":5}},"73":{"start":{"line":166,"column":8},"end":{"line":183,"column":9}},"74":{"start":{"line":167,"column":36},"end":{"line":167,"column":108}},"75":{"start":{"line":168,"column":12},"end":{"line":172,"column":13}},"76":{"start":{"line":169,"column":16},"end":{"line":171,"column":19}},"77":{"start":{"line":173,"column":12},"end":{"line":176,"column":15}},"78":{"start":{"line":178,"column":12},"end":{"line":178,"column":69}},"79":{"start":{"line":179,"column":12},"end":{"line":182,"column":15}}},"fnMap":{"0":{"name":"(anonymous_0)","decl":{"start":{"line":5,"column":4},"end":{"line":5,"column":5}},"loc":{"start":{"line":5,"column":18},"end":{"line":7,"column":5}},"line":5},"1":{"name":"(anonymous_1)","decl":{"start":{"line":9,"column":26},"end":{"line":9,"column":27}},"loc":{"start":{"line":9,"column":46},"end":{"line":44,"column":5}},"line":9},"2":{"name":"(anonymous_2)","decl":{"start":{"line":46,"column":25},"end":{"line":46,"column":26}},"loc":{"start":{"line":46,"column":45},"end":{"line":63,"column":5}},"line":46},"3":{"name":"(anonymous_3)","decl":{"start":{"line":65,"column":31},"end":{"line":65,"column":32}},"loc":{"start":{"line":65,"column":51},"end":{"line":81,"column":5}},"line":65},"4":{"name":"(anonymous_4)","decl":{"start":{"line":83,"column":29},"end":{"line":83,"column":30}},"loc":{"start":{"line":83,"column":49},"end":{"line":100,"column":5}},"line":83},"5":{"name":"(anonymous_5)","decl":{"start":{"line":102,"column":26},"end":{"line":102,"column":27}},"loc":{"start":{"line":102,"column":46},"end":{"line":119,"column":5}},"line":102},"6":{"name":"(anonymous_6)","decl":{"start":{"line":121,"column":21},"end":{"line":121,"column":22}},"loc":{"start":{"line":121,"column":41},"end":{"line":132,"column":5}},"line":121},"7":{"name":"(anonymous_7)","decl":{"start":{"line":134,"column":31},"end":{"line":134,"column":32}},"loc":{"start":{"line":134,"column":51},"end":{"line":163,"column":5}},"line":134},"8":{"name":"(anonymous_8)","decl":{"start":{"line":165,"column":29},"end":{"line":165,"column":30}},"loc":{"start":{"line":165,"column":49},"end":{"line":184,"column":5}},"line":165}},"branchMap":{"0":{"loc":{"start":{"line":16,"column":12},"end":{"line":20,"column":13}},"type":"if","locations":[{"start":{"line":16,"column":12},"end":{"line":20,"column":13}},{"start":{},"end":{}}],"line":16},"1":{"loc":{"start":{"line":29,"column":12},"end":{"line":38,"column":13}},"type":"if","locations":[{"start":{"line":29,"column":12},"end":{"line":38,"column":13}},{"start":{},"end":{}}],"line":29},"2":{"loc":{"start":{"line":32,"column":20},"end":{"line":34,"column":21}},"type":"if","locations":[{"start":{"line":32,"column":20},"end":{"line":34,"column":21}},{"start":{},"end":{}}],"line":32},"3":{"loc":{"start":{"line":50,"column":12},"end":{"line":54,"column":13}},"type":"if","locations":[{"start":{"line":50,"column":12},"end":{"line":54,"column":13}},{"start":{},"end":{}}],"line":50},"4":{"loc":{"start":{"line":50,"column":16},"end":{"line":50,"column":48}},"type":"binary-expr","locations":[{"start":{"line":50,"column":16},"end":{"line":50,"column":24}},{"start":{"line":50,"column":28},"end":{"line":50,"column":48}}],"line":50},"5":{"loc":{"start":{"line":68,"column":12},"end":{"line":72,"column":13}},"type":"if","locations":[{"start":{"line":68,"column":12},"end":{"line":72,"column":13}},{"start":{},"end":{}}],"line":68},"6":{"loc":{"start":{"line":87,"column":12},"end":{"line":91,"column":13}},"type":"if","locations":[{"start":{"line":87,"column":12},"end":{"line":91,"column":13}},{"start":{},"end":{}}],"line":87},"7":{"loc":{"start":{"line":106,"column":12},"end":{"line":110,"column":13}},"type":"if","locations":[{"start":{"line":106,"column":12},"end":{"line":110,"column":13}},{"start":{},"end":{}}],"line":106},"8":{"loc":{"start":{"line":137,"column":12},"end":{"line":141,"column":13}},"type":"if","locations":[{"start":{"line":137,"column":12},"end":{"line":141,"column":13}},{"start":{},"end":{}}],"line":137},"9":{"loc":{"start":{"line":148,"column":12},"end":{"line":157,"column":13}},"type":"if","locations":[{"start":{"line":148,"column":12},"end":{"line":157,"column":13}},{"start":{},"end":{}}],"line":148},"10":{"loc":{"start":{"line":151,"column":20},"end":{"line":153,"column":21}},"type":"if","locations":[{"start":{"line":151,"column":20},"end":{"line":153,"column":21}},{"start":{},"end":{}}],"line":151},"11":{"loc":{"start":{"line":168,"column":12},"end":{"line":172,"column":13}},"type":"if","locations":[{"start":{"line":168,"column":12},"end":{"line":172,"column":13}},{"start":{},"end":{}}],"line":168}},"s":{"0":21,"1":21,"2":4,"3":4,"4":4,"5":4,"6":1,"7":3,"8":1,"9":2,"10":2,"11":1,"12":1,"13":1,"14":1,"15":1,"16":1,"17":21,"18":3,"19":3,"20":3,"21":2,"22":1,"23":1,"24":1,"25":1,"26":21,"27":2,"28":2,"29":2,"30":1,"31":1,"32":0,"33":0,"34":21,"35":2,"36":2,"37":2,"38":2,"39":1,"40":1,"41":0,"42":0,"43":21,"44":2,"45":2,"46":2,"47":2,"48":1,"49":1,"50":0,"51":0,"52":21,"53":2,"54":2,"55":1,"56":1,"57":1,"58":21,"59":3,"60":3,"61":2,"62":1,"63":1,"64":1,"65":1,"66":1,"67":1,"68":1,"69":1,"70":1,"71":0,"72":21,"73":3,"74":3,"75":2,"76":1,"77":1,"78":1,"79":1},"f":{"0":21,"1":4,"2":3,"3":2,"4":2,"5":2,"6":2,"7":3,"8":3},"b":{"0":[1,3],"1":[1,1],"2":[1,0],"3":[1,1],"4":[2,2],"5":[1,1],"6":[1,1],"7":[1,1],"8":[1,1],"9":[1,0],"10":[1,0],"11":[1,1]},"_coverageSchema":"1a1c01bbd47fc00a2c39e90264f33305004495a9","hash":"a6a31ad5d4b5f96b23d310e0882cb52c6b527d3c"}
,"C:\\Users\\USUARIO\\Desktop\\A-C-Soluciones\\Backend\\src\\controllers\\registrar_facturas.controller.js": {"path":"C:\\Users\\USUARIO\\Desktop\\A-C-Soluciones\\Backend\\src\\controllers\\registrar_facturas.controller.js","statementMap":{"0":{"start":{"line":6,"column":8},"end":{"line":6,"column":67}},"1":{"start":{"line":9,"column":27},"end":{"line":40,"column":5}},"2":{"start":{"line":10,"column":8},"end":{"line":39,"column":9}},"3":{"start":{"line":11,"column":39},"end":{"line":11,"column":47}},"4":{"start":{"line":12,"column":37},"end":{"line":12,"column":111}},"5":{"start":{"line":13,"column":12},"end":{"line":17,"column":13}},"6":{"start":{"line":14,"column":16},"end":{"line":16,"column":19}},"7":{"start":{"line":18,"column":33},"end":{"line":18,"column":97}},"8":{"start":{"line":19,"column":12},"end":{"line":22,"column":15}},"9":{"start":{"line":24,"column":12},"end":{"line":24,"column":63}},"10":{"start":{"line":25,"column":12},"end":{"line":34,"column":13}},"11":{"start":{"line":26,"column":36},"end":{"line":26,"column":38}},"12":{"start":{"line":27,"column":16},"end":{"line":31,"column":17}},"13":{"start":{"line":28,"column":20},"end":{"line":30,"column":21}},"14":{"start":{"line":29,"column":24},"end":{"line":29,"column":60}},"15":{"start":{"line":33,"column":16},"end":{"line":33,"column":69}},"16":{"start":{"line":35,"column":12},"end":{"line":38,"column":15}},"17":{"start":{"line":42,"column":32},"end":{"line":59,"column":5}},"18":{"start":{"line":43,"column":8},"end":{"line":58,"column":9}},"19":{"start":{"line":44,"column":35},"end":{"line":44,"column":45}},"20":{"start":{"line":45,"column":29},"end":{"line":45,"column":100}},"21":{"start":{"line":46,"column":12},"end":{"line":50,"column":13}},"22":{"start":{"line":47,"column":16},"end":{"line":49,"column":19}},"23":{"start":{"line":51,"column":12},"end":{"line":51,"column":50}},"24":{"start":{"line":53,"column":12},"end":{"line":53,"column":73}},"25":{"start":{"line":54,"column":12},"end":{"line":57,"column":15}},"26":{"start":{"line":62,"column":27},"end":{"line":80,"column":5}},"27":{"start":{"line":63,"column":8},"end":{"line":79,"column":9}},"28":{"start":{"line":64,"column":28},"end":{"line":64,"column":97}},"29":{"start":{"line":65,"column":12},"end":{"line":69,"column":13}},"30":{"start":{"line":66,"column":16},"end":{"line":68,"column":19}},"31":{"start":{"line":70,"column":12},"end":{"line":70,"column":49}},"32":{"start":{"line":74,"column":12},"end":{"line":74,"column":66}},"33":{"start":{"line":75,"column":12},"end":{"line":78,"column":15}},"34":{"start":{"line":82,"column":31},"end":{"line":94,"column":5}},"35":{"start":{"line":83,"column":8},"end":{"line":93,"column":9}},"36":{"start":{"line":84,"column":39},"end":{"line":84,"column":49}},"37":{"start":{"line":85,"column":28},"end":{"line":85,"column":102}},"38":{"start":{"line":86,"column":12},"end":{"line":88,"column":13}},"39":{"start":{"line":87,"column":16},"end":{"line":87,"column":82}},"40":{"start":{"line":89,"column":12},"end":{"line":89,"column":53}},"41":{"start":{"line":91,"column":12},"end":{"line":91,"column":33}},"42":{"start":{"line":92,"column":12},"end":{"line":92,"column":84}},"43":{"start":{"line":96,"column":23},"end":{"line":107,"column":5}},"44":{"start":{"line":97,"column":8},"end":{"line":106,"column":9}},"45":{"start":{"line":98,"column":29},"end":{"line":98,"column":81}},"46":{"start":{"line":99,"column":12},"end":{"line":99,"column":50}},"47":{"start":{"line":101,"column":12},"end":{"line":101,"column":62}},"48":{"start":{"line":102,"column":12},"end":{"line":105,"column":15}},"49":{"start":{"line":109,"column":31},"end":{"line":120,"column":5}},"50":{"start":{"line":110,"column":8},"end":{"line":119,"column":9}},"51":{"start":{"line":111,"column":29},"end":{"line":111,"column":89}},"52":{"start":{"line":112,"column":12},"end":{"line":112,"column":50}},"53":{"start":{"line":114,"column":12},"end":{"line":114,"column":71}},"54":{"start":{"line":115,"column":12},"end":{"line":118,"column":15}},"55":{"start":{"line":122,"column":23},"end":{"line":136,"column":5}},"56":{"start":{"line":124,"column":8},"end":{"line":135,"column":9}},"57":{"start":{"line":125,"column":39},"end":{"line":125,"column":49}},"58":{"start":{"line":126,"column":29},"end":{"line":126,"column":95}},"59":{"start":{"line":127,"column":12},"end":{"line":127,"column":50}},"60":{"start":{"line":130,"column":12},"end":{"line":130,"column":63}},"61":{"start":{"line":131,"column":12},"end":{"line":134,"column":15}},"62":{"start":{"line":138,"column":32},"end":{"line":165,"column":5}},"63":{"start":{"line":139,"column":8},"end":{"line":164,"column":9}},"64":{"start":{"line":140,"column":39},"end":{"line":140,"column":123}},"65":{"start":{"line":141,"column":12},"end":{"line":143,"column":13}},"66":{"start":{"line":142,"column":16},"end":{"line":142,"column":82}},"67":{"start":{"line":144,"column":12},"end":{"line":147,"column":15}},"68":{"start":{"line":149,"column":12},"end":{"line":149,"column":64}},"69":{"start":{"line":150,"column":12},"end":{"line":159,"column":13}},"70":{"start":{"line":151,"column":36},"end":{"line":151,"column":38}},"71":{"start":{"line":152,"column":16},"end":{"line":156,"column":17}},"72":{"start":{"line":153,"column":20},"end":{"line":155,"column":21}},"73":{"start":{"line":154,"column":24},"end":{"line":154,"column":60}},"74":{"start":{"line":158,"column":16},"end":{"line":158,"column":69}},"75":{"start":{"line":160,"column":12},"end":{"line":163,"column":15}},"76":{"start":{"line":167,"column":30},"end":{"line":181,"column":5}},"77":{"start":{"line":168,"column":8},"end":{"line":180,"column":9}},"78":{"start":{"line":169,"column":37},"end":{"line":169,"column":109}},"79":{"start":{"line":170,"column":12},"end":{"line":172,"column":13}},"80":{"start":{"line":171,"column":16},"end":{"line":171,"column":82}},"81":{"start":{"line":173,"column":12},"end":{"line":173,"column":87}},"82":{"start":{"line":175,"column":12},"end":{"line":175,"column":62}},"83":{"start":{"line":176,"column":12},"end":{"line":179,"column":15}}},"fnMap":{"0":{"name":"(anonymous_0)","decl":{"start":{"line":5,"column":4},"end":{"line":5,"column":5}},"loc":{"start":{"line":5,"column":18},"end":{"line":7,"column":5}},"line":5},"1":{"name":"(anonymous_1)","decl":{"start":{"line":9,"column":27},"end":{"line":9,"column":28}},"loc":{"start":{"line":9,"column":47},"end":{"line":40,"column":5}},"line":9},"2":{"name":"(anonymous_2)","decl":{"start":{"line":42,"column":32},"end":{"line":42,"column":33}},"loc":{"start":{"line":42,"column":52},"end":{"line":59,"column":5}},"line":42},"3":{"name":"(anonymous_3)","decl":{"start":{"line":62,"column":27},"end":{"line":62,"column":28}},"loc":{"start":{"line":62,"column":47},"end":{"line":80,"column":5}},"line":62},"4":{"name":"(anonymous_4)","decl":{"start":{"line":82,"column":31},"end":{"line":82,"column":32}},"loc":{"start":{"line":82,"column":51},"end":{"line":94,"column":5}},"line":82},"5":{"name":"(anonymous_5)","decl":{"start":{"line":96,"column":23},"end":{"line":96,"column":24}},"loc":{"start":{"line":96,"column":43},"end":{"line":107,"column":5}},"line":96},"6":{"name":"(anonymous_6)","decl":{"start":{"line":109,"column":31},"end":{"line":109,"column":32}},"loc":{"start":{"line":109,"column":51},"end":{"line":120,"column":5}},"line":109},"7":{"name":"(anonymous_7)","decl":{"start":{"line":122,"column":23},"end":{"line":122,"column":24}},"loc":{"start":{"line":122,"column":43},"end":{"line":136,"column":5}},"line":122},"8":{"name":"(anonymous_8)","decl":{"start":{"line":138,"column":32},"end":{"line":138,"column":33}},"loc":{"start":{"line":138,"column":52},"end":{"line":165,"column":5}},"line":138},"9":{"name":"(anonymous_9)","decl":{"start":{"line":167,"column":30},"end":{"line":167,"column":31}},"loc":{"start":{"line":167,"column":50},"end":{"line":181,"column":5}},"line":167}},"branchMap":{"0":{"loc":{"start":{"line":13,"column":12},"end":{"line":17,"column":13}},"type":"if","locations":[{"start":{"line":13,"column":12},"end":{"line":17,"column":13}},{"start":{},"end":{}}],"line":13},"1":{"loc":{"start":{"line":25,"column":12},"end":{"line":34,"column":13}},"type":"if","locations":[{"start":{"line":25,"column":12},"end":{"line":34,"column":13}},{"start":{},"end":{}}],"line":25},"2":{"loc":{"start":{"l
[...]
:{"line":39,"column":7}},"6":{"start":{"line":38,"column":8},"end":{"line":38,"column":49}},"7":{"start":{"line":42,"column":6},"end":{"line":44,"column":7}},"8":{"start":{"line":43,"column":8},"end":{"line":43,"column":79}},"9":{"start":{"line":46,"column":6},"end":{"line":48,"column":7}},"10":{"start":{"line":47,"column":8},"end":{"line":47,"column":84}},"11":{"start":{"line":50,"column":6},"end":{"line":52,"column":7}},"12":{"start":{"line":51,"column":8},"end":{"line":51,"column":78}},"13":{"start":{"line":54,"column":6},"end":{"line":56,"column":7}},"14":{"start":{"line":55,"column":8},"end":{"line":55,"column":79}},"15":{"start":{"line":59,"column":6},"end":{"line":61,"column":7}},"16":{"start":{"line":60,"column":8},"end":{"line":60,"column":72}},"17":{"start":{"line":63,"column":28},"end":{"line":63,"column":86}},"18":{"start":{"line":64,"column":6},"end":{"line":66,"column":7}},"19":{"start":{"line":65,"column":8},"end":{"line":65,"column":49}},"20":{"start":{"line":69,"column":20},"end":{"line":79,"column":7}},"21":{"start":{"line":81,"column":6},"end":{"line":90,"column":8}},"22":{"start":{"line":92,"column":6},"end":{"line":96,"column":9}},"23":{"start":{"line":97,"column":6},"end":{"line":97,"column":18}},"24":{"start":{"line":102,"column":4},"end":{"line":118,"column":5}},"25":{"start":{"line":103,"column":22},"end":{"line":103,"column":63}},"26":{"start":{"line":106,"column":6},"end":{"line":108,"column":7}},"27":{"start":{"line":107,"column":8},"end":{"line":107,"column":65}},"28":{"start":{"line":110,"column":6},"end":{"line":110,"column":21}},"29":{"start":{"line":112,"column":6},"end":{"line":116,"column":9}},"30":{"start":{"line":117,"column":6},"end":{"line":117,"column":18}},"31":{"start":{"line":123,"column":2},"end":{"line":125,"column":3}},"32":{"start":{"line":124,"column":4},"end":{"line":124,"column":46}},"33":{"start":{"line":127,"column":28},"end":{"line":127,"column":55}},"34":{"start":{"line":129,"column":15},"end":{"line":129,"column":61}},"35":{"start":{"line":130,"column":2},"end":{"line":130,"column":54}},"36":{"start":{"line":130,"column":13},"end":{"line":130,"column":54}},"37":{"start":{"line":132,"column":15},"end":{"line":132,"column":69}},"38":{"start":{"line":133,"column":18},"end":{"line":133,"column":55}},"39":{"start":{"line":135,"column":2},"end":{"line":138,"column":5}},"40":{"start":{"line":140,"column":24},"end":{"line":140,"column":54}},"41":{"start":{"line":141,"column":4},"end":{"line":141,"column":80}},"42":{"start":{"line":143,"column":24},"end":{"line":143,"column":64}},"43":{"start":{"line":145,"column":4},"end":{"line":168,"column":7}},"44":{"start":{"line":173,"column":19},"end":{"line":173,"column":59}},"45":{"start":{"line":174,"column":17},"end":{"line":174,"column":52}},"46":{"start":{"line":175,"column":4},"end":{"line":175,"column":56}},"47":{"start":{"line":175,"column":15},"end":{"line":175,"column":56}},"48":{"start":{"line":177,"column":4},"end":{"line":183,"column":5}},"49":{"start":{"line":182,"column":6},"end":{"line":182,"column":52}},"50":{"start":{"line":185,"column":19},"end":{"line":185,"column":60}},"51":{"start":{"line":186,"column":4},"end":{"line":190,"column":7}},"52":{"start":{"line":196,"column":2},"end":{"line":198,"column":3}},"53":{"start":{"line":197,"column":4},"end":{"line":197,"column":80}},"54":{"start":{"line":199,"column":17},"end":{"line":199,"column":56}},"55":{"start":{"line":201,"column":15},"end":{"line":201,"column":50}},"56":{"start":{"line":202,"column":2},"end":{"line":202,"column":54}},"57":{"start":{"line":202,"column":13},"end":{"line":202,"column":54}},"58":{"start":{"line":204,"column":21},"end":{"line":204,"column":47}},"59":{"start":{"line":205,"column":20},"end":{"line":205,"column":32}},"60":{"start":{"line":207,"column":2},"end":{"line":207,"column":61}},"61":{"start":{"line":207,"column":19},"end":{"line":207,"column":61}},"62":{"start":{"line":209,"column":2},"end":{"line":211,"column":3}},"63":{"start":{"line":210,"column":4},"end":{"line":210,"column":41}},"64":{"start":{"line":213,"column":2},"end":{"line":215,"column":3}},"65":{"start":{"line":214,"column":4},"end":{"line":214,"column":39}},"66":{"start":{"line":217,"column":2},"end":{"line":217,"column":14}},"67":{"start":{"line":223,"column":52},"end":{"line":228,"column":6}},"68":{"start":{"line":229,"column":4},"end":{"line":229,"column":63}}},"fnMap":{"0":{"name":"(anonymous_0)","decl":{"start":{"line":10,"column":2},"end":{"line":10,"column":3}},"loc":{"start":{"line":10,"column":35},"end":{"line":99,"column":3}},"line":10},"1":{"name":"(anonymous_1)","decl":{"start":{"line":101,"column":2},"end":{"line":101,"column":3}},"loc":{"start":{"line":101,"column":27},"end":{"line":119,"column":3}},"line":101},"2":{"name":"(anonymous_2)","decl":{"start":{"line":122,"column":0},"end":{"line":122,"column":1}},"loc":{"start":{"line":122,"column":31},"end":{"line":169,"column":3}},"line":122},"3":{"name":"(anonymous_3)","decl":{"start":{"line":172,"column":2},"end":{"line":172,"column":3}},"loc":{"start":{"line":172,"column":61},"end":{"line":191,"column":3}},"line":172},"4":{"name":"(anonymous_4)","decl":{"start":{"line":195,"column":0},"end":{"line":195,"column":1}},"loc":{"start":{"line":195,"column":51},"end":{"line":218,"column":1}},"line":195},"5":{"name":"(anonymous_5)","decl":{"start":{"line":222,"column":2},"end":{"line":222,"column":3}},"loc":{"start":{"line":222,"column":33},"end":{"line":230,"column":3}},"line":222}},"branchMap":{"0":{"loc":{"start":{"line":13,"column":6},"end":{"line":15,"column":7}},"type":"if","locations":[{"start":{"line":13,"column":6},"end":{"line":15,"column":7}},{"start":{},"end":{}}],"line":13},"1":{"loc":{"start":{"line":13,"column":10},"end":{"line":13,"column":49}},"type":"binary-expr","locations":[{"start":{"line":13,"column":10},"end":{"line":13,"column":25}},{"start":{"line":13,"column":29},"end":{"line":13,"column":49}}],"line":13},"2":{"loc":{"start":{"line":36,"column":19},"end":{"line":36,"column":62}},"type":"binary-expr","locations":[{"start":{"line":36,"column":19},"end":{"line":36,"column":24}},{"start":{"line":36,"column":28},"end":{"line":36,"column":35}},{"start":{"line":36,"column":39},"end":{"line":36,"column":46}},{"start":{"line":36,"column":50},"end":{"line":36,"column":62}}],"line":36},"3":{"loc":{"start":{"line":37,"column":6},"end":{"line":39,"column":7}},"type":"if","locations":[{"start":{"line":37,"column":6},"end":{"line":39,"column":7}},{"start":{},"end":{}}],"line":37},"4":{"loc":{"start":{"line":42,"column":6},"end":{"line":44,"column":7}},"type":"if","locations":[{"start":{"line":42,"column":6},"end":{"line":44,"column":7}},{"start":{},"end":{}}],"line":42},"5":{"loc":{"start":{"line":42,"column":10},"end":{"line":42,"column":70}},"type":"binary-expr","locations":[{"start":{"line":42,"column":10},"end":{"line":42,"column":37}},{"start":{"line":42,"column":41},"end":{"line":42,"column":70}}],"line":42},"6":{"loc":{"start":{"line":46,"column":6},"end":{"line":48,"column":7}},"type":"if","locations":[{"start":{"line":46,"column":6},"end":{"line":48,"column":7}},{"start":{},"end":{}}],"line":46},"7":{"loc":{"start":{"line":46,"column":10},"end":{"line":46,"column":66}},"type":"binary-expr","locations":[{"start":{"line":46,"column":10},"end":{"line":46,"column":35}},{"start":{"line":46,"column":39},"end":{"line":46,"column":66}}],"line":46},"8":{"loc":{"start":{"line":50,"column":6},"end":{"line":52,"column":7}},"type":"if","locations":[{"start":{"line":50,"column":6},"end":{"line":52,"column":7}},{"start":{},"end":{}}],"line":50},"9":{"loc":{"start":{"line":50,"column":10},"end":{"line":50,"column":70}},"type":"binary-expr","locations":[{"start":{"line":50,"column":10},"end":{"line":50,"column":37}},{"start":{"line":50,"column":41},"end":{"line":50,"column":70}}],"line":50},"10":{"loc":{"start":{"line":54,"column":6},"end":{"line":56,"column":7}},"type":"if","locations":[{"start":{"line":54,"column":6},"end":{"line":56,"column":7}},{"start":{},"end":{}}],"line":54},"11":{"loc":{"start":{"line":54,"column":10},"end":{"line":54,"column":80}},"type":"binary-expr","locations":[{"start":{"line":54,"column":10},"end":{"line":54,"column":42}},{"start":{"line":54,"column":46},"end":{"line":54,"column":80}}],"line":54},"12":{"loc":{"start":{"line":59,"column":6},"end":{"line":61,"column":7}},"type":"if","locations":[{"start":{"line":59,"column":6},"end":{"line":61,"column":7}},{"start":{},"end":{}}],"line":59},"13":{"loc":{"start":{"line":64,"column":6},"end":{"line":66,"column":7}},"type":"if","locations":[{"start":{"line":64,"column":6},"end":{"line":66,"column":7}},{"start":{},"end":{}}],"line":64},"14":{"loc":{"start":{"line":75,"column":14},"end":{"line":75,"column":70}},"type":"binary-expr","locations":[{"start":{"line":75,"column":14},"end":{"line":75,"column":31}},{"start":{"line":75,"column":35},"end":{"line":75,"column":70}}],"line":75},"15":{"loc":{"start":{"line":88,"column":14},"end":{"line":88,"column":70}},"type":"binary-expr","locations":[{"start":{"line":88,"column":14},"end":{"line":88,"column":31}},{"start":{"line":88,"column":35},"end":{"line":88,"column":70}}],"line":88},"16":{"loc":{"start":{"line":106,"column":6},"end":{"line":108,"column":7}},"type":"if","locations":[{"start":{"line":106,"column":6},"end":{"line":108,"column":7}},{"start":{},"end":{}}],"line":106},"17":{"loc":{"start":{"line":106,"column":10},"end":{"line":106,"column":55}},"type":"binary-expr","locations":[{"start":{"line":106,"column":10},"end":{"line":106,"column":21}},{"start":{"line":106,"column":25},"end":{"line":106,"column":37}},{"start":{"line":106,"column":41},"end":{"line":106,"column":55}}],"line":106},"18":{"loc":{"start":{"line":123,"column":2},"end":{"line":125,"column":3}},"type":"if","locations":[{"start":{"line":123,"column":2},"end":{"line":125,"column":3}},{"start":{},"end":{}}],"line":123},"19":{"loc":{"start":{"line":130,"column":2},"end":{"line":130,"column":54}},"type":"if","locations":[{"start":{"line":130,"column":2},"end":{"line":130,"column":54}},{"start":{},"end":{}}],"line":130},"20":{"loc":{"start":{"line":175,"column":4},"end":{"line":175,"column":56}},"type":"if","locations":[{"start":{"line":175,"column":4},"end":{"line":175,"column":56}},{"start":{},"end":{}}],"line":175},"21":{"loc":{"start":{"line":177,"column":4},"end":{"line":183,"column":5}},"type":"if","locations":[{"start":{"line":177,"column":4},"end":{"line":183,"column":5}},{"start":{},"end":{}}],"line":177},"22":{"loc":{"start":{"line":178,"column":6},"end":{"line":180,"column":50}},"type":"binary-expr","locations":[{"start":{"line":178,"column":6},"end":{"line":178,"column":25}},{"start":{"line":179,"column":6},"end":{"line":179,"column":33}},{"start":{"line":180,"column":6},"end":{"line":180,"column":50}}],"line":178},"23":{"loc":{"start":{"line":196,"column":2},"end":{"line":198,"column":3}},"type":"if","locations":[{"start":{"line":196,"column":2},"end":{"line":198,"column":3}},{"start":{},"end":{}}],"line":196},"24":{"loc":{"start":{"line":202,"column":2},"end":{"line":202,"column":54}},"type":"if","locations":[{"start":{"line":202,"column":2},"end":{"line":202,"column":54}},{"start":{},"end":{}}],"line":202},"25":{"loc":{"start":{"line":207,"column":2},"end":{"line":207,"column":61}},"type":"if","locations":[{"start":{"line":207,"column":2},"end":{"line":207,"column":61}},{"start":{},"end":{}}],"line":207},"26":{"loc":{"start":{"line":209,"column":2},"end":{"line":211,"column":3}},"type":"if","locations":[{"start":{"line":209,"column":2},"end":{"line":211,"column":3}},{"start":{},"end":{}}],"line":209},"27":{"loc":{"start":{"line":213,"column":2},"end":{"line":215,"column":3}},"type":"if","locations":[{"start":{"line":213,"column":2},"end":{"line":215,"column":3}},{"start":{},"end":{}}],"line":213},"28":{"loc":{"start":{"line":229,"column":11},"end":{"line":229,"column":62}},"type":"binary-expr","locations":[{"start":{"line":229,"column":11},"end":{"line":229,"column":16}},{"start":{"line":229,"column":20},"end":{"line":229,"column":27}},{"start":{"line":229,"column":31},"end":{"line":229,"column":38}},{"start":{"line":229,"column":42},"end":{"line":229,"column":54}},{"start":{"line":229,"column":58},"end":{"line":229,"column":62}}],"line":229}},"s":{"0":11,"1":11,"2":2,"3":9,"4":9,"5":9,"6":1,"7":8,"8":1,"9":7,"10":1,"11":6,"12":1,"13":5,"14":1,"15":4,"16":1,"17":3,"18":3,"19":1,"20":2,"21":2,"22":9,"23":9,"24":3,"25":3,"26":2,"27":1,"28":1,"29":2,"30":2,"31":3,"32":1,"33":2,"34":2,"35":2,"36":1,"37":1,"38":1,"39":1,"40":1,"41":1,"42":1,"43":1,"44":3,"45":3,"46":3,"47":1,"48":2,"49":1,"50":1,"51":1,"52":6,"53":1,"54":5,"55":5,"56":5,"57":1,"58":4,"59":4,"60":4,"61":0,"62":4,"63":2,"64":2,"65":1,"66":1,"67":15,"68":15},"f":{"0":11,"1":3,"2":3,"3":3,"4":6,"5":15},"b":{"0":[2,9],"1":[11,10],"2":[9,5,4,2],"3":[1,8],"4":[1,7],"5":[8,2],"6":[1,6],"7":[7,4],"8":[1,5],"9":[6,1],"10":[1,4],"11":[5,1],"12":[1,3],"13":[1,2],"14":[2,1],"15":[2,1],"16":[1,1],"17":[2,2,1],"18":[1,2],"19":[1,1],"20":[1,2],"21":[1,1],"22":[2,2,2],"23":[1,5],"24":[1,4],"25":[0,4],"26":[2,2],"27":[1,1],"28":[15,7,6,5,4]},"_coverageSchema":"1a1c01bbd47fc00a2c39e90264f33305004495a9","hash":"54aed763136c02628d269ea029bb043cf9986892"}
,"C:\\Users\\USUARIO\\Desktop\\A-C-Soluciones\\Backend\\src\\services\\visita.services.js": {"path":"C:\\Users\\USUARIO\\Desktop\\A-C-Soluciones\\Backend\\src\\services\\visita.services.js","statementMap":{"0":{"start":{"line":7,"column":4},"end":{"line":7,"column":51}},"1":{"start":{"line":8,"column":4},"end":{"line":8,"column":53}},"2":{"start":{"line":9,"column":4},"end":{"line":9,"column":57}},"3":{"start":{"line":13,"column":20},"end":{"line":13,"column":88}},"4":{"start":{"line":14,"column":4},"end":{"line":16,"column":5}},"5":{"start":{"line":15,"column":6},"end":{"line":15,"column":47}},"6":{"start":{"line":17,"column":22},"end":{"line":17,"column":87}},"7":{"start":{"line":18,"column":4},"end":{"line":20,"column":5}},"8":{"start":{"line":19,"column":6},"end":{"line":19,"column":49}},"9":{"start":{"line":21,"column":30},"end":{"line":25,"column":5}},"10":{"start":{"line":26,"column":4},"end":{"line":28,"column":5}},"11":{"start":{"line":27,"column":6},"end":{"line":27,"column":70}},"12":{"start":{"line":29,"column":19},"end":{"line":32,"column":6}},"13":{"start":{"line":33,"column":4},"end":{"line":33,"column":18}},"14":{"start":{"line":36,"column":4},"end":{"line":36,"column":56}},"15":{"start":{"line":39,"column":19},"end":{"line":39,"column":69}},"16":{"start":{"line":40,"column":4},"end":{"line":42,"column":5}},"17":{"start":{"line":41,"column":6},"end":{"line":41,"column":46}},"18":{"start":{"line":43,"column":4},"end":{"line":43,"column":18}},"19":{"start":{"line":45,"column":29},"end":{"line":47,"column":3}},"20":{"start":{"line":46,"column":4},"end":{"line":46,"column":73}},"21":{"start":{"line":49,"column":4},"end":{"line":49,"column":79}},"22":{"start":{"line":52,"column":19},"end":{"line":52,"column":69}},"23":{"start":{"line":53,"column":4},"end":{"line":55,"column":5}},"24":{"start":{"line":54,"column":6},"end":{"line":54,"column":46}},"25":{"start":{"line":56,"column":4},"end":{"line":58,"column":5}},"26":{"start":{"line":57,"column":6},"end":{"line":57,"column":81}},"27":{"start":{"line":59,"column":4},"end":{"line":59,"column":66}},"28":{"start":{"line":62,"column":19},"end":{"line":62,"column":69}},"29":{"start":{"line":63,"column":4},"end":{"line":65,"column":5}},"30":{"start":{"line":64,"column":6},"end":{"line":64,"column":46}},"31":{"start":{"line":66,"column":30},"end":{"line":69,"column":6}},"32":{"start":{"line":70,"column":4},"end":{"line":70,"column":29}},"33":{"start":{"line":73,"column":4},"end":{"line":73,"column":83}},"34":{"start":{"line":77,"column":4},"end":{"line":77,"column":78}},"35":{"start":{"line":80,"column":4},"end":{"line":80,"column":91}}},"fnMap":{"0":{"name":"(anonymous_0)","decl":{"start":{"line":6,"column":2},"end":{"line":6,"column":3}},"loc":{"start":{"line":6,"column":16},"end":{"line":10,"column":3}},"line":6},"1":{"name":"(anonymous_1)","decl":{"start":{"line":12,"column":2},"end":{"line":12,"column":3}},"loc":{"start":{"line":12,"column":26},"end":{"line":34,"column":3}},"line":12},"2":{"name":"(anonymous_2)","decl":{"start":{"line":35,"column":2},"end":{"line":35,"column":3}},"loc":{"start":{"line":35,"column":25},"end":{"line":37,"column":3}},"line":35},"3":{"name":"(anonymous_3)","decl":{"start":{"line":38,"column":2},"end":{"line":38,"column":3}},"loc":{"start":{"line":38,"column":31},"end":{"line":44,"column":3}},"line":38},"4":{"name":"(anonymous_4)","decl":{"start":{"line":45,"column":29},"end":{"line":45,"column":30}},"loc":{"start":{"line":45,"column":50},"end":{"line":47,"column":3}},"line":45},"5":{"name":"(anonymous_5)","decl":{"start":{"line":48,"column":2},"end":{"line":48,"column":3}},"loc":{"start":{"line":48,"column":48},"end":{"line":50,"column":3}},"line":48},"6":{"name":"(anonymous_6)","decl":{"start":{"line":51,"column":2},"end":{"line":51,"column":3}},"loc":{"start":{"line":51,"column":35},"end":{"line":60,"column":3}},"line":51},"7":{"name":"(anonymous_7)","decl":{"start":{"line":61,"column":2},"end":{"line":61,"column":3}},"loc":{"start":{"line":61,"column":35},"end":{"line":71,"column":3}},"line":61},"8":{"name":"(anonymous_8)","decl":{"start":{"line":72,"column":2},"end":{"line":72,"column":3}},"loc":{"start":{"line":72,"column":52},"end":{"line":74,"column":3}},"line":72},"9":{"name":"(anonymous_9)","decl":{"start":{"line":76,"column":2},"end":{"line":76,"column":3}},"loc":{"start":{"line":76,"column":47},"end":{"line":78,"column":3}},"line":76},"10":{"name":"(anonymous_10)","decl":{"start":{"line":79,"column":2},"end":{"line":79,"column":3}},"loc":{"start":{"line":79,"column":60},"end":{"line":81,"column":3}},"line":79}},"branchMap":{"0":{"loc":{"start":{"line":14,"column":4},"end":{"line":16,"column":5}},"type":"if","locations":[{"start":{"line":14,"column":4},"end":{"line":16,"column":5}},{"start":{},"end":{}}],"line":14},"1":{"loc":{"start":{"line":18,"column":4},"end":{"line":20,"column":5}},"type":"if","locations":[{"start":{"line":18,"column":4},"end":{"line":20,"column":5}},{"start":{},"end":{}}],"line":18},"2":{"loc":{"start":{"line":26,"column":4},"end":{"line":28,"column":5}},"type":"if","locations":[{"start":{"line":26,"column":4},"end":{"line":28,"column":5}},{"start":{},"end":{}}],"line":26},"3":{"loc":{"start":{"line":40,"column":4},"end":{"line":42,"column":5}},"type":"if","locations":[{"start":{"line":40,"column":4},"end":{"line":42,"column":5}},{"start":{},"end":{}}],"line":40},"4":{"loc":{"start":{"line":53,"column":4},"end":{"line":55,"column":5}},"type":"if","locations":[{"start":{"line":53,"column":4},"end":{"line":55,"column":5}},{"start":{},"end":{}}],"line":53},"5":{"loc":{"start":{"line":56,"column":4},"end":{"line":58,"column":5}},"type":"if","locations":[{"start":{"line":56,"column":4},"end":{"line":58,"column":5}},{"start":{},"end":{}}],"line":56},"6":{"loc":{"start":{"line":56,"column":8},"end":{"line":56,"column":71}},"type":"binary-expr","locations":[{"start":{"line":56,"column":8},"end":{"line":56,"column":38}},{"start":{"line":56,"column":42},"end":{"line":56,"column":71}}],"line":56},"7":{"loc":{"start":{"line":63,"column":4},"end":{"line":65,"column":5}},"type":"if","locations":[{"start":{"line":63,"column":4},"end":{"line":65,"column":5}},{"start":{},"end":{}}],"line":63}},"s":{"0":14,"1":14,"2":14,"3":2,"4":2,"5":1,"6":1,"7":1,"8":0,"9":1,"10":1,"11":0,"12":1,"13":1,"14":1,"15":2,"16":2,"17":1,"18":1,"19":14,"20":0,"21":1,"22":2,"23":2,"24":0,"25":2,"26":1,"27":1,"28":2,"29":2,"30":1,"31":1,"32":1,"33":1,"34":1,"35":1},"f":{"0":14,"1":2,"2":1,"3":2,"4":0,"5":1,"6":2,"7":2,"8":1,"9":1,"10":1},"b":{"0":[1,1],"1":[0,1],"2":[0,1],"3":[1,1],"4":[0,2],"5":[1,1],"6":[2,1],"7":[1,1]},"_coverageSchema":"1a1c01bbd47fc00a2c39e90264f33305004495a9","hash":"7c7c9c17876c742a18eee8ee43b35f9300a8d823"}
}
